###################### Fold 1 ######################
Training set data amount: 1665
Use CUDA
Model dump location: models/model_state_dict_1.pt
Log dump location: logs/log_1
Optimizer configuration:
AdamW (
Parameter Group 0
    amsgrad: False
    betas: (0.9, 0.999)
    capturable: False
    differentiable: False
    eps: 1e-08
    foreach: None
    fused: None
    lr: 0
    maximize: False
    weight_decay: 0.0001

Parameter Group 1
    amsgrad: False
    betas: (0.9, 0.999)
    capturable: False
    differentiable: False
    eps: 1e-08
    foreach: None
    fused: None
    lr: 0.0001
    maximize: False
    weight_decay: 0.0001
)
Trainer Initialization Finished.
Early stopped on epoch 101
Training finished.
Training loss: 0.7349547743797302, training accuracy: 0.69140625
Highest validation F1: 0.3225062656641604
Fold 1 Network accuracy: 0.5531531531531532
###################### Fold 2 ######################
Training set data amount: 1665
Use CUDA
Model dump location: models/model_state_dict_2.pt
Log dump location: logs/log_2
Optimizer configuration:
AdamW (
Parameter Group 0
    amsgrad: False
    betas: (0.9, 0.999)
    capturable: False
    differentiable: False
    eps: 1e-08
    foreach: None
    fused: None
    lr: 0
    maximize: False
    weight_decay: 0.0001

Parameter Group 1
    amsgrad: False
    betas: (0.9, 0.999)
    capturable: False
    differentiable: False
    eps: 1e-08
    foreach: None
    fused: None
    lr: 0.0001
    maximize: False
    weight_decay: 0.0001
)
Trainer Initialization Finished.
Early stopped on epoch 101
Training finished.
Training loss: 0.6543772220611572, training accuracy: 0.798828125
Highest validation F1: 0.3132163742690059
Fold 2 Network accuracy: 0.4486486486486487
###################### Fold 3 ######################
Training set data amount: 1665
Use CUDA
Model dump location: models/model_state_dict_3.pt
Log dump location: logs/log_3
Optimizer configuration:
AdamW (
Parameter Group 0
    amsgrad: False
    betas: (0.9, 0.999)
    capturable: False
    differentiable: False
    eps: 1e-08
    foreach: None
    fused: None
    lr: 0
    maximize: False
    weight_decay: 0.0001

Parameter Group 1
    amsgrad: False
    betas: (0.9, 0.999)
    capturable: False
    differentiable: False
    eps: 1e-08
    foreach: None
    fused: None
    lr: 0.0001
    maximize: False
    weight_decay: 0.0001
)
Trainer Initialization Finished.
Early stopped on epoch 133
Training finished.
Training loss: 0.5040605068206787, training accuracy: 0.873046875
Highest validation F1: 0.5030556874703346
Fold 3 Network accuracy: 0.4252252252252252
###################### Fold 4 ######################
Training set data amount: 1665
Use CUDA
Model dump location: models/model_state_dict_4.pt
Log dump location: logs/log_4
Optimizer configuration:
AdamW (
Parameter Group 0
    amsgrad: False
    betas: (0.9, 0.999)
    capturable: False
    differentiable: False
    eps: 1e-08
    foreach: None
    fused: None
    lr: 0
    maximize: False
    weight_decay: 0.0001

Parameter Group 1
    amsgrad: False
    betas: (0.9, 0.999)
    capturable: False
    differentiable: False
    eps: 1e-08
    foreach: None
    fused: None
    lr: 0.0001
    maximize: False
    weight_decay: 0.0001
)
Trainer Initialization Finished.
Early stopped on epoch 153
Training finished.
Training loss: 0.8125494718551636, training accuracy: 0.65234375
Highest validation F1: 0.6207909982651207
Fold 4 Network accuracy: 0.5099099099099099
###################### Fold 5 ######################
Training set data amount: 1665
Use CUDA
Model dump location: models/model_state_dict_5.pt
Log dump location: logs/log_5
Optimizer configuration:
AdamW (
Parameter Group 0
    amsgrad: False
    betas: (0.9, 0.999)
    capturable: False
    differentiable: False
    eps: 1e-08
    foreach: None
    fused: None
    lr: 0
    maximize: False
    weight_decay: 0.0001

Parameter Group 1
    amsgrad: False
    betas: (0.9, 0.999)
    capturable: False
    differentiable: False
    eps: 1e-08
    foreach: None
    fused: None
    lr: 0.0001
    maximize: False
    weight_decay: 0.0001
)
Trainer Initialization Finished.
Early stopped on epoch 168
Training finished.
Training loss: 0.5017464756965637, training accuracy: 0.84765625
Highest validation F1: 0.50939231120996
Fold 5 Network accuracy: 0.4900900900900901
###################### Fold 6 ######################
Training set data amount: 1665
Use CUDA
Model dump location: models/model_state_dict_6.pt
Log dump location: logs/log_6
Optimizer configuration:
AdamW (
Parameter Group 0
    amsgrad: False
    betas: (0.9, 0.999)
    capturable: False
    differentiable: False
    eps: 1e-08
    foreach: None
    fused: None
    lr: 0
    maximize: False
    weight_decay: 0.0001

Parameter Group 1
    amsgrad: False
    betas: (0.9, 0.999)
    capturable: False
    differentiable: False
    eps: 1e-08
    foreach: None
    fused: None
    lr: 0.0001
    maximize: False
    weight_decay: 0.0001
)
Trainer Initialization Finished.
Early stopped on epoch 101
Training finished.
Training loss: 0.6254502534866333, training accuracy: 0.80859375
Highest validation F1: 0.4767341856644075
Fold 6 Network accuracy: 0.563963963963964
###################### Fold 7 ######################
Training set data amount: 1665
Use CUDA
Model dump location: models/model_state_dict_7.pt
Log dump location: logs/log_7
Optimizer configuration:
AdamW (
Parameter Group 0
    amsgrad: False
    betas: (0.9, 0.999)
    capturable: False
    differentiable: False
    eps: 1e-08
    foreach: None
    fused: None
    lr: 0
    maximize: False
    weight_decay: 0.0001

Parameter Group 1
    amsgrad: False
    betas: (0.9, 0.999)
    capturable: False
    differentiable: False
    eps: 1e-08
    foreach: None
    fused: None
    lr: 0.0001
    maximize: False
    weight_decay: 0.0001
)
Trainer Initialization Finished.
Early stopped on epoch 243
Training finished.
Training loss: 0.3729420602321625, training accuracy: 0.9296875
Highest validation F1: 0.7075515184709035
Fold 7 Network accuracy: 0.8612612612612612
###################### Fold 8 ######################
Training set data amount: 1665
Use CUDA
Model dump location: models/model_state_dict_8.pt
Log dump location: logs/log_8
Optimizer configuration:
AdamW (
Parameter Group 0
    amsgrad: False
    betas: (0.9, 0.999)
    capturable: False
    differentiable: False
    eps: 1e-08
    foreach: None
    fused: None
    lr: 0
    maximize: False
    weight_decay: 0.0001

Parameter Group 1
    amsgrad: False
    betas: (0.9, 0.999)
    capturable: False
    differentiable: False
    eps: 1e-08
    foreach: None
    fused: None
    lr: 0.0001
    maximize: False
    weight_decay: 0.0001
)
Trainer Initialization Finished.
Early stopped on epoch 146
Training finished.
Training loss: 0.4634842574596405, training accuracy: 0.8671875
Highest validation F1: 0.6197650461587225
Fold 8 Network accuracy: 0.7261261261261261
###################### Fold 9 ######################
Training set data amount: 1665
Use CUDA
Model dump location: models/model_state_dict_9.pt
Log dump location: logs/log_9
Optimizer configuration:
AdamW (
Parameter Group 0
    amsgrad: False
    betas: (0.9, 0.999)
    capturable: False
    differentiable: False
    eps: 1e-08
    foreach: None
    fused: None
    lr: 0
    maximize: False
    weight_decay: 0.0001

Parameter Group 1
    amsgrad: False
    betas: (0.9, 0.999)
    capturable: False
    differentiable: False
    eps: 1e-08
    foreach: None
    fused: None
    lr: 0.0001
    maximize: False
    weight_decay: 0.0001
)
Trainer Initialization Finished.
Early stopped on epoch 203
Training finished.
Training loss: 0.6071112155914307, training accuracy: 0.787109375
Highest validation F1: 0.6548679581839352
Fold 9 Network accuracy: 0.618018018018018
###################### Fold 10 ######################
Training set data amount: 1665
Use CUDA
Model dump location: models/model_state_dict_10.pt
Log dump location: logs/log_10
Optimizer configuration:
AdamW (
Parameter Group 0
    amsgrad: False
    betas: (0.9, 0.999)
    capturable: False
    differentiable: False
    eps: 1e-08
    foreach: None
    fused: None
    lr: 0
    maximize: False
    weight_decay: 0.0001

Parameter Group 1
    amsgrad: False
    betas: (0.9, 0.999)
    capturable: False
    differentiable: False
    eps: 1e-08
    foreach: None
    fused: None
    lr: 0.0001
    maximize: False
    weight_decay: 0.0001
)
Trainer Initialization Finished.
Early stopped on epoch 205
Training finished.
Training loss: 0.5656768679618835, training accuracy: 0.791015625
Highest validation F1: 0.6605653115841122
Fold 10 Network accuracy: 0.37117117117117115
###################### Fold 11 ######################
Training set data amount: 1665
Use CUDA
Model dump location: models/model_state_dict_11.pt
Log dump location: logs/log_11
Optimizer configuration:
AdamW (
Parameter Group 0
    amsgrad: False
    betas: (0.9, 0.999)
    capturable: False
    differentiable: False
    eps: 1e-08
    foreach: None
    fused: None
    lr: 0
    maximize: False
    weight_decay: 0.0001

Parameter Group 1
    amsgrad: False
    betas: (0.9, 0.999)
    capturable: False
    differentiable: False
    eps: 1e-08
    foreach: None
    fused: None
    lr: 0.0001
    maximize: False
    weight_decay: 0.0001
)
Trainer Initialization Finished.
Training finished.
Training loss: 0.5721791386604309, training accuracy: 0.8046875
Highest validation F1: 0.7560891565094146
Fold 11 Network accuracy: 0.7045045045045045
###################### Fold 12 ######################
Training set data amount: 1665
Use CUDA
Model dump location: models/model_state_dict_12.pt
Log dump location: logs/log_12
Optimizer configuration:
AdamW (
Parameter Group 0
    amsgrad: False
    betas: (0.9, 0.999)
    capturable: False
    differentiable: False
    eps: 1e-08
    foreach: None
    fused: None
    lr: 0
    maximize: False
    weight_decay: 0.0001

Parameter Group 1
    amsgrad: False
    betas: (0.9, 0.999)
    capturable: False
    differentiable: False
    eps: 1e-08
    foreach: None
    fused: None
    lr: 0.0001
    maximize: False
    weight_decay: 0.0001
)
Trainer Initialization Finished.
Early stopped on epoch 101
Training finished.
Training loss: 0.7316686511039734, training accuracy: 0.732421875
Highest validation F1: 0.21219157361286406
Fold 12 Network accuracy: 0.3441441441441441
###################### Fold 13 ######################
Training set data amount: 1665
Use CUDA
Model dump location: models/model_state_dict_13.pt
Log dump location: logs/log_13
Optimizer configuration:
AdamW (
Parameter Group 0
    amsgrad: False
    betas: (0.9, 0.999)
    capturable: False
    differentiable: False
    eps: 1e-08
    foreach: None
    fused: None
    lr: 0
    maximize: False
    weight_decay: 0.0001

Parameter Group 1
    amsgrad: False
    betas: (0.9, 0.999)
    capturable: False
    differentiable: False
    eps: 1e-08
    foreach: None
    fused: None
    lr: 0.0001
    maximize: False
    weight_decay: 0.0001
)
Trainer Initialization Finished.
Training finished.
Training loss: 0.3781454265117645, training accuracy: 0.90625
Highest validation F1: 0.7180295729402872
Fold 13 Network accuracy: 0.6936936936936937
###################### Fold 14 ######################
Training set data amount: 1665
Use CUDA
Model dump location: models/model_state_dict_14.pt
Log dump location: logs/log_14
Optimizer configuration:
AdamW (
Parameter Group 0
    amsgrad: False
    betas: (0.9, 0.999)
    capturable: False
    differentiable: False
    eps: 1e-08
    foreach: None
    fused: None
    lr: 0
    maximize: False
    weight_decay: 0.0001

Parameter Group 1
    amsgrad: False
    betas: (0.9, 0.999)
    capturable: False
    differentiable: False
    eps: 1e-08
    foreach: None
    fused: None
    lr: 0.0001
    maximize: False
    weight_decay: 0.0001
)
Trainer Initialization Finished.
Early stopped on epoch 262
Training finished.
Training loss: 0.6615142822265625, training accuracy: 0.744140625
Highest validation F1: 0.5401048298107122
Fold 14 Network accuracy: 0.5243243243243243
###################### Fold 15 ######################
Training set data amount: 1665
Use CUDA
Model dump location: models/model_state_dict_15.pt
Log dump location: logs/log_15
Optimizer configuration:
AdamW (
Parameter Group 0
    amsgrad: False
    betas: (0.9, 0.999)
    capturable: False
    differentiable: False
    eps: 1e-08
    foreach: None
    fused: None
    lr: 0
    maximize: False
    weight_decay: 0.0001

Parameter Group 1
    amsgrad: False
    betas: (0.9, 0.999)
    capturable: False
    differentiable: False
    eps: 1e-08
    foreach: None
    fused: None
    lr: 0.0001
    maximize: False
    weight_decay: 0.0001
)
Trainer Initialization Finished.
Training finished.
Training loss: 0.2709178030490875, training accuracy: 0.97265625
Highest validation F1: 0.9124707432840254
Fold 15 Network accuracy: 0.7603603603603604
Full Record:
[{'accuracy': 0.5531531531531532, 'precision': 0.7225783475783476, 'recall': 0.5531531531531532, 'f1': 0.4467085144052792, 'loss': 1.0590557081205352}, {'accuracy': 0.4486486486486487, 'precision': 0.63624043715847, 'recall': 0.4486486486486487, 'f1': 0.36079443271561495, 'loss': 1.0859072045162992}, {'accuracy': 0.4252252252252252, 'precision': 0.44836390596624515, 'recall': 0.4252252252252252, 'f1': 0.40979382202186015, 'loss': 1.0422444223283647}, {'accuracy': 0.5099099099099099, 'precision': 0.4779675523883712, 'recall': 0.5099099099099099, 'f1': 0.48013579034999165, 'loss': 0.9727602840543867}, {'accuracy': 0.4900900900900901, 'precision': 0.4357937998421382, 'recall': 0.4900900900900901, 'f1': 0.44372279256000186, 'loss': 1.1746638426909575}, {'accuracy': 0.563963963963964, 'precision': 0.7111203506401261, 'recall': 0.563963963963964, 'f1': 0.4524152420853128, 'loss': 1.0429740480474523}, {'accuracy': 0.8612612612612612, 'precision': 0.8632096883179043, 'recall': 0.8612612612612612, 'f1': 0.8617804358729148, 'loss': 0.5555716699308103}, {'accuracy': 0.7261261261261261, 'precision': 0.7231210015544779, 'recall': 0.7261261261261261, 'f1': 0.7185151048279123, 'loss': 0.7680634313875491}, {'accuracy': 0.618018018018018, 'precision': 0.5570766140941579, 'recall': 0.618018018018018, 'f1': 0.5439439754006818, 'loss': 0.821713636157749}, {'accuracy': 0.37117117117117115, 'precision': 0.3119292825909555, 'recall': 0.37117117117117115, 'f1': 0.31804055249031327, 'loss': 1.479510541219969}, {'accuracy': 0.7045045045045045, 'precision': 0.721215643255108, 'recall': 0.7045045045045045, 'f1': 0.6929019579012775, 'loss': 0.7240345759434743}, {'accuracy': 0.3441441441441441, 'precision': 0.5610502876229356, 'recall': 0.3441441441441441, 'f1': 0.2727498202618996, 'loss': 1.0972445354805336}, {'accuracy': 0.6936936936936937, 'precision': 0.6956489009334538, 'recall': 0.6936936936936937, 'f1': 0.6837397847372909, 'loss': 0.7675693513036849}, {'accuracy': 0.5243243243243243, 'precision': 0.5719168268390704, 'recall': 0.5243243243243243, 'f1': 0.5363395762797015, 'loss': 0.9780396130707887}, {'accuracy': 0.7603603603603604, 'precision': 0.860587002096436, 'recall': 0.7603603603603604, 'f1': 0.724801682171388, 'loss': 0.6999407287116524}]
For accuracy: 57.3$\pm$4.78 %
For precision: 61.99$\pm$5.01 %
For recall: 57.3$\pm$4.78 %
For f1: 52.98$\pm$5.42 %
