###################### Fold 1 ######################
Training set data amount: 960
Use CUDA
Model dump location: models/model_state_dict_1.pt
Log dump location: logs/log_1
Optimizer configuration:
AdamW (
Parameter Group 0
    amsgrad: False
    betas: (0.9, 0.999)
    capturable: False
    differentiable: False
    eps: 1e-08
    foreach: None
    fused: None
    lr: 0
    maximize: False
    weight_decay: 0.0001

Parameter Group 1
    amsgrad: False
    betas: (0.9, 0.999)
    capturable: False
    differentiable: False
    eps: 1e-08
    foreach: None
    fused: None
    lr: 0.0001
    maximize: False
    weight_decay: 0.0001
)
Trainer Initialization Finished.
Training finished.
Training loss: 0.5282812118530273, training accuracy: 0.86328125
Highest validation F1: 0.7301587301587301
Fold 1 Network accuracy: 0.53125
###################### Fold 2 ######################
Training set data amount: 960
Use CUDA
Model dump location: models/model_state_dict_2.pt
Log dump location: logs/log_2
Optimizer configuration:
AdamW (
Parameter Group 0
    amsgrad: False
    betas: (0.9, 0.999)
    capturable: False
    differentiable: False
    eps: 1e-08
    foreach: None
    fused: None
    lr: 0
    maximize: False
    weight_decay: 0.0001

Parameter Group 1
    amsgrad: False
    betas: (0.9, 0.999)
    capturable: False
    differentiable: False
    eps: 1e-08
    foreach: None
    fused: None
    lr: 0.0001
    maximize: False
    weight_decay: 0.0001
)
Trainer Initialization Finished.
Early stopped on epoch 226
Training finished.
Training loss: 0.750476062297821, training accuracy: 0.7734375
Highest validation F1: 0.5520361990950227
Fold 2 Network accuracy: 0.5125
###################### Fold 3 ######################
Training set data amount: 960
Use CUDA
Model dump location: models/model_state_dict_3.pt
Log dump location: logs/log_3
Optimizer configuration:
AdamW (
Parameter Group 0
    amsgrad: False
    betas: (0.9, 0.999)
    capturable: False
    differentiable: False
    eps: 1e-08
    foreach: None
    fused: None
    lr: 0
    maximize: False
    weight_decay: 0.0001

Parameter Group 1
    amsgrad: False
    betas: (0.9, 0.999)
    capturable: False
    differentiable: False
    eps: 1e-08
    foreach: None
    fused: None
    lr: 0.0001
    maximize: False
    weight_decay: 0.0001
)
Trainer Initialization Finished.
Early stopped on epoch 101
Training finished.
Training loss: 0.8849313259124756, training accuracy: 0.71484375
Highest validation F1: 1.0
Fold 3 Network accuracy: 1.0
###################### Fold 4 ######################
Training set data amount: 960
Use CUDA
Model dump location: models/model_state_dict_4.pt
Log dump location: logs/log_4
Optimizer configuration:
AdamW (
Parameter Group 0
    amsgrad: False
    betas: (0.9, 0.999)
    capturable: False
    differentiable: False
    eps: 1e-08
    foreach: None
    fused: None
    lr: 0
    maximize: False
    weight_decay: 0.0001

Parameter Group 1
    amsgrad: False
    betas: (0.9, 0.999)
    capturable: False
    differentiable: False
    eps: 1e-08
    foreach: None
    fused: None
    lr: 0.0001
    maximize: False
    weight_decay: 0.0001
)
Trainer Initialization Finished.
Early stopped on epoch 101
Training finished.
Training loss: 0.9063116908073425, training accuracy: 0.6640625
Highest validation F1: 0.662217826627786
Fold 4 Network accuracy: 0.525
###################### Fold 5 ######################
Training set data amount: 960
Use CUDA
Model dump location: models/model_state_dict_5.pt
Log dump location: logs/log_5
Optimizer configuration:
AdamW (
Parameter Group 0
    amsgrad: False
    betas: (0.9, 0.999)
    capturable: False
    differentiable: False
    eps: 1e-08
    foreach: None
    fused: None
    lr: 0
    maximize: False
    weight_decay: 0.0001

Parameter Group 1
    amsgrad: False
    betas: (0.9, 0.999)
    capturable: False
    differentiable: False
    eps: 1e-08
    foreach: None
    fused: None
    lr: 0.0001
    maximize: False
    weight_decay: 0.0001
)
Trainer Initialization Finished.
Training finished.
Training loss: 0.6846457123756409, training accuracy: 0.779296875
Highest validation F1: 0.6610878661087866
Fold 5 Network accuracy: 0.36875
###################### Fold 6 ######################
Training set data amount: 960
Use CUDA
Model dump location: models/model_state_dict_6.pt
Log dump location: logs/log_6
Optimizer configuration:
AdamW (
Parameter Group 0
    amsgrad: False
    betas: (0.9, 0.999)
    capturable: False
    differentiable: False
    eps: 1e-08
    foreach: None
    fused: None
    lr: 0
    maximize: False
    weight_decay: 0.0001

Parameter Group 1
    amsgrad: False
    betas: (0.9, 0.999)
    capturable: False
    differentiable: False
    eps: 1e-08
    foreach: None
    fused: None
    lr: 0.0001
    maximize: False
    weight_decay: 0.0001
)
Trainer Initialization Finished.
Early stopped on epoch 123
Training finished.
Training loss: 0.8985444903373718, training accuracy: 0.66015625
Highest validation F1: 0.5227534562211982
Fold 6 Network accuracy: 0.584375
###################### Fold 7 ######################
Training set data amount: 960
Use CUDA
Model dump location: models/model_state_dict_7.pt
Log dump location: logs/log_7
Optimizer configuration:
AdamW (
Parameter Group 0
    amsgrad: False
    betas: (0.9, 0.999)
    capturable: False
    differentiable: False
    eps: 1e-08
    foreach: None
    fused: None
    lr: 0
    maximize: False
    weight_decay: 0.0001

Parameter Group 1
    amsgrad: False
    betas: (0.9, 0.999)
    capturable: False
    differentiable: False
    eps: 1e-08
    foreach: None
    fused: None
    lr: 0.0001
    maximize: False
    weight_decay: 0.0001
)
Trainer Initialization Finished.
Training finished.
Training loss: 0.5347312688827515, training accuracy: 0.87890625
Highest validation F1: 0.8830715532286213
Fold 7 Network accuracy: 0.490625
###################### Fold 8 ######################
Training set data amount: 960
Use CUDA
Model dump location: models/model_state_dict_8.pt
Log dump location: logs/log_8
Optimizer configuration:
AdamW (
Parameter Group 0
    amsgrad: False
    betas: (0.9, 0.999)
    capturable: False
    differentiable: False
    eps: 1e-08
    foreach: None
    fused: None
    lr: 0
    maximize: False
    weight_decay: 0.0001

Parameter Group 1
    amsgrad: False
    betas: (0.9, 0.999)
    capturable: False
    differentiable: False
    eps: 1e-08
    foreach: None
    fused: None
    lr: 0.0001
    maximize: False
    weight_decay: 0.0001
)
Trainer Initialization Finished.
Training finished.
Training loss: 0.5964905023574829, training accuracy: 0.845703125
Highest validation F1: 0.766859344894027
Fold 8 Network accuracy: 0.7
###################### Fold 9 ######################
Training set data amount: 960
Use CUDA
Model dump location: models/model_state_dict_9.pt
Log dump location: logs/log_9
Optimizer configuration:
AdamW (
Parameter Group 0
    amsgrad: False
    betas: (0.9, 0.999)
    capturable: False
    differentiable: False
    eps: 1e-08
    foreach: None
    fused: None
    lr: 0
    maximize: False
    weight_decay: 0.0001

Parameter Group 1
    amsgrad: False
    betas: (0.9, 0.999)
    capturable: False
    differentiable: False
    eps: 1e-08
    foreach: None
    fused: None
    lr: 0.0001
    maximize: False
    weight_decay: 0.0001
)
Trainer Initialization Finished.
Training finished.
Training loss: 0.5495604872703552, training accuracy: 0.84765625
Highest validation F1: 0.7070707070707071
Fold 9 Network accuracy: 0.746875
###################### Fold 10 ######################
Training set data amount: 960
Use CUDA
Model dump location: models/model_state_dict_10.pt
Log dump location: logs/log_10
Optimizer configuration:
AdamW (
Parameter Group 0
    amsgrad: False
    betas: (0.9, 0.999)
    capturable: False
    differentiable: False
    eps: 1e-08
    foreach: None
    fused: None
    lr: 0
    maximize: False
    weight_decay: 0.0001

Parameter Group 1
    amsgrad: False
    betas: (0.9, 0.999)
    capturable: False
    differentiable: False
    eps: 1e-08
    foreach: None
    fused: None
    lr: 0.0001
    maximize: False
    weight_decay: 0.0001
)
Trainer Initialization Finished.
Training finished.
Training loss: 0.5868130922317505, training accuracy: 0.82421875
Highest validation F1: 0.6979396593787031
Fold 10 Network accuracy: 0.640625
###################### Fold 11 ######################
Training set data amount: 960
Use CUDA
Model dump location: models/model_state_dict_11.pt
Log dump location: logs/log_11
Optimizer configuration:
AdamW (
Parameter Group 0
    amsgrad: False
    betas: (0.9, 0.999)
    capturable: False
    differentiable: False
    eps: 1e-08
    foreach: None
    fused: None
    lr: 0
    maximize: False
    weight_decay: 0.0001

Parameter Group 1
    amsgrad: False
    betas: (0.9, 0.999)
    capturable: False
    differentiable: False
    eps: 1e-08
    foreach: None
    fused: None
    lr: 0.0001
    maximize: False
    weight_decay: 0.0001
)
Trainer Initialization Finished.
Early stopped on epoch 101
Training finished.
Training loss: 0.9128773212432861, training accuracy: 0.673828125
Highest validation F1: 0.693061224489796
Fold 11 Network accuracy: 0.515625
###################### Fold 12 ######################
Training set data amount: 960
Use CUDA
Model dump location: models/model_state_dict_12.pt
Log dump location: logs/log_12
Optimizer configuration:
AdamW (
Parameter Group 0
    amsgrad: False
    betas: (0.9, 0.999)
    capturable: False
    differentiable: False
    eps: 1e-08
    foreach: None
    fused: None
    lr: 0
    maximize: False
    weight_decay: 0.0001

Parameter Group 1
    amsgrad: False
    betas: (0.9, 0.999)
    capturable: False
    differentiable: False
    eps: 1e-08
    foreach: None
    fused: None
    lr: 0.0001
    maximize: False
    weight_decay: 0.0001
)
Trainer Initialization Finished.
Early stopped on epoch 188
Training finished.
Training loss: 0.8809747695922852, training accuracy: 0.712890625
Highest validation F1: 0.6638830897703549
Fold 12 Network accuracy: 0.4125
###################### Fold 13 ######################
Training set data amount: 960
Use CUDA
Model dump location: models/model_state_dict_13.pt
Log dump location: logs/log_13
Optimizer configuration:
AdamW (
Parameter Group 0
    amsgrad: False
    betas: (0.9, 0.999)
    capturable: False
    differentiable: False
    eps: 1e-08
    foreach: None
    fused: None
    lr: 0
    maximize: False
    weight_decay: 0.0001

Parameter Group 1
    amsgrad: False
    betas: (0.9, 0.999)
    capturable: False
    differentiable: False
    eps: 1e-08
    foreach: None
    fused: None
    lr: 0.0001
    maximize: False
    weight_decay: 0.0001
)
Trainer Initialization Finished.
Training finished.
Training loss: 0.6103365421295166, training accuracy: 0.8671875
Highest validation F1: 0.8612099644128113
Fold 13 Network accuracy: 0.753125
###################### Fold 14 ######################
Training set data amount: 960
Use CUDA
Model dump location: models/model_state_dict_14.pt
Log dump location: logs/log_14
Optimizer configuration:
AdamW (
Parameter Group 0
    amsgrad: False
    betas: (0.9, 0.999)
    capturable: False
    differentiable: False
    eps: 1e-08
    foreach: None
    fused: None
    lr: 0
    maximize: False
    weight_decay: 0.0001

Parameter Group 1
    amsgrad: False
    betas: (0.9, 0.999)
    capturable: False
    differentiable: False
    eps: 1e-08
    foreach: None
    fused: None
    lr: 0.0001
    maximize: False
    weight_decay: 0.0001
)
Trainer Initialization Finished.
Training finished.
Training loss: 0.6735591292381287, training accuracy: 0.7890625
Highest validation F1: 0.47619047619047616
Fold 14 Network accuracy: 0.465625
###################### Fold 15 ######################
Training set data amount: 960
Use CUDA
Model dump location: models/model_state_dict_15.pt
Log dump location: logs/log_15
Optimizer configuration:
AdamW (
Parameter Group 0
    amsgrad: False
    betas: (0.9, 0.999)
    capturable: False
    differentiable: False
    eps: 1e-08
    foreach: None
    fused: None
    lr: 0
    maximize: False
    weight_decay: 0.0001

Parameter Group 1
    amsgrad: False
    betas: (0.9, 0.999)
    capturable: False
    differentiable: False
    eps: 1e-08
    foreach: None
    fused: None
    lr: 0.0001
    maximize: False
    weight_decay: 0.0001
)
Trainer Initialization Finished.
Training finished.
Training loss: 0.5272318720817566, training accuracy: 0.857421875
Highest validation F1: 0.5536923220915358
Fold 15 Network accuracy: 0.575
###################### Fold 16 ######################
Training set data amount: 960
Use CUDA
Model dump location: models/model_state_dict_16.pt
Log dump location: logs/log_16
Optimizer configuration:
AdamW (
Parameter Group 0
    amsgrad: False
    betas: (0.9, 0.999)
    capturable: False
    differentiable: False
    eps: 1e-08
    foreach: None
    fused: None
    lr: 0
    maximize: False
    weight_decay: 0.0001

Parameter Group 1
    amsgrad: False
    betas: (0.9, 0.999)
    capturable: False
    differentiable: False
    eps: 1e-08
    foreach: None
    fused: None
    lr: 0.0001
    maximize: False
    weight_decay: 0.0001
)
Trainer Initialization Finished.
Early stopped on epoch 101
Training finished.
Training loss: 0.7945467829704285, training accuracy: 0.73828125
Highest validation F1: 0.6190986358117276
Fold 16 Network accuracy: 0.596875
###################### Fold 17 ######################
Training set data amount: 960
Use CUDA
Model dump location: models/model_state_dict_17.pt
Log dump location: logs/log_17
Optimizer configuration:
AdamW (
Parameter Group 0
    amsgrad: False
    betas: (0.9, 0.999)
    capturable: False
    differentiable: False
    eps: 1e-08
    foreach: None
    fused: None
    lr: 0
    maximize: False
    weight_decay: 0.0001

Parameter Group 1
    amsgrad: False
    betas: (0.9, 0.999)
    capturable: False
    differentiable: False
    eps: 1e-08
    foreach: None
    fused: None
    lr: 0.0001
    maximize: False
    weight_decay: 0.0001
)
Trainer Initialization Finished.
Early stopped on epoch 160
Training finished.
Training loss: 0.8097129464149475, training accuracy: 0.748046875
Highest validation F1: 0.8652482269503545
Fold 17 Network accuracy: 0.496875
###################### Fold 18 ######################
Training set data amount: 960
Use CUDA
Model dump location: models/model_state_dict_18.pt
Log dump location: logs/log_18
Optimizer configuration:
AdamW (
Parameter Group 0
    amsgrad: False
    betas: (0.9, 0.999)
    capturable: False
    differentiable: False
    eps: 1e-08
    foreach: None
    fused: None
    lr: 0
    maximize: False
    weight_decay: 0.0001

Parameter Group 1
    amsgrad: False
    betas: (0.9, 0.999)
    capturable: False
    differentiable: False
    eps: 1e-08
    foreach: None
    fused: None
    lr: 0.0001
    maximize: False
    weight_decay: 0.0001
)
Trainer Initialization Finished.
Training finished.
Training loss: 0.5619494318962097, training accuracy: 0.884765625
Highest validation F1: 0.6721991701244814
Fold 18 Network accuracy: 0.565625
###################### Fold 19 ######################
Training set data amount: 960
Use CUDA
Model dump location: models/model_state_dict_19.pt
Log dump location: logs/log_19
Optimizer configuration:
AdamW (
Parameter Group 0
    amsgrad: False
    betas: (0.9, 0.999)
    capturable: False
    differentiable: False
    eps: 1e-08
    foreach: None
    fused: None
    lr: 0
    maximize: False
    weight_decay: 0.0001

Parameter Group 1
    amsgrad: False
    betas: (0.9, 0.999)
    capturable: False
    differentiable: False
    eps: 1e-08
    foreach: None
    fused: None
    lr: 0.0001
    maximize: False
    weight_decay: 0.0001
)
Trainer Initialization Finished.
Training finished.
Training loss: 0.5839530229568481, training accuracy: 0.85546875
Highest validation F1: 0.6382978723404256
Fold 19 Network accuracy: 0.571875
###################### Fold 20 ######################
Training set data amount: 960
Use CUDA
Model dump location: models/model_state_dict_20.pt
Log dump location: logs/log_20
Optimizer configuration:
AdamW (
Parameter Group 0
    amsgrad: False
    betas: (0.9, 0.999)
    capturable: False
    differentiable: False
    eps: 1e-08
    foreach: None
    fused: None
    lr: 0
    maximize: False
    weight_decay: 0.0001

Parameter Group 1
    amsgrad: False
    betas: (0.9, 0.999)
    capturable: False
    differentiable: False
    eps: 1e-08
    foreach: None
    fused: None
    lr: 0.0001
    maximize: False
    weight_decay: 0.0001
)
Trainer Initialization Finished.
Training finished.
Training loss: 0.7688314914703369, training accuracy: 0.869140625
Highest validation F1: 0.8692579505300353
Fold 20 Network accuracy: 0.7125
###################### Fold 21 ######################
Training set data amount: 960
Use CUDA
Model dump location: models/model_state_dict_21.pt
Log dump location: logs/log_21
Optimizer configuration:
AdamW (
Parameter Group 0
    amsgrad: False
    betas: (0.9, 0.999)
    capturable: False
    differentiable: False
    eps: 1e-08
    foreach: None
    fused: None
    lr: 0
    maximize: False
    weight_decay: 0.0001

Parameter Group 1
    amsgrad: False
    betas: (0.9, 0.999)
    capturable: False
    differentiable: False
    eps: 1e-08
    foreach: None
    fused: None
    lr: 0.0001
    maximize: False
    weight_decay: 0.0001
)
Trainer Initialization Finished.
Training finished.
Training loss: 0.6929569244384766, training accuracy: 0.80078125
Highest validation F1: 0.73767258382643
Fold 21 Network accuracy: 0.528125
###################### Fold 22 ######################
Training set data amount: 960
Use CUDA
Model dump location: models/model_state_dict_22.pt
Log dump location: logs/log_22
Optimizer configuration:
AdamW (
Parameter Group 0
    amsgrad: False
    betas: (0.9, 0.999)
    capturable: False
    differentiable: False
    eps: 1e-08
    foreach: None
    fused: None
    lr: 0
    maximize: False
    weight_decay: 0.0001

Parameter Group 1
    amsgrad: False
    betas: (0.9, 0.999)
    capturable: False
    differentiable: False
    eps: 1e-08
    foreach: None
    fused: None
    lr: 0.0001
    maximize: False
    weight_decay: 0.0001
)
Trainer Initialization Finished.
Training finished.
Training loss: 0.7544355392456055, training accuracy: 0.728515625
Highest validation F1: 0.6526315789473685
Fold 22 Network accuracy: 0.384375
###################### Fold 23 ######################
Training set data amount: 960
Use CUDA
Model dump location: models/model_state_dict_23.pt
Log dump location: logs/log_23
Optimizer configuration:
AdamW (
Parameter Group 0
    amsgrad: False
    betas: (0.9, 0.999)
    capturable: False
    differentiable: False
    eps: 1e-08
    foreach: None
    fused: None
    lr: 0
    maximize: False
    weight_decay: 0.0001

Parameter Group 1
    amsgrad: False
    betas: (0.9, 0.999)
    capturable: False
    differentiable: False
    eps: 1e-08
    foreach: None
    fused: None
    lr: 0.0001
    maximize: False
    weight_decay: 0.0001
)
Trainer Initialization Finished.
Early stopped on epoch 101
Training finished.
Training loss: 0.8960545659065247, training accuracy: 0.697265625
Highest validation F1: 1.0
Fold 23 Network accuracy: 0.5
###################### Fold 24 ######################
Training set data amount: 960
Use CUDA
Model dump location: models/model_state_dict_24.pt
Log dump location: logs/log_24
Optimizer configuration:
AdamW (
Parameter Group 0
    amsgrad: False
    betas: (0.9, 0.999)
    capturable: False
    differentiable: False
    eps: 1e-08
    foreach: None
    fused: None
    lr: 0
    maximize: False
    weight_decay: 0.0001

Parameter Group 1
    amsgrad: False
    betas: (0.9, 0.999)
    capturable: False
    differentiable: False
    eps: 1e-08
    foreach: None
    fused: None
    lr: 0.0001
    maximize: False
    weight_decay: 0.0001
)
Trainer Initialization Finished.
Training finished.
Training loss: 0.7066218852996826, training accuracy: 0.84375
Highest validation F1: 0.799249530956848
Fold 24 Network accuracy: 0.7
###################### Fold 25 ######################
Training set data amount: 960
Use CUDA
Model dump location: models/model_state_dict_25.pt
Log dump location: logs/log_25
Optimizer configuration:
AdamW (
Parameter Group 0
    amsgrad: False
    betas: (0.9, 0.999)
    capturable: False
    differentiable: False
    eps: 1e-08
    foreach: None
    fused: None
    lr: 0
    maximize: False
    weight_decay: 0.0001

Parameter Group 1
    amsgrad: False
    betas: (0.9, 0.999)
    capturable: False
    differentiable: False
    eps: 1e-08
    foreach: None
    fused: None
    lr: 0.0001
    maximize: False
    weight_decay: 0.0001
)
Trainer Initialization Finished.
Early stopped on epoch 264
Training finished.
Training loss: 0.8315032124519348, training accuracy: 0.71484375
Highest validation F1: 0.5682326621923938
Fold 25 Network accuracy: 0.4875
###################### Fold 26 ######################
Training set data amount: 960
Use CUDA
Model dump location: models/model_state_dict_26.pt
Log dump location: logs/log_26
Optimizer configuration:
AdamW (
Parameter Group 0
    amsgrad: False
    betas: (0.9, 0.999)
    capturable: False
    differentiable: False
    eps: 1e-08
    foreach: None
    fused: None
    lr: 0
    maximize: False
    weight_decay: 0.0001

Parameter Group 1
    amsgrad: False
    betas: (0.9, 0.999)
    capturable: False
    differentiable: False
    eps: 1e-08
    foreach: None
    fused: None
    lr: 0.0001
    maximize: False
    weight_decay: 0.0001
)
Trainer Initialization Finished.
Early stopped on epoch 105
Training finished.
Training loss: 0.9314946532249451, training accuracy: 0.669921875
Highest validation F1: 0.5460356445620002
Fold 26 Network accuracy: 0.503125
###################### Fold 27 ######################
Training set data amount: 960
Use CUDA
Model dump location: models/model_state_dict_27.pt
Log dump location: logs/log_27
Optimizer configuration:
AdamW (
Parameter Group 0
    amsgrad: False
    betas: (0.9, 0.999)
    capturable: False
    differentiable: False
    eps: 1e-08
    foreach: None
    fused: None
    lr: 0
    maximize: False
    weight_decay: 0.0001

Parameter Group 1
    amsgrad: False
    betas: (0.9, 0.999)
    capturable: False
    differentiable: False
    eps: 1e-08
    foreach: None
    fused: None
    lr: 0.0001
    maximize: False
    weight_decay: 0.0001
)
Trainer Initialization Finished.
Early stopped on epoch 275
Training finished.
Training loss: 0.6266844272613525, training accuracy: 0.833984375
Highest validation F1: 0.799249530956848
Fold 27 Network accuracy: 0.584375
###################### Fold 28 ######################
Training set data amount: 960
Use CUDA
Model dump location: models/model_state_dict_28.pt
Log dump location: logs/log_28
Optimizer configuration:
AdamW (
Parameter Group 0
    amsgrad: False
    betas: (0.9, 0.999)
    capturable: False
    differentiable: False
    eps: 1e-08
    foreach: None
    fused: None
    lr: 0
    maximize: False
    weight_decay: 0.0001

Parameter Group 1
    amsgrad: False
    betas: (0.9, 0.999)
    capturable: False
    differentiable: False
    eps: 1e-08
    foreach: None
    fused: None
    lr: 0.0001
    maximize: False
    weight_decay: 0.0001
)
Trainer Initialization Finished.
Early stopped on epoch 191
Training finished.
Training loss: 0.8936449289321899, training accuracy: 0.677734375
Highest validation F1: 0.5103144004133708
Fold 28 Network accuracy: 0.484375
###################### Fold 29 ######################
Training set data amount: 960
Use CUDA
Model dump location: models/model_state_dict_29.pt
Log dump location: logs/log_29
Optimizer configuration:
AdamW (
Parameter Group 0
    amsgrad: False
    betas: (0.9, 0.999)
    capturable: False
    differentiable: False
    eps: 1e-08
    foreach: None
    fused: None
    lr: 0
    maximize: False
    weight_decay: 0.0001

Parameter Group 1
    amsgrad: False
    betas: (0.9, 0.999)
    capturable: False
    differentiable: False
    eps: 1e-08
    foreach: None
    fused: None
    lr: 0.0001
    maximize: False
    weight_decay: 0.0001
)
Trainer Initialization Finished.
Training finished.
Training loss: 0.5566001534461975, training accuracy: 0.859375
Highest validation F1: 0.6324786324786325
Fold 29 Network accuracy: 0.5375
###################### Fold 30 ######################
Training set data amount: 960
Use CUDA
Model dump location: models/model_state_dict_30.pt
Log dump location: logs/log_30
Optimizer configuration:
AdamW (
Parameter Group 0
    amsgrad: False
    betas: (0.9, 0.999)
    capturable: False
    differentiable: False
    eps: 1e-08
    foreach: None
    fused: None
    lr: 0
    maximize: False
    weight_decay: 0.0001

Parameter Group 1
    amsgrad: False
    betas: (0.9, 0.999)
    capturable: False
    differentiable: False
    eps: 1e-08
    foreach: None
    fused: None
    lr: 0.0001
    maximize: False
    weight_decay: 0.0001
)
Trainer Initialization Finished.
Early stopped on epoch 269
Training finished.
Training loss: 0.6717806458473206, training accuracy: 0.802734375
Highest validation F1: 0.5287356321839081
Fold 30 Network accuracy: 0.49375
###################### Fold 31 ######################
Training set data amount: 960
Use CUDA
Model dump location: models/model_state_dict_31.pt
Log dump location: logs/log_31
Optimizer configuration:
AdamW (
Parameter Group 0
    amsgrad: False
    betas: (0.9, 0.999)
    capturable: False
    differentiable: False
    eps: 1e-08
    foreach: None
    fused: None
    lr: 0
    maximize: False
    weight_decay: 0.0001

Parameter Group 1
    amsgrad: False
    betas: (0.9, 0.999)
    capturable: False
    differentiable: False
    eps: 1e-08
    foreach: None
    fused: None
    lr: 0.0001
    maximize: False
    weight_decay: 0.0001
)
Trainer Initialization Finished.
Early stopped on epoch 171
Training finished.
Training loss: 0.8309095501899719, training accuracy: 0.732421875
Highest validation F1: 0.5650442477876106
Fold 31 Network accuracy: 0.525
###################### Fold 32 ######################
Training set data amount: 960
Use CUDA
Model dump location: models/model_state_dict_32.pt
Log dump location: logs/log_32
Optimizer configuration:
AdamW (
Parameter Group 0
    amsgrad: False
    betas: (0.9, 0.999)
    capturable: False
    differentiable: False
    eps: 1e-08
    foreach: None
    fused: None
    lr: 0
    maximize: False
    weight_decay: 0.0001

Parameter Group 1
    amsgrad: False
    betas: (0.9, 0.999)
    capturable: False
    differentiable: False
    eps: 1e-08
    foreach: None
    fused: None
    lr: 0.0001
    maximize: False
    weight_decay: 0.0001
)
Trainer Initialization Finished.
Early stopped on epoch 178
Training finished.
Training loss: 0.7770071625709534, training accuracy: 0.7578125
Highest validation F1: 0.58719646799117
Fold 32 Network accuracy: 0.45
Full Record:
[{'accuracy': 0.53125, 'precision': 0.570236172392058, 'recall': 0.53125, 'f1': 0.5389783615774469, 'loss': 1.1422770023345947}, {'accuracy': 0.5125, 'precision': 0.8244028912633563, 'recall': 0.5125, 'f1': 0.5890936342796684, 'loss': 1.186532735824585}, {'accuracy': 1.0, 'precision': 1.0, 'recall': 1.0, 'f1': 1.0, 'loss': 0.9179466366767883}, {'accuracy': 0.525, 'precision': 0.6493930905695612, 'recall': 0.525, 'f1': 0.4001282620492329, 'loss': 1.012338638305664}, {'accuracy': 0.36875, 'precision': 0.4119786031974996, 'recall': 0.36875, 'f1': 0.3778103616813294, 'loss': 1.5589210987091064}, {'accuracy': 0.584375, 'precision': 0.5918562923089471, 'recall': 0.584375, 'f1': 0.5845481049562682, 'loss': 1.0363423824310303}, {'accuracy': 0.490625, 'precision': 0.525733137829912, 'recall': 0.490625, 'f1': 0.49855448480355813, 'loss': 1.6769144535064697}, {'accuracy': 0.7, 'precision': 1.0, 'recall': 0.7, 'f1': 0.8235294117647058, 'loss': 1.0726969242095947}, {'accuracy': 0.746875, 'precision': 1.0, 'recall': 0.746875, 'f1': 0.8550983899821109, 'loss': 0.8229395747184753}, {'accuracy': 0.640625, 'precision': 0.6406744558633894, 'recall': 0.640625, 'f1': 0.6405934115303102, 'loss': 1.2338509559631348}, {'accuracy': 0.515625, 'precision': 0.5274442538593481, 'recall': 0.515625, 'f1': 0.45718194254445965, 'loss': 1.0602164268493652}, {'accuracy': 0.4125, 'precision': 1.0, 'recall': 0.4125, 'f1': 0.584070796460177, 'loss': 1.2165759801864624}, {'accuracy': 0.753125, 'precision': 1.0, 'recall': 0.753125, 'f1': 0.8591800356506238, 'loss': 1.028481125831604}, {'accuracy': 0.465625, 'precision': 0.8035397427108117, 'recall': 0.465625, 'f1': 0.5455988150655946, 'loss': 1.4021183252334595}, {'accuracy': 0.575, 'precision': 0.575105617274292, 'recall': 0.575, 'f1': 0.5748505333906451, 'loss': 1.1207268238067627}, {'accuracy': 0.596875, 'precision': 0.5992992992992994, 'recall': 0.596875, 'f1': 0.5943994104642594, 'loss': 0.9959691762924194}, {'accuracy': 0.496875, 'precision': 0.5851351351351352, 'recall': 0.496875, 'f1': 0.5286730506155951, 'loss': 1.1896781921386719}, {'accuracy': 0.565625, 'precision': 0.7921827565270187, 'recall': 0.565625, 'f1': 0.6394538722616476, 'loss': 1.213585376739502}, {'accuracy': 0.571875, 'precision': 1.0, 'recall': 0.571875, 'f1': 0.7276341948310139, 'loss': 1.1687018871307373}, {'accuracy': 0.7125, 'precision': 1.0, 'recall': 0.7125, 'f1': 0.8321167883211679, 'loss': 1.051986575126648}, {'accuracy': 0.528125, 'precision': 1.0, 'recall': 0.528125, 'f1': 0.6912065439672802, 'loss': 1.149873971939087}, {'accuracy': 0.384375, 'precision': 1.0, 'recall': 0.384375, 'f1': 0.5553047404063205, 'loss': 1.349860429763794}, {'accuracy': 0.5, 'precision': 0.75, 'recall': 0.5, 'f1': 0.3333333333333333, 'loss': 1.0506792068481445}, {'accuracy': 0.7, 'precision': 1.0, 'recall': 0.7, 'f1': 0.8235294117647058, 'loss': 0.8947975635528564}, {'accuracy': 0.4875, 'precision': 1.0, 'recall': 0.4875, 'f1': 0.6554621848739496, 'loss': 1.1254044771194458}, {'accuracy': 0.503125, 'precision': 0.5042019013603656, 'recall': 0.503125, 'f1': 0.4691096526466261, 'loss': 1.0500082969665527}, {'accuracy': 0.584375, 'precision': 1.0, 'recall': 0.584375, 'f1': 0.73767258382643, 'loss': 1.172195553779602}, {'accuracy': 0.484375, 'precision': 0.48327689284669084, 'recall': 0.484375, 'f1': 0.47576921931313854, 'loss': 1.0650392770767212}, {'accuracy': 0.5375, 'precision': 0.8510945155681997, 'recall': 0.5375, 'f1': 0.6103445984851841, 'loss': 1.3014099597930908}, {'accuracy': 0.49375, 'precision': 0.53125, 'recall': 0.49375, 'f1': 0.5014204545454545, 'loss': 1.1519156694412231}, {'accuracy': 0.525, 'precision': 0.5272525975132005, 'recall': 0.525, 'f1': 0.5149774640022337, 'loss': 1.089717984199524}, {'accuracy': 0.45, 'precision': 1.0, 'recall': 0.45, 'f1': 0.6206896551724138, 'loss': 1.1994807720184326}]
For accuracy: 56.07$\pm$3.97 %
For precision: 77.33$\pm$6.76 %
For recall: 56.07$\pm$3.97 %
For f1: 61.38$\pm$4.91 %
