###################### Fold 1 ######################
Training set data amount: 960
Use CUDA
Model dump location: models/model_state_dict_1.pt
Log dump location: logs/log_1
Optimizer configuration:
AdamW (
Parameter Group 0
    amsgrad: False
    betas: (0.9, 0.999)
    capturable: False
    differentiable: False
    eps: 1e-08
    foreach: None
    fused: None
    lr: 0
    maximize: False
    weight_decay: 0.0001

Parameter Group 1
    amsgrad: False
    betas: (0.9, 0.999)
    capturable: False
    differentiable: False
    eps: 1e-08
    foreach: None
    fused: None
    lr: 0.0001
    maximize: False
    weight_decay: 0.0001
)
Trainer Initialization Finished.
Early stopped on epoch 101
Training finished.
Training loss: 0.6293078064918518, training accuracy: 0.65625
Highest validation F1: 1.0
Fold 1 Network accuracy: 0.621875
###################### Fold 2 ######################
Training set data amount: 960
Use CUDA
Model dump location: models/model_state_dict_2.pt
Log dump location: logs/log_2
Optimizer configuration:
AdamW (
Parameter Group 0
    amsgrad: False
    betas: (0.9, 0.999)
    capturable: False
    differentiable: False
    eps: 1e-08
    foreach: None
    fused: None
    lr: 0
    maximize: False
    weight_decay: 0.0001

Parameter Group 1
    amsgrad: False
    betas: (0.9, 0.999)
    capturable: False
    differentiable: False
    eps: 1e-08
    foreach: None
    fused: None
    lr: 0.0001
    maximize: False
    weight_decay: 0.0001
)
Trainer Initialization Finished.
Early stopped on epoch 101
Training finished.
Training loss: 0.6305330395698547, training accuracy: 0.6484375
Highest validation F1: 1.0
Fold 2 Network accuracy: 0.875
###################### Fold 3 ######################
Training set data amount: 960
Use CUDA
Model dump location: models/model_state_dict_3.pt
Log dump location: logs/log_3
Optimizer configuration:
AdamW (
Parameter Group 0
    amsgrad: False
    betas: (0.9, 0.999)
    capturable: False
    differentiable: False
    eps: 1e-08
    foreach: None
    fused: None
    lr: 0
    maximize: False
    weight_decay: 0.0001

Parameter Group 1
    amsgrad: False
    betas: (0.9, 0.999)
    capturable: False
    differentiable: False
    eps: 1e-08
    foreach: None
    fused: None
    lr: 0.0001
    maximize: False
    weight_decay: 0.0001
)
Trainer Initialization Finished.
Training finished.
Training loss: 0.549436092376709, training accuracy: 0.748046875
Highest validation F1: 0.7225548902195609
Fold 3 Network accuracy: 0.528125
###################### Fold 4 ######################
Training set data amount: 960
Use CUDA
Model dump location: models/model_state_dict_4.pt
Log dump location: logs/log_4
Optimizer configuration:
AdamW (
Parameter Group 0
    amsgrad: False
    betas: (0.9, 0.999)
    capturable: False
    differentiable: False
    eps: 1e-08
    foreach: None
    fused: None
    lr: 0
    maximize: False
    weight_decay: 0.0001

Parameter Group 1
    amsgrad: False
    betas: (0.9, 0.999)
    capturable: False
    differentiable: False
    eps: 1e-08
    foreach: None
    fused: None
    lr: 0.0001
    maximize: False
    weight_decay: 0.0001
)
Trainer Initialization Finished.
Early stopped on epoch 170
Training finished.
Training loss: 0.5800953507423401, training accuracy: 0.701171875
Highest validation F1: 0.5178571428571429
Fold 4 Network accuracy: 0.675
###################### Fold 5 ######################
Training set data amount: 960
Use CUDA
Model dump location: models/model_state_dict_5.pt
Log dump location: logs/log_5
Optimizer configuration:
AdamW (
Parameter Group 0
    amsgrad: False
    betas: (0.9, 0.999)
    capturable: False
    differentiable: False
    eps: 1e-08
    foreach: None
    fused: None
    lr: 0
    maximize: False
    weight_decay: 0.0001

Parameter Group 1
    amsgrad: False
    betas: (0.9, 0.999)
    capturable: False
    differentiable: False
    eps: 1e-08
    foreach: None
    fused: None
    lr: 0.0001
    maximize: False
    weight_decay: 0.0001
)
Trainer Initialization Finished.
Early stopped on epoch 101
Training finished.
Training loss: 0.6335235238075256, training accuracy: 0.642578125
Highest validation F1: 1.0
Fold 5 Network accuracy: 0.625
###################### Fold 6 ######################
Training set data amount: 960
Use CUDA
Model dump location: models/model_state_dict_6.pt
Log dump location: logs/log_6
Optimizer configuration:
AdamW (
Parameter Group 0
    amsgrad: False
    betas: (0.9, 0.999)
    capturable: False
    differentiable: False
    eps: 1e-08
    foreach: None
    fused: None
    lr: 0
    maximize: False
    weight_decay: 0.0001

Parameter Group 1
    amsgrad: False
    betas: (0.9, 0.999)
    capturable: False
    differentiable: False
    eps: 1e-08
    foreach: None
    fused: None
    lr: 0.0001
    maximize: False
    weight_decay: 0.0001
)
Trainer Initialization Finished.
Early stopped on epoch 170
Training finished.
Training loss: 0.6040487289428711, training accuracy: 0.6875
Highest validation F1: 0.5231653076352855
Fold 6 Network accuracy: 0.55
###################### Fold 7 ######################
Training set data amount: 960
Use CUDA
Model dump location: models/model_state_dict_7.pt
Log dump location: logs/log_7
Optimizer configuration:
AdamW (
Parameter Group 0
    amsgrad: False
    betas: (0.9, 0.999)
    capturable: False
    differentiable: False
    eps: 1e-08
    foreach: None
    fused: None
    lr: 0
    maximize: False
    weight_decay: 0.0001

Parameter Group 1
    amsgrad: False
    betas: (0.9, 0.999)
    capturable: False
    differentiable: False
    eps: 1e-08
    foreach: None
    fused: None
    lr: 0.0001
    maximize: False
    weight_decay: 0.0001
)
Trainer Initialization Finished.
Early stopped on epoch 101
Training finished.
Training loss: 0.6315469145774841, training accuracy: 0.654296875
Highest validation F1: 1.0
Fold 7 Network accuracy: 0.625
###################### Fold 8 ######################
Training set data amount: 960
Use CUDA
Model dump location: models/model_state_dict_8.pt
Log dump location: logs/log_8
Optimizer configuration:
AdamW (
Parameter Group 0
    amsgrad: False
    betas: (0.9, 0.999)
    capturable: False
    differentiable: False
    eps: 1e-08
    foreach: None
    fused: None
    lr: 0
    maximize: False
    weight_decay: 0.0001

Parameter Group 1
    amsgrad: False
    betas: (0.9, 0.999)
    capturable: False
    differentiable: False
    eps: 1e-08
    foreach: None
    fused: None
    lr: 0.0001
    maximize: False
    weight_decay: 0.0001
)
Trainer Initialization Finished.
Early stopped on epoch 101
Training finished.
Training loss: 0.5959452986717224, training accuracy: 0.6953125
Highest validation F1: 1.0
Fold 8 Network accuracy: 1.0
###################### Fold 9 ######################
Training set data amount: 960
Use CUDA
Model dump location: models/model_state_dict_9.pt
Log dump location: logs/log_9
Optimizer configuration:
AdamW (
Parameter Group 0
    amsgrad: False
    betas: (0.9, 0.999)
    capturable: False
    differentiable: False
    eps: 1e-08
    foreach: None
    fused: None
    lr: 0
    maximize: False
    weight_decay: 0.0001

Parameter Group 1
    amsgrad: False
    betas: (0.9, 0.999)
    capturable: False
    differentiable: False
    eps: 1e-08
    foreach: None
    fused: None
    lr: 0.0001
    maximize: False
    weight_decay: 0.0001
)
Trainer Initialization Finished.
Early stopped on epoch 101
Training finished.
Training loss: 0.6395288109779358, training accuracy: 0.63671875
Highest validation F1: 1.0
Fold 9 Network accuracy: 1.0
###################### Fold 10 ######################
Training set data amount: 960
Use CUDA
Model dump location: models/model_state_dict_10.pt
Log dump location: logs/log_10
Optimizer configuration:
AdamW (
Parameter Group 0
    amsgrad: False
    betas: (0.9, 0.999)
    capturable: False
    differentiable: False
    eps: 1e-08
    foreach: None
    fused: None
    lr: 0
    maximize: False
    weight_decay: 0.0001

Parameter Group 1
    amsgrad: False
    betas: (0.9, 0.999)
    capturable: False
    differentiable: False
    eps: 1e-08
    foreach: None
    fused: None
    lr: 0.0001
    maximize: False
    weight_decay: 0.0001
)
Trainer Initialization Finished.
Early stopped on epoch 101
Training finished.
Training loss: 0.6356823444366455, training accuracy: 0.6328125
Highest validation F1: 0.8166666666666667
Fold 10 Network accuracy: 0.5
###################### Fold 11 ######################
Training set data amount: 960
Use CUDA
Model dump location: models/model_state_dict_11.pt
Log dump location: logs/log_11
Optimizer configuration:
AdamW (
Parameter Group 0
    amsgrad: False
    betas: (0.9, 0.999)
    capturable: False
    differentiable: False
    eps: 1e-08
    foreach: None
    fused: None
    lr: 0
    maximize: False
    weight_decay: 0.0001

Parameter Group 1
    amsgrad: False
    betas: (0.9, 0.999)
    capturable: False
    differentiable: False
    eps: 1e-08
    foreach: None
    fused: None
    lr: 0.0001
    maximize: False
    weight_decay: 0.0001
)
Trainer Initialization Finished.
Training finished.
Training loss: 0.5125407576560974, training accuracy: 0.7578125
Highest validation F1: 0.6568289530374839
Fold 11 Network accuracy: 0.590625
###################### Fold 12 ######################
Training set data amount: 960
Use CUDA
Model dump location: models/model_state_dict_12.pt
Log dump location: logs/log_12
Optimizer configuration:
AdamW (
Parameter Group 0
    amsgrad: False
    betas: (0.9, 0.999)
    capturable: False
    differentiable: False
    eps: 1e-08
    foreach: None
    fused: None
    lr: 0
    maximize: False
    weight_decay: 0.0001

Parameter Group 1
    amsgrad: False
    betas: (0.9, 0.999)
    capturable: False
    differentiable: False
    eps: 1e-08
    foreach: None
    fused: None
    lr: 0.0001
    maximize: False
    weight_decay: 0.0001
)
Trainer Initialization Finished.
Early stopped on epoch 101
Training finished.
Training loss: 0.5434503555297852, training accuracy: 0.80078125
Highest validation F1: 1.0
Fold 12 Network accuracy: 0.99375
###################### Fold 13 ######################
Training set data amount: 960
Use CUDA
Model dump location: models/model_state_dict_13.pt
Log dump location: logs/log_13
Optimizer configuration:
AdamW (
Parameter Group 0
    amsgrad: False
    betas: (0.9, 0.999)
    capturable: False
    differentiable: False
    eps: 1e-08
    foreach: None
    fused: None
    lr: 0
    maximize: False
    weight_decay: 0.0001

Parameter Group 1
    amsgrad: False
    betas: (0.9, 0.999)
    capturable: False
    differentiable: False
    eps: 1e-08
    foreach: None
    fused: None
    lr: 0.0001
    maximize: False
    weight_decay: 0.0001
)
Trainer Initialization Finished.
Early stopped on epoch 101
Training finished.
Training loss: 0.532535195350647, training accuracy: 0.787109375
Highest validation F1: 1.0
Fold 13 Network accuracy: 0.996875
###################### Fold 14 ######################
Training set data amount: 960
Use CUDA
Model dump location: models/model_state_dict_14.pt
Log dump location: logs/log_14
Optimizer configuration:
AdamW (
Parameter Group 0
    amsgrad: False
    betas: (0.9, 0.999)
    capturable: False
    differentiable: False
    eps: 1e-08
    foreach: None
    fused: None
    lr: 0
    maximize: False
    weight_decay: 0.0001

Parameter Group 1
    amsgrad: False
    betas: (0.9, 0.999)
    capturable: False
    differentiable: False
    eps: 1e-08
    foreach: None
    fused: None
    lr: 0.0001
    maximize: False
    weight_decay: 0.0001
)
Trainer Initialization Finished.
Early stopped on epoch 101
Training finished.
Training loss: 0.6614669561386108, training accuracy: 0.6015625
Highest validation F1: 1.0
Fold 14 Network accuracy: 0.875
###################### Fold 15 ######################
Training set data amount: 960
Use CUDA
Model dump location: models/model_state_dict_15.pt
Log dump location: logs/log_15
Optimizer configuration:
AdamW (
Parameter Group 0
    amsgrad: False
    betas: (0.9, 0.999)
    capturable: False
    differentiable: False
    eps: 1e-08
    foreach: None
    fused: None
    lr: 0
    maximize: False
    weight_decay: 0.0001

Parameter Group 1
    amsgrad: False
    betas: (0.9, 0.999)
    capturable: False
    differentiable: False
    eps: 1e-08
    foreach: None
    fused: None
    lr: 0.0001
    maximize: False
    weight_decay: 0.0001
)
Trainer Initialization Finished.
Early stopped on epoch 101
Training finished.
Training loss: 0.6281081438064575, training accuracy: 0.626953125
Highest validation F1: 0.6668215531903702
Fold 15 Network accuracy: 0.44375
###################### Fold 16 ######################
Training set data amount: 960
Use CUDA
Model dump location: models/model_state_dict_16.pt
Log dump location: logs/log_16
Optimizer configuration:
AdamW (
Parameter Group 0
    amsgrad: False
    betas: (0.9, 0.999)
    capturable: False
    differentiable: False
    eps: 1e-08
    foreach: None
    fused: None
    lr: 0
    maximize: False
    weight_decay: 0.0001

Parameter Group 1
    amsgrad: False
    betas: (0.9, 0.999)
    capturable: False
    differentiable: False
    eps: 1e-08
    foreach: None
    fused: None
    lr: 0.0001
    maximize: False
    weight_decay: 0.0001
)
Trainer Initialization Finished.
Early stopped on epoch 225
Training finished.
Training loss: 0.3909088969230652, training accuracy: 0.857421875
Highest validation F1: 0.5787431580406015
Fold 16 Network accuracy: 0.546875
###################### Fold 17 ######################
Training set data amount: 960
Use CUDA
Model dump location: models/model_state_dict_17.pt
Log dump location: logs/log_17
Optimizer configuration:
AdamW (
Parameter Group 0
    amsgrad: False
    betas: (0.9, 0.999)
    capturable: False
    differentiable: False
    eps: 1e-08
    foreach: None
    fused: None
    lr: 0
    maximize: False
    weight_decay: 0.0001

Parameter Group 1
    amsgrad: False
    betas: (0.9, 0.999)
    capturable: False
    differentiable: False
    eps: 1e-08
    foreach: None
    fused: None
    lr: 0.0001
    maximize: False
    weight_decay: 0.0001
)
Trainer Initialization Finished.
Early stopped on epoch 101
Training finished.
Training loss: 0.5857884883880615, training accuracy: 0.71484375
Highest validation F1: 1.0
Fold 17 Network accuracy: 0.746875
###################### Fold 18 ######################
Training set data amount: 960
Use CUDA
Model dump location: models/model_state_dict_18.pt
Log dump location: logs/log_18
Optimizer configuration:
AdamW (
Parameter Group 0
    amsgrad: False
    betas: (0.9, 0.999)
    capturable: False
    differentiable: False
    eps: 1e-08
    foreach: None
    fused: None
    lr: 0
    maximize: False
    weight_decay: 0.0001

Parameter Group 1
    amsgrad: False
    betas: (0.9, 0.999)
    capturable: False
    differentiable: False
    eps: 1e-08
    foreach: None
    fused: None
    lr: 0.0001
    maximize: False
    weight_decay: 0.0001
)
Trainer Initialization Finished.
Early stopped on epoch 101
Training finished.
Training loss: 0.640580952167511, training accuracy: 0.63671875
Highest validation F1: 1.0
Fold 18 Network accuracy: 0.875
###################### Fold 19 ######################
Training set data amount: 960
Use CUDA
Model dump location: models/model_state_dict_19.pt
Log dump location: logs/log_19
Optimizer configuration:
AdamW (
Parameter Group 0
    amsgrad: False
    betas: (0.9, 0.999)
    capturable: False
    differentiable: False
    eps: 1e-08
    foreach: None
    fused: None
    lr: 0
    maximize: False
    weight_decay: 0.0001

Parameter Group 1
    amsgrad: False
    betas: (0.9, 0.999)
    capturable: False
    differentiable: False
    eps: 1e-08
    foreach: None
    fused: None
    lr: 0.0001
    maximize: False
    weight_decay: 0.0001
)
Trainer Initialization Finished.
Early stopped on epoch 101
Training finished.
Training loss: 0.6186228394508362, training accuracy: 0.6640625
Highest validation F1: 1.0
Fold 19 Network accuracy: 1.0
###################### Fold 20 ######################
Training set data amount: 960
Use CUDA
Model dump location: models/model_state_dict_20.pt
Log dump location: logs/log_20
Optimizer configuration:
AdamW (
Parameter Group 0
    amsgrad: False
    betas: (0.9, 0.999)
    capturable: False
    differentiable: False
    eps: 1e-08
    foreach: None
    fused: None
    lr: 0
    maximize: False
    weight_decay: 0.0001

Parameter Group 1
    amsgrad: False
    betas: (0.9, 0.999)
    capturable: False
    differentiable: False
    eps: 1e-08
    foreach: None
    fused: None
    lr: 0.0001
    maximize: False
    weight_decay: 0.0001
)
Trainer Initialization Finished.
Early stopped on epoch 101
Training finished.
Training loss: 0.5601322054862976, training accuracy: 0.734375
Highest validation F1: 1.0
Fold 20 Network accuracy: 0.99375
###################### Fold 21 ######################
Training set data amount: 960
Use CUDA
Model dump location: models/model_state_dict_21.pt
Log dump location: logs/log_21
Optimizer configuration:
AdamW (
Parameter Group 0
    amsgrad: False
    betas: (0.9, 0.999)
    capturable: False
    differentiable: False
    eps: 1e-08
    foreach: None
    fused: None
    lr: 0
    maximize: False
    weight_decay: 0.0001

Parameter Group 1
    amsgrad: False
    betas: (0.9, 0.999)
    capturable: False
    differentiable: False
    eps: 1e-08
    foreach: None
    fused: None
    lr: 0.0001
    maximize: False
    weight_decay: 0.0001
)
Trainer Initialization Finished.
Early stopped on epoch 101
Training finished.
Training loss: 0.6151744723320007, training accuracy: 0.681640625
Highest validation F1: 1.0
Fold 21 Network accuracy: 1.0
###################### Fold 22 ######################
Training set data amount: 960
Use CUDA
Model dump location: models/model_state_dict_22.pt
Log dump location: logs/log_22
Optimizer configuration:
AdamW (
Parameter Group 0
    amsgrad: False
    betas: (0.9, 0.999)
    capturable: False
    differentiable: False
    eps: 1e-08
    foreach: None
    fused: None
    lr: 0
    maximize: False
    weight_decay: 0.0001

Parameter Group 1
    amsgrad: False
    betas: (0.9, 0.999)
    capturable: False
    differentiable: False
    eps: 1e-08
    foreach: None
    fused: None
    lr: 0.0001
    maximize: False
    weight_decay: 0.0001
)
Trainer Initialization Finished.
Early stopped on epoch 101
Training finished.
Training loss: 0.6567271947860718, training accuracy: 0.578125
Highest validation F1: 1.0
Fold 22 Network accuracy: 1.0
###################### Fold 23 ######################
Training set data amount: 960
Use CUDA
Model dump location: models/model_state_dict_23.pt
Log dump location: logs/log_23
Optimizer configuration:
AdamW (
Parameter Group 0
    amsgrad: False
    betas: (0.9, 0.999)
    capturable: False
    differentiable: False
    eps: 1e-08
    foreach: None
    fused: None
    lr: 0
    maximize: False
    weight_decay: 0.0001

Parameter Group 1
    amsgrad: False
    betas: (0.9, 0.999)
    capturable: False
    differentiable: False
    eps: 1e-08
    foreach: None
    fused: None
    lr: 0.0001
    maximize: False
    weight_decay: 0.0001
)
Trainer Initialization Finished.
Training finished.
Training loss: 0.4694032371044159, training accuracy: 0.80859375
Highest validation F1: 0.72
Fold 23 Network accuracy: 0.465625
###################### Fold 24 ######################
Training set data amount: 960
Use CUDA
Model dump location: models/model_state_dict_24.pt
Log dump location: logs/log_24
Optimizer configuration:
AdamW (
Parameter Group 0
    amsgrad: False
    betas: (0.9, 0.999)
    capturable: False
    differentiable: False
    eps: 1e-08
    foreach: None
    fused: None
    lr: 0
    maximize: False
    weight_decay: 0.0001

Parameter Group 1
    amsgrad: False
    betas: (0.9, 0.999)
    capturable: False
    differentiable: False
    eps: 1e-08
    foreach: None
    fused: None
    lr: 0.0001
    maximize: False
    weight_decay: 0.0001
)
Trainer Initialization Finished.
Early stopped on epoch 101
Training finished.
Training loss: 0.5465443134307861, training accuracy: 0.79296875
Highest validation F1: 1.0
Fold 24 Network accuracy: 0.984375
###################### Fold 25 ######################
Training set data amount: 960
Use CUDA
Model dump location: models/model_state_dict_25.pt
Log dump location: logs/log_25
Optimizer configuration:
AdamW (
Parameter Group 0
    amsgrad: False
    betas: (0.9, 0.999)
    capturable: False
    differentiable: False
    eps: 1e-08
    foreach: None
    fused: None
    lr: 0
    maximize: False
    weight_decay: 0.0001

Parameter Group 1
    amsgrad: False
    betas: (0.9, 0.999)
    capturable: False
    differentiable: False
    eps: 1e-08
    foreach: None
    fused: None
    lr: 0.0001
    maximize: False
    weight_decay: 0.0001
)
Trainer Initialization Finished.
Early stopped on epoch 101
Training finished.
Training loss: 0.6184643507003784, training accuracy: 0.669921875
Highest validation F1: 1.0
Fold 25 Network accuracy: 1.0
###################### Fold 26 ######################
Training set data amount: 960
Use CUDA
Model dump location: models/model_state_dict_26.pt
Log dump location: logs/log_26
Optimizer configuration:
AdamW (
Parameter Group 0
    amsgrad: False
    betas: (0.9, 0.999)
    capturable: False
    differentiable: False
    eps: 1e-08
    foreach: None
    fused: None
    lr: 0
    maximize: False
    weight_decay: 0.0001

Parameter Group 1
    amsgrad: False
    betas: (0.9, 0.999)
    capturable: False
    differentiable: False
    eps: 1e-08
    foreach: None
    fused: None
    lr: 0.0001
    maximize: False
    weight_decay: 0.0001
)
Trainer Initialization Finished.
Early stopped on epoch 178
Training finished.
Training loss: 0.6124145984649658, training accuracy: 0.673828125
Highest validation F1: 0.531357409713574
Fold 26 Network accuracy: 0.50625
###################### Fold 27 ######################
Training set data amount: 960
Use CUDA
Model dump location: models/model_state_dict_27.pt
Log dump location: logs/log_27
Optimizer configuration:
AdamW (
Parameter Group 0
    amsgrad: False
    betas: (0.9, 0.999)
    capturable: False
    differentiable: False
    eps: 1e-08
    foreach: None
    fused: None
    lr: 0
    maximize: False
    weight_decay: 0.0001

Parameter Group 1
    amsgrad: False
    betas: (0.9, 0.999)
    capturable: False
    differentiable: False
    eps: 1e-08
    foreach: None
    fused: None
    lr: 0.0001
    maximize: False
    weight_decay: 0.0001
)
Trainer Initialization Finished.
Early stopped on epoch 101
Training finished.
Training loss: 0.6259732246398926, training accuracy: 0.6484375
Highest validation F1: 1.0
Fold 27 Network accuracy: 1.0
###################### Fold 28 ######################
Training set data amount: 960
Use CUDA
Model dump location: models/model_state_dict_28.pt
Log dump location: logs/log_28
Optimizer configuration:
AdamW (
Parameter Group 0
    amsgrad: False
    betas: (0.9, 0.999)
    capturable: False
    differentiable: False
    eps: 1e-08
    foreach: None
    fused: None
    lr: 0
    maximize: False
    weight_decay: 0.0001

Parameter Group 1
    amsgrad: False
    betas: (0.9, 0.999)
    capturable: False
    differentiable: False
    eps: 1e-08
    foreach: None
    fused: None
    lr: 0.0001
    maximize: False
    weight_decay: 0.0001
)
Trainer Initialization Finished.
Early stopped on epoch 133
Training finished.
Training loss: 0.6592451333999634, training accuracy: 0.564453125
Highest validation F1: 0.48650427913100724
Fold 28 Network accuracy: 0.490625
###################### Fold 29 ######################
Training set data amount: 960
Use CUDA
Model dump location: models/model_state_dict_29.pt
Log dump location: logs/log_29
Optimizer configuration:
AdamW (
Parameter Group 0
    amsgrad: False
    betas: (0.9, 0.999)
    capturable: False
    differentiable: False
    eps: 1e-08
    foreach: None
    fused: None
    lr: 0
    maximize: False
    weight_decay: 0.0001

Parameter Group 1
    amsgrad: False
    betas: (0.9, 0.999)
    capturable: False
    differentiable: False
    eps: 1e-08
    foreach: None
    fused: None
    lr: 0.0001
    maximize: False
    weight_decay: 0.0001
)
Trainer Initialization Finished.
Early stopped on epoch 101
Training finished.
Training loss: 0.5957615375518799, training accuracy: 0.669921875
Highest validation F1: 1.0
Fold 29 Network accuracy: 0.875
###################### Fold 30 ######################
Training set data amount: 960
Use CUDA
Model dump location: models/model_state_dict_30.pt
Log dump location: logs/log_30
Optimizer configuration:
AdamW (
Parameter Group 0
    amsgrad: False
    betas: (0.9, 0.999)
    capturable: False
    differentiable: False
    eps: 1e-08
    foreach: None
    fused: None
    lr: 0
    maximize: False
    weight_decay: 0.0001

Parameter Group 1
    amsgrad: False
    betas: (0.9, 0.999)
    capturable: False
    differentiable: False
    eps: 1e-08
    foreach: None
    fused: None
    lr: 0.0001
    maximize: False
    weight_decay: 0.0001
)
Trainer Initialization Finished.
Early stopped on epoch 101
Training finished.
Training loss: 0.6523821353912354, training accuracy: 0.638671875
Highest validation F1: 1.0
Fold 30 Network accuracy: 0.625
###################### Fold 31 ######################
Training set data amount: 960
Use CUDA
Model dump location: models/model_state_dict_31.pt
Log dump location: logs/log_31
Optimizer configuration:
AdamW (
Parameter Group 0
    amsgrad: False
    betas: (0.9, 0.999)
    capturable: False
    differentiable: False
    eps: 1e-08
    foreach: None
    fused: None
    lr: 0
    maximize: False
    weight_decay: 0.0001

Parameter Group 1
    amsgrad: False
    betas: (0.9, 0.999)
    capturable: False
    differentiable: False
    eps: 1e-08
    foreach: None
    fused: None
    lr: 0.0001
    maximize: False
    weight_decay: 0.0001
)
Trainer Initialization Finished.
Early stopped on epoch 101
Training finished.
Training loss: 0.6449496746063232, training accuracy: 0.654296875
Highest validation F1: 0.6191971984654911
Fold 31 Network accuracy: 0.525
###################### Fold 32 ######################
Training set data amount: 960
Use CUDA
Model dump location: models/model_state_dict_32.pt
Log dump location: logs/log_32
Optimizer configuration:
AdamW (
Parameter Group 0
    amsgrad: False
    betas: (0.9, 0.999)
    capturable: False
    differentiable: False
    eps: 1e-08
    foreach: None
    fused: None
    lr: 0
    maximize: False
    weight_decay: 0.0001

Parameter Group 1
    amsgrad: False
    betas: (0.9, 0.999)
    capturable: False
    differentiable: False
    eps: 1e-08
    foreach: None
    fused: None
    lr: 0.0001
    maximize: False
    weight_decay: 0.0001
)
Trainer Initialization Finished.
Early stopped on epoch 101
Training finished.
Training loss: 0.6244617700576782, training accuracy: 0.65234375
Highest validation F1: 1.0
Fold 32 Network accuracy: 0.996875
Full Record:
[{'accuracy': 0.621875, 'precision': 0.3898902821316615, 'recall': 0.621875, 'f1': 0.47928709055876684, 'loss': 0.6719738245010376}, {'accuracy': 0.875, 'precision': 0.890625, 'recall': 0.875, 'f1': 0.8166666666666667, 'loss': 0.5734245777130127}, {'accuracy': 0.528125, 'precision': 1.0, 'recall': 0.528125, 'f1': 0.6912065439672802, 'loss': 0.7567461133003235}, {'accuracy': 0.675, 'precision': 0.693939393939394, 'recall': 0.675, 'f1': 0.6668668668668669, 'loss': 0.6396266222000122}, {'accuracy': 0.625, 'precision': 0.5786163522012578, 'recall': 0.625, 'f1': 0.48635989619596176, 'loss': 0.6794480085372925}, {'accuracy': 0.55, 'precision': 0.5520833333333333, 'recall': 0.55, 'f1': 0.5454545454545455, 'loss': 0.7331598997116089}, {'accuracy': 0.625, 'precision': 0.5816993464052287, 'recall': 0.625, 'f1': 0.5159577606040942, 'loss': 0.6776639223098755}, {'accuracy': 1.0, 'precision': 1.0, 'recall': 1.0, 'f1': 1.0, 'loss': 0.518520176410675}, {'accuracy': 1.0, 'precision': 1.0, 'recall': 1.0, 'f1': 1.0, 'loss': 0.527337372303009}, {'accuracy': 0.5, 'precision': 0.75, 'recall': 0.5, 'f1': 0.3333333333333333, 'loss': 0.7045505046844482}, {'accuracy': 0.590625, 'precision': 0.5909126533171363, 'recall': 0.590625, 'f1': 0.5903009216274592, 'loss': 0.7577719688415527}, {'accuracy': 0.99375, 'precision': 1.0, 'recall': 0.99375, 'f1': 0.9968652037617554, 'loss': 0.5293871760368347}, {'accuracy': 0.996875, 'precision': 1.0, 'recall': 0.996875, 'f1': 0.9984350547730829, 'loss': 0.5207834243774414}, {'accuracy': 0.875, 'precision': 0.890625, 'recall': 0.875, 'f1': 0.8166666666666667, 'loss': 0.5892429351806641}, {'accuracy': 0.44375, 'precision': 0.3591549295774648, 'recall': 0.44375, 'f1': 0.3454679168964883, 'loss': 0.7259575128555298}, {'accuracy': 0.546875, 'precision': 0.5495233378729727, 'recall': 0.546875, 'f1': 0.5407350219239639, 'loss': 1.0443787574768066}, {'accuracy': 0.746875, 'precision': 0.5619122257053292, 'recall': 0.746875, 'f1': 0.6413237924865832, 'loss': 0.6272011995315552}, {'accuracy': 0.875, 'precision': 0.890625, 'recall': 0.875, 'f1': 0.8166666666666667, 'loss': 0.5719806551933289}, {'accuracy': 1.0, 'precision': 1.0, 'recall': 1.0, 'f1': 1.0, 'loss': 0.5326685905456543}, {'accuracy': 0.99375, 'precision': 1.0, 'recall': 0.99375, 'f1': 0.9968652037617554, 'loss': 0.5241804122924805}, {'accuracy': 1.0, 'precision': 1.0, 'recall': 1.0, 'f1': 1.0, 'loss': 0.5252272486686707}, {'accuracy': 1.0, 'precision': 1.0, 'recall': 1.0, 'f1': 1.0, 'loss': 0.5423238277435303}, {'accuracy': 0.465625, 'precision': 0.46539656324957723, 'recall': 0.465625, 'f1': 0.46474161457874813, 'loss': 0.9103083610534668}, {'accuracy': 0.984375, 'precision': 1.0, 'recall': 0.984375, 'f1': 0.9921259842519685, 'loss': 0.513586163520813}, {'accuracy': 1.0, 'precision': 1.0, 'recall': 1.0, 'f1': 1.0, 'loss': 0.5251259207725525}, {'accuracy': 0.50625, 'precision': 0.5065455735558828, 'recall': 0.50625, 'f1': 0.5006123819683141, 'loss': 0.7283984422683716}, {'accuracy': 1.0, 'precision': 1.0, 'recall': 1.0, 'f1': 1.0, 'loss': 0.5267629027366638}, {'accuracy': 0.490625, 'precision': 0.48717332050665385, 'recall': 0.490625, 'f1': 0.4538848928395682, 'loss': 0.7246109843254089}, {'accuracy': 0.875, 'precision': 0.890625, 'recall': 0.875, 'f1': 0.8166666666666667, 'loss': 0.5714400410652161}, {'accuracy': 0.625, 'precision': 0.765625, 'recall': 0.625, 'f1': 0.48076923076923084, 'loss': 0.6611976027488708}, {'accuracy': 0.525, 'precision': 0.5322841000807103, 'recall': 0.525, 'f1': 0.4966053982447424, 'loss': 0.7207369208335876}, {'accuracy': 0.996875, 'precision': 1.0, 'recall': 0.996875, 'f1': 0.9984350547730829, 'loss': 0.5378698706626892}]
For accuracy: 76.66$\pm$6.78 %
For precision: 77.9$\pm$7.2 %
For recall: 76.66$\pm$6.78 %
For f1: 73.38$\pm$7.59 %
