###################### Fold 1 ######################
Training set data amount: 960
Use CUDA
Model dump location: models/model_state_dict_1.pt
Log dump location: logs/log_1
Optimizer configuration:
AdamW (
Parameter Group 0
    amsgrad: False
    betas: (0.9, 0.999)
    capturable: False
    differentiable: False
    eps: 1e-08
    foreach: None
    fused: None
    lr: 0
    maximize: False
    weight_decay: 0.0001

Parameter Group 1
    amsgrad: False
    betas: (0.9, 0.999)
    capturable: False
    differentiable: False
    eps: 1e-08
    foreach: None
    fused: None
    lr: 0.0001
    maximize: False
    weight_decay: 0.0001
)
Trainer Initialization Finished.
Early stopped on epoch 177
Training finished.
Training loss: 0.937481701374054, training accuracy: 0.671875
Highest validation F1: 0.486305497890578
Fold 1 Network accuracy: 0.45
###################### Fold 2 ######################
Training set data amount: 960
Use CUDA
Model dump location: models/model_state_dict_2.pt
Log dump location: logs/log_2
Optimizer configuration:
AdamW (
Parameter Group 0
    amsgrad: False
    betas: (0.9, 0.999)
    capturable: False
    differentiable: False
    eps: 1e-08
    foreach: None
    fused: None
    lr: 0
    maximize: False
    weight_decay: 0.0001

Parameter Group 1
    amsgrad: False
    betas: (0.9, 0.999)
    capturable: False
    differentiable: False
    eps: 1e-08
    foreach: None
    fused: None
    lr: 0.0001
    maximize: False
    weight_decay: 0.0001
)
Trainer Initialization Finished.
Early stopped on epoch 178
Training finished.
Training loss: 0.9382938742637634, training accuracy: 0.697265625
Highest validation F1: 0.5454545454545454
Fold 2 Network accuracy: 0.271875
###################### Fold 3 ######################
Training set data amount: 960
Use CUDA
Model dump location: models/model_state_dict_3.pt
Log dump location: logs/log_3
Optimizer configuration:
AdamW (
Parameter Group 0
    amsgrad: False
    betas: (0.9, 0.999)
    capturable: False
    differentiable: False
    eps: 1e-08
    foreach: None
    fused: None
    lr: 0
    maximize: False
    weight_decay: 0.0001

Parameter Group 1
    amsgrad: False
    betas: (0.9, 0.999)
    capturable: False
    differentiable: False
    eps: 1e-08
    foreach: None
    fused: None
    lr: 0.0001
    maximize: False
    weight_decay: 0.0001
)
Trainer Initialization Finished.
Early stopped on epoch 209
Training finished.
Training loss: 0.8466442823410034, training accuracy: 0.751953125
Highest validation F1: 0.93687707641196
Fold 3 Network accuracy: 0.921875
###################### Fold 4 ######################
Training set data amount: 960
Use CUDA
Model dump location: models/model_state_dict_4.pt
Log dump location: logs/log_4
Optimizer configuration:
AdamW (
Parameter Group 0
    amsgrad: False
    betas: (0.9, 0.999)
    capturable: False
    differentiable: False
    eps: 1e-08
    foreach: None
    fused: None
    lr: 0
    maximize: False
    weight_decay: 0.0001

Parameter Group 1
    amsgrad: False
    betas: (0.9, 0.999)
    capturable: False
    differentiable: False
    eps: 1e-08
    foreach: None
    fused: None
    lr: 0.0001
    maximize: False
    weight_decay: 0.0001
)
Trainer Initialization Finished.
Early stopped on epoch 101
Training finished.
Training loss: 1.048714280128479, training accuracy: 0.59765625
Highest validation F1: 0.8035714285714286
Fold 4 Network accuracy: 0.46875
###################### Fold 5 ######################
Training set data amount: 960
Use CUDA
Model dump location: models/model_state_dict_5.pt
Log dump location: logs/log_5
Optimizer configuration:
AdamW (
Parameter Group 0
    amsgrad: False
    betas: (0.9, 0.999)
    capturable: False
    differentiable: False
    eps: 1e-08
    foreach: None
    fused: None
    lr: 0
    maximize: False
    weight_decay: 0.0001

Parameter Group 1
    amsgrad: False
    betas: (0.9, 0.999)
    capturable: False
    differentiable: False
    eps: 1e-08
    foreach: None
    fused: None
    lr: 0.0001
    maximize: False
    weight_decay: 0.0001
)
Trainer Initialization Finished.
Early stopped on epoch 270
Training finished.
Training loss: 0.7653578519821167, training accuracy: 0.75390625
Highest validation F1: 0.964401294498382
Fold 5 Network accuracy: 0.88125
###################### Fold 6 ######################
Training set data amount: 960
Use CUDA
Model dump location: models/model_state_dict_6.pt
Log dump location: logs/log_6
Optimizer configuration:
AdamW (
Parameter Group 0
    amsgrad: False
    betas: (0.9, 0.999)
    capturable: False
    differentiable: False
    eps: 1e-08
    foreach: None
    fused: None
    lr: 0
    maximize: False
    weight_decay: 0.0001

Parameter Group 1
    amsgrad: False
    betas: (0.9, 0.999)
    capturable: False
    differentiable: False
    eps: 1e-08
    foreach: None
    fused: None
    lr: 0.0001
    maximize: False
    weight_decay: 0.0001
)
Trainer Initialization Finished.
Training finished.
Training loss: 0.7926551699638367, training accuracy: 0.783203125
Highest validation F1: 0.9792663476874003
Fold 6 Network accuracy: 0.984375
###################### Fold 7 ######################
Training set data amount: 960
Use CUDA
Model dump location: models/model_state_dict_7.pt
Log dump location: logs/log_7
Optimizer configuration:
AdamW (
Parameter Group 0
    amsgrad: False
    betas: (0.9, 0.999)
    capturable: False
    differentiable: False
    eps: 1e-08
    foreach: None
    fused: None
    lr: 0
    maximize: False
    weight_decay: 0.0001

Parameter Group 1
    amsgrad: False
    betas: (0.9, 0.999)
    capturable: False
    differentiable: False
    eps: 1e-08
    foreach: None
    fused: None
    lr: 0.0001
    maximize: False
    weight_decay: 0.0001
)
Trainer Initialization Finished.
Training finished.
Training loss: 0.7358606457710266, training accuracy: 0.775390625
Highest validation F1: 0.888888888888889
Fold 7 Network accuracy: 0.815625
###################### Fold 8 ######################
Training set data amount: 960
Use CUDA
Model dump location: models/model_state_dict_8.pt
Log dump location: logs/log_8
Optimizer configuration:
AdamW (
Parameter Group 0
    amsgrad: False
    betas: (0.9, 0.999)
    capturable: False
    differentiable: False
    eps: 1e-08
    foreach: None
    fused: None
    lr: 0
    maximize: False
    weight_decay: 0.0001

Parameter Group 1
    amsgrad: False
    betas: (0.9, 0.999)
    capturable: False
    differentiable: False
    eps: 1e-08
    foreach: None
    fused: None
    lr: 0.0001
    maximize: False
    weight_decay: 0.0001
)
Trainer Initialization Finished.
Training finished.
Training loss: 0.7932597994804382, training accuracy: 0.732421875
Highest validation F1: 0.8447653429602887
Fold 8 Network accuracy: 0.64375
###################### Fold 9 ######################
Training set data amount: 960
Use CUDA
Model dump location: models/model_state_dict_9.pt
Log dump location: logs/log_9
Optimizer configuration:
AdamW (
Parameter Group 0
    amsgrad: False
    betas: (0.9, 0.999)
    capturable: False
    differentiable: False
    eps: 1e-08
    foreach: None
    fused: None
    lr: 0
    maximize: False
    weight_decay: 0.0001

Parameter Group 1
    amsgrad: False
    betas: (0.9, 0.999)
    capturable: False
    differentiable: False
    eps: 1e-08
    foreach: None
    fused: None
    lr: 0.0001
    maximize: False
    weight_decay: 0.0001
)
Trainer Initialization Finished.
Early stopped on epoch 205
Training finished.
Training loss: 0.8783133625984192, training accuracy: 0.69921875
Highest validation F1: 0.7980657640232108
Fold 9 Network accuracy: 0.646875
###################### Fold 10 ######################
Training set data amount: 960
Use CUDA
Model dump location: models/model_state_dict_10.pt
Log dump location: logs/log_10
Optimizer configuration:
AdamW (
Parameter Group 0
    amsgrad: False
    betas: (0.9, 0.999)
    capturable: False
    differentiable: False
    eps: 1e-08
    foreach: None
    fused: None
    lr: 0
    maximize: False
    weight_decay: 0.0001

Parameter Group 1
    amsgrad: False
    betas: (0.9, 0.999)
    capturable: False
    differentiable: False
    eps: 1e-08
    foreach: None
    fused: None
    lr: 0.0001
    maximize: False
    weight_decay: 0.0001
)
Trainer Initialization Finished.
Early stopped on epoch 220
Training finished.
Training loss: 0.7155730724334717, training accuracy: 0.8203125
Highest validation F1: 0.6721991701244814
Fold 10 Network accuracy: 0.55625
###################### Fold 11 ######################
Training set data amount: 960
Use CUDA
Model dump location: models/model_state_dict_11.pt
Log dump location: logs/log_11
Optimizer configuration:
AdamW (
Parameter Group 0
    amsgrad: False
    betas: (0.9, 0.999)
    capturable: False
    differentiable: False
    eps: 1e-08
    foreach: None
    fused: None
    lr: 0
    maximize: False
    weight_decay: 0.0001

Parameter Group 1
    amsgrad: False
    betas: (0.9, 0.999)
    capturable: False
    differentiable: False
    eps: 1e-08
    foreach: None
    fused: None
    lr: 0.0001
    maximize: False
    weight_decay: 0.0001
)
Trainer Initialization Finished.
Training finished.
Training loss: 0.8929611444473267, training accuracy: 0.666015625
Highest validation F1: 0.4869976359338061
Fold 11 Network accuracy: 0.390625
###################### Fold 12 ######################
Training set data amount: 960
Use CUDA
Model dump location: models/model_state_dict_12.pt
Log dump location: logs/log_12
Optimizer configuration:
AdamW (
Parameter Group 0
    amsgrad: False
    betas: (0.9, 0.999)
    capturable: False
    differentiable: False
    eps: 1e-08
    foreach: None
    fused: None
    lr: 0
    maximize: False
    weight_decay: 0.0001

Parameter Group 1
    amsgrad: False
    betas: (0.9, 0.999)
    capturable: False
    differentiable: False
    eps: 1e-08
    foreach: None
    fused: None
    lr: 0.0001
    maximize: False
    weight_decay: 0.0001
)
Trainer Initialization Finished.
Early stopped on epoch 175
Training finished.
Training loss: 0.8849743604660034, training accuracy: 0.6875
Highest validation F1: 0.5909301262322139
Fold 12 Network accuracy: 0.521875
###################### Fold 13 ######################
Training set data amount: 960
Use CUDA
Model dump location: models/model_state_dict_13.pt
Log dump location: logs/log_13
Optimizer configuration:
AdamW (
Parameter Group 0
    amsgrad: False
    betas: (0.9, 0.999)
    capturable: False
    differentiable: False
    eps: 1e-08
    foreach: None
    fused: None
    lr: 0
    maximize: False
    weight_decay: 0.0001

Parameter Group 1
    amsgrad: False
    betas: (0.9, 0.999)
    capturable: False
    differentiable: False
    eps: 1e-08
    foreach: None
    fused: None
    lr: 0.0001
    maximize: False
    weight_decay: 0.0001
)
Trainer Initialization Finished.
Early stopped on epoch 196
Training finished.
Training loss: 0.7893095016479492, training accuracy: 0.734375
Highest validation F1: 0.8021618603167007
Fold 13 Network accuracy: 0.359375
###################### Fold 14 ######################
Training set data amount: 960
Use CUDA
Model dump location: models/model_state_dict_14.pt
Log dump location: logs/log_14
Optimizer configuration:
AdamW (
Parameter Group 0
    amsgrad: False
    betas: (0.9, 0.999)
    capturable: False
    differentiable: False
    eps: 1e-08
    foreach: None
    fused: None
    lr: 0
    maximize: False
    weight_decay: 0.0001

Parameter Group 1
    amsgrad: False
    betas: (0.9, 0.999)
    capturable: False
    differentiable: False
    eps: 1e-08
    foreach: None
    fused: None
    lr: 0.0001
    maximize: False
    weight_decay: 0.0001
)
Trainer Initialization Finished.
Training finished.
Training loss: 0.6228303909301758, training accuracy: 0.83984375
Highest validation F1: 0.8124519372966578
Fold 14 Network accuracy: 0.7125
###################### Fold 15 ######################
Training set data amount: 960
Use CUDA
Model dump location: models/model_state_dict_15.pt
Log dump location: logs/log_15
Optimizer configuration:
AdamW (
Parameter Group 0
    amsgrad: False
    betas: (0.9, 0.999)
    capturable: False
    differentiable: False
    eps: 1e-08
    foreach: None
    fused: None
    lr: 0
    maximize: False
    weight_decay: 0.0001

Parameter Group 1
    amsgrad: False
    betas: (0.9, 0.999)
    capturable: False
    differentiable: False
    eps: 1e-08
    foreach: None
    fused: None
    lr: 0.0001
    maximize: False
    weight_decay: 0.0001
)
Trainer Initialization Finished.
Early stopped on epoch 176
Training finished.
Training loss: 0.7157127857208252, training accuracy: 0.81640625
Highest validation F1: 0.7444427449780768
Fold 15 Network accuracy: 0.6
###################### Fold 16 ######################
Training set data amount: 960
Use CUDA
Model dump location: models/model_state_dict_16.pt
Log dump location: logs/log_16
Optimizer configuration:
AdamW (
Parameter Group 0
    amsgrad: False
    betas: (0.9, 0.999)
    capturable: False
    differentiable: False
    eps: 1e-08
    foreach: None
    fused: None
    lr: 0
    maximize: False
    weight_decay: 0.0001

Parameter Group 1
    amsgrad: False
    betas: (0.9, 0.999)
    capturable: False
    differentiable: False
    eps: 1e-08
    foreach: None
    fused: None
    lr: 0.0001
    maximize: False
    weight_decay: 0.0001
)
Trainer Initialization Finished.
Early stopped on epoch 101
Training finished.
Training loss: 0.9881160259246826, training accuracy: 0.62109375
Highest validation F1: 0.8119765494137352
Fold 16 Network accuracy: 0.49375
###################### Fold 17 ######################
Training set data amount: 960
Use CUDA
Model dump location: models/model_state_dict_17.pt
Log dump location: logs/log_17
Optimizer configuration:
AdamW (
Parameter Group 0
    amsgrad: False
    betas: (0.9, 0.999)
    capturable: False
    differentiable: False
    eps: 1e-08
    foreach: None
    fused: None
    lr: 0
    maximize: False
    weight_decay: 0.0001

Parameter Group 1
    amsgrad: False
    betas: (0.9, 0.999)
    capturable: False
    differentiable: False
    eps: 1e-08
    foreach: None
    fused: None
    lr: 0.0001
    maximize: False
    weight_decay: 0.0001
)
Trainer Initialization Finished.
Early stopped on epoch 281
Training finished.
Training loss: 0.8206440806388855, training accuracy: 0.716796875
Highest validation F1: 0.9003436426116839
Fold 17 Network accuracy: 0.575
###################### Fold 18 ######################
Training set data amount: 960
Use CUDA
Model dump location: models/model_state_dict_18.pt
Log dump location: logs/log_18
Optimizer configuration:
AdamW (
Parameter Group 0
    amsgrad: False
    betas: (0.9, 0.999)
    capturable: False
    differentiable: False
    eps: 1e-08
    foreach: None
    fused: None
    lr: 0
    maximize: False
    weight_decay: 0.0001

Parameter Group 1
    amsgrad: False
    betas: (0.9, 0.999)
    capturable: False
    differentiable: False
    eps: 1e-08
    foreach: None
    fused: None
    lr: 0.0001
    maximize: False
    weight_decay: 0.0001
)
Trainer Initialization Finished.
Early stopped on epoch 229
Training finished.
Training loss: 0.8292112946510315, training accuracy: 0.720703125
Highest validation F1: 0.7426326129666012
Fold 18 Network accuracy: 0.784375
###################### Fold 19 ######################
Training set data amount: 960
Use CUDA
Model dump location: models/model_state_dict_19.pt
Log dump location: logs/log_19
Optimizer configuration:
AdamW (
Parameter Group 0
    amsgrad: False
    betas: (0.9, 0.999)
    capturable: False
    differentiable: False
    eps: 1e-08
    foreach: None
    fused: None
    lr: 0
    maximize: False
    weight_decay: 0.0001

Parameter Group 1
    amsgrad: False
    betas: (0.9, 0.999)
    capturable: False
    differentiable: False
    eps: 1e-08
    foreach: None
    fused: None
    lr: 0.0001
    maximize: False
    weight_decay: 0.0001
)
Trainer Initialization Finished.
Early stopped on epoch 286
Training finished.
Training loss: 0.7050784826278687, training accuracy: 0.796875
Highest validation F1: 0.7475538160469667
Fold 19 Network accuracy: 0.728125
###################### Fold 20 ######################
Training set data amount: 960
Use CUDA
Model dump location: models/model_state_dict_20.pt
Log dump location: logs/log_20
Optimizer configuration:
AdamW (
Parameter Group 0
    amsgrad: False
    betas: (0.9, 0.999)
    capturable: False
    differentiable: False
    eps: 1e-08
    foreach: None
    fused: None
    lr: 0
    maximize: False
    weight_decay: 0.0001

Parameter Group 1
    amsgrad: False
    betas: (0.9, 0.999)
    capturable: False
    differentiable: False
    eps: 1e-08
    foreach: None
    fused: None
    lr: 0.0001
    maximize: False
    weight_decay: 0.0001
)
Trainer Initialization Finished.
Early stopped on epoch 197
Training finished.
Training loss: 0.8608891367912292, training accuracy: 0.7109375
Highest validation F1: 0.8692579505300353
Fold 20 Network accuracy: 0.78125
###################### Fold 21 ######################
Training set data amount: 960
Use CUDA
Model dump location: models/model_state_dict_21.pt
Log dump location: logs/log_21
Optimizer configuration:
AdamW (
Parameter Group 0
    amsgrad: False
    betas: (0.9, 0.999)
    capturable: False
    differentiable: False
    eps: 1e-08
    foreach: None
    fused: None
    lr: 0
    maximize: False
    weight_decay: 0.0001

Parameter Group 1
    amsgrad: False
    betas: (0.9, 0.999)
    capturable: False
    differentiable: False
    eps: 1e-08
    foreach: None
    fused: None
    lr: 0.0001
    maximize: False
    weight_decay: 0.0001
)
Trainer Initialization Finished.
Early stopped on epoch 261
Training finished.
Training loss: 0.8489542603492737, training accuracy: 0.720703125
Highest validation F1: 0.6721991701244814
Fold 21 Network accuracy: 0.640625
###################### Fold 22 ######################
Training set data amount: 960
Use CUDA
Model dump location: models/model_state_dict_22.pt
Log dump location: logs/log_22
Optimizer configuration:
AdamW (
Parameter Group 0
    amsgrad: False
    betas: (0.9, 0.999)
    capturable: False
    differentiable: False
    eps: 1e-08
    foreach: None
    fused: None
    lr: 0
    maximize: False
    weight_decay: 0.0001

Parameter Group 1
    amsgrad: False
    betas: (0.9, 0.999)
    capturable: False
    differentiable: False
    eps: 1e-08
    foreach: None
    fused: None
    lr: 0.0001
    maximize: False
    weight_decay: 0.0001
)
Trainer Initialization Finished.
Early stopped on epoch 283
Training finished.
Training loss: 0.8502863049507141, training accuracy: 0.6953125
Highest validation F1: 0.8219863890573411
Fold 22 Network accuracy: 0.6375
###################### Fold 23 ######################
Training set data amount: 960
Use CUDA
Model dump location: models/model_state_dict_23.pt
Log dump location: logs/log_23
Optimizer configuration:
AdamW (
Parameter Group 0
    amsgrad: False
    betas: (0.9, 0.999)
    capturable: False
    differentiable: False
    eps: 1e-08
    foreach: None
    fused: None
    lr: 0
    maximize: False
    weight_decay: 0.0001

Parameter Group 1
    amsgrad: False
    betas: (0.9, 0.999)
    capturable: False
    differentiable: False
    eps: 1e-08
    foreach: None
    fused: None
    lr: 0.0001
    maximize: False
    weight_decay: 0.0001
)
Trainer Initialization Finished.
Early stopped on epoch 190
Training finished.
Training loss: 0.8855400681495667, training accuracy: 0.708984375
Highest validation F1: 0.7969924812030075
Fold 23 Network accuracy: 0.74375
###################### Fold 24 ######################
Training set data amount: 960
Use CUDA
Model dump location: models/model_state_dict_24.pt
Log dump location: logs/log_24
Optimizer configuration:
AdamW (
Parameter Group 0
    amsgrad: False
    betas: (0.9, 0.999)
    capturable: False
    differentiable: False
    eps: 1e-08
    foreach: None
    fused: None
    lr: 0
    maximize: False
    weight_decay: 0.0001

Parameter Group 1
    amsgrad: False
    betas: (0.9, 0.999)
    capturable: False
    differentiable: False
    eps: 1e-08
    foreach: None
    fused: None
    lr: 0.0001
    maximize: False
    weight_decay: 0.0001
)
Trainer Initialization Finished.
Early stopped on epoch 193
Training finished.
Training loss: 0.9414329528808594, training accuracy: 0.6640625
Highest validation F1: 0.5175566620879122
Fold 24 Network accuracy: 0.490625
###################### Fold 25 ######################
Training set data amount: 960
Use CUDA
Model dump location: models/model_state_dict_25.pt
Log dump location: logs/log_25
Optimizer configuration:
AdamW (
Parameter Group 0
    amsgrad: False
    betas: (0.9, 0.999)
    capturable: False
    differentiable: False
    eps: 1e-08
    foreach: None
    fused: None
    lr: 0
    maximize: False
    weight_decay: 0.0001

Parameter Group 1
    amsgrad: False
    betas: (0.9, 0.999)
    capturable: False
    differentiable: False
    eps: 1e-08
    foreach: None
    fused: None
    lr: 0.0001
    maximize: False
    weight_decay: 0.0001
)
Trainer Initialization Finished.
Early stopped on epoch 228
Training finished.
Training loss: 0.9807754755020142, training accuracy: 0.623046875
Highest validation F1: 0.4466019417475728
Fold 25 Network accuracy: 0.5
###################### Fold 26 ######################
Training set data amount: 960
Use CUDA
Model dump location: models/model_state_dict_26.pt
Log dump location: logs/log_26
Optimizer configuration:
AdamW (
Parameter Group 0
    amsgrad: False
    betas: (0.9, 0.999)
    capturable: False
    differentiable: False
    eps: 1e-08
    foreach: None
    fused: None
    lr: 0
    maximize: False
    weight_decay: 0.0001

Parameter Group 1
    amsgrad: False
    betas: (0.9, 0.999)
    capturable: False
    differentiable: False
    eps: 1e-08
    foreach: None
    fused: None
    lr: 0.0001
    maximize: False
    weight_decay: 0.0001
)
Trainer Initialization Finished.
Training finished.
Training loss: 0.8139321804046631, training accuracy: 0.693359375
Highest validation F1: 0.6554621848739496
Fold 26 Network accuracy: 0.51875
###################### Fold 27 ######################
Training set data amount: 960
Use CUDA
Model dump location: models/model_state_dict_27.pt
Log dump location: logs/log_27
Optimizer configuration:
AdamW (
Parameter Group 0
    amsgrad: False
    betas: (0.9, 0.999)
    capturable: False
    differentiable: False
    eps: 1e-08
    foreach: None
    fused: None
    lr: 0
    maximize: False
    weight_decay: 0.0001

Parameter Group 1
    amsgrad: False
    betas: (0.9, 0.999)
    capturable: False
    differentiable: False
    eps: 1e-08
    foreach: None
    fused: None
    lr: 0.0001
    maximize: False
    weight_decay: 0.0001
)
Trainer Initialization Finished.
Early stopped on epoch 216
Training finished.
Training loss: 0.8781746625900269, training accuracy: 0.73046875
Highest validation F1: 0.9905362776025235
Fold 27 Network accuracy: 0.98125
###################### Fold 28 ######################
Training set data amount: 960
Use CUDA
Model dump location: models/model_state_dict_28.pt
Log dump location: logs/log_28
Optimizer configuration:
AdamW (
Parameter Group 0
    amsgrad: False
    betas: (0.9, 0.999)
    capturable: False
    differentiable: False
    eps: 1e-08
    foreach: None
    fused: None
    lr: 0
    maximize: False
    weight_decay: 0.0001

Parameter Group 1
    amsgrad: False
    betas: (0.9, 0.999)
    capturable: False
    differentiable: False
    eps: 1e-08
    foreach: None
    fused: None
    lr: 0.0001
    maximize: False
    weight_decay: 0.0001
)
Trainer Initialization Finished.
Early stopped on epoch 195
Training finished.
Training loss: 0.8687311410903931, training accuracy: 0.708984375
Highest validation F1: 0.967741935483871
Fold 28 Network accuracy: 0.621875
###################### Fold 29 ######################
Training set data amount: 960
Use CUDA
Model dump location: models/model_state_dict_29.pt
Log dump location: logs/log_29
Optimizer configuration:
AdamW (
Parameter Group 0
    amsgrad: False
    betas: (0.9, 0.999)
    capturable: False
    differentiable: False
    eps: 1e-08
    foreach: None
    fused: None
    lr: 0
    maximize: False
    weight_decay: 0.0001

Parameter Group 1
    amsgrad: False
    betas: (0.9, 0.999)
    capturable: False
    differentiable: False
    eps: 1e-08
    foreach: None
    fused: None
    lr: 0.0001
    maximize: False
    weight_decay: 0.0001
)
Trainer Initialization Finished.
Early stopped on epoch 286
Training finished.
Training loss: 0.7062228918075562, training accuracy: 0.767578125
Highest validation F1: 0.7551301115241636
Fold 29 Network accuracy: 0.525
###################### Fold 30 ######################
Training set data amount: 960
Use CUDA
Model dump location: models/model_state_dict_30.pt
Log dump location: logs/log_30
Optimizer configuration:
AdamW (
Parameter Group 0
    amsgrad: False
    betas: (0.9, 0.999)
    capturable: False
    differentiable: False
    eps: 1e-08
    foreach: None
    fused: None
    lr: 0
    maximize: False
    weight_decay: 0.0001

Parameter Group 1
    amsgrad: False
    betas: (0.9, 0.999)
    capturable: False
    differentiable: False
    eps: 1e-08
    foreach: None
    fused: None
    lr: 0.0001
    maximize: False
    weight_decay: 0.0001
)
Trainer Initialization Finished.
Early stopped on epoch 158
Training finished.
Training loss: 0.9734610319137573, training accuracy: 0.642578125
Highest validation F1: 0.35475578406169667
Fold 30 Network accuracy: 0.240625
###################### Fold 31 ######################
Training set data amount: 960
Use CUDA
Model dump location: models/model_state_dict_31.pt
Log dump location: logs/log_31
Optimizer configuration:
AdamW (
Parameter Group 0
    amsgrad: False
    betas: (0.9, 0.999)
    capturable: False
    differentiable: False
    eps: 1e-08
    foreach: None
    fused: None
    lr: 0
    maximize: False
    weight_decay: 0.0001

Parameter Group 1
    amsgrad: False
    betas: (0.9, 0.999)
    capturable: False
    differentiable: False
    eps: 1e-08
    foreach: None
    fused: None
    lr: 0.0001
    maximize: False
    weight_decay: 0.0001
)
Trainer Initialization Finished.
Early stopped on epoch 227
Training finished.
Training loss: 0.8368620872497559, training accuracy: 0.7421875
Highest validation F1: 0.9776357827476039
Fold 31 Network accuracy: 0.865625
###################### Fold 32 ######################
Training set data amount: 960
Use CUDA
Model dump location: models/model_state_dict_32.pt
Log dump location: logs/log_32
Optimizer configuration:
AdamW (
Parameter Group 0
    amsgrad: False
    betas: (0.9, 0.999)
    capturable: False
    differentiable: False
    eps: 1e-08
    foreach: None
    fused: None
    lr: 0
    maximize: False
    weight_decay: 0.0001

Parameter Group 1
    amsgrad: False
    betas: (0.9, 0.999)
    capturable: False
    differentiable: False
    eps: 1e-08
    foreach: None
    fused: None
    lr: 0.0001
    maximize: False
    weight_decay: 0.0001
)
Trainer Initialization Finished.
Early stopped on epoch 218
Training finished.
Training loss: 0.809866726398468, training accuracy: 0.732421875
Highest validation F1: 0.7118332801022038
Fold 32 Network accuracy: 0.35625
Full Record:
[{'accuracy': 0.45, 'precision': 0.45774976657329597, 'recall': 0.45, 'f1': 0.4003819076979708, 'loss': 1.114732265472412}, {'accuracy': 0.271875, 'precision': 1.0, 'recall': 0.271875, 'f1': 0.4275184275184275, 'loss': 1.2900861501693726}, {'accuracy': 0.921875, 'precision': 1.0, 'recall': 0.921875, 'f1': 0.959349593495935, 'loss': 0.44695496559143066}, {'accuracy': 0.46875, 'precision': 0.7435064935064934, 'recall': 0.46875, 'f1': 0.32051282051282054, 'loss': 1.11603581905365}, {'accuracy': 0.88125, 'precision': 1.0, 'recall': 0.88125, 'f1': 0.93687707641196, 'loss': 0.6414358019828796}, {'accuracy': 0.984375, 'precision': 1.0, 'recall': 0.984375, 'f1': 0.9921259842519685, 'loss': 0.3723117411136627}, {'accuracy': 0.815625, 'precision': 1.0, 'recall': 0.815625, 'f1': 0.8984509466437178, 'loss': 0.6597934365272522}, {'accuracy': 0.64375, 'precision': 0.7010204081632653, 'recall': 0.64375, 'f1': 0.6688389513108615, 'loss': 0.9836122393608093}, {'accuracy': 0.646875, 'precision': 0.7620288692862871, 'recall': 0.646875, 'f1': 0.61373513015232, 'loss': 0.9355526566505432}, {'accuracy': 0.55625, 'precision': 0.5957854406130269, 'recall': 0.55625, 'f1': 0.5068534943014666, 'loss': 1.096258521080017}, {'accuracy': 0.390625, 'precision': 0.7701202054650331, 'recall': 0.390625, 'f1': 0.46990546381814224, 'loss': 1.1558773517608643}, {'accuracy': 0.521875, 'precision': 0.5284821535873092, 'recall': 0.521875, 'f1': 0.5251525370093846, 'loss': 1.1428862810134888}, {'accuracy': 0.359375, 'precision': 0.27880632609514244, 'recall': 0.359375, 'f1': 0.2947371832263918, 'loss': 1.5079004764556885}, {'accuracy': 0.7125, 'precision': 0.7402942468159859, 'recall': 0.7125, 'f1': 0.7083762236350791, 'loss': 0.9669034481048584}, {'accuracy': 0.6, 'precision': 0.6600400100025006, 'recall': 0.6, 'f1': 0.5586016638648218, 'loss': 1.1828804016113281}, {'accuracy': 0.49375, 'precision': 0.755700325732899, 'recall': 0.49375, 'f1': 0.34239961695505866, 'loss': 1.1190354824066162}, {'accuracy': 0.575, 'precision': 0.5943377148634985, 'recall': 0.575, 'f1': 0.5843629838502948, 'loss': 1.0266298055648804}, {'accuracy': 0.784375, 'precision': 1.0, 'recall': 0.784375, 'f1': 0.8791593695271454, 'loss': 0.7528189420700073}, {'accuracy': 0.728125, 'precision': 0.7486019736842106, 'recall': 0.728125, 'f1': 0.7367056650246305, 'loss': 0.8592459559440613}, {'accuracy': 0.78125, 'precision': 1.0, 'recall': 0.78125, 'f1': 0.8771929824561402, 'loss': 0.7130560874938965}, {'accuracy': 0.640625, 'precision': 0.6550427909188161, 'recall': 0.640625, 'f1': 0.6451263154702331, 'loss': 1.0009444952011108}, {'accuracy': 0.6375, 'precision': 0.6555384351994521, 'recall': 0.6375, 'f1': 0.6357461516820063, 'loss': 0.9707359671592712}, {'accuracy': 0.74375, 'precision': 1.0, 'recall': 0.74375, 'f1': 0.8530465949820789, 'loss': 0.8989212512969971}, {'accuracy': 0.490625, 'precision': 0.5163865546218487, 'recall': 0.490625, 'f1': 0.4623771029058335, 'loss': 1.0990135669708252}, {'accuracy': 0.5, 'precision': 0.5022727272727272, 'recall': 0.5, 'f1': 0.4820277437780498, 'loss': 1.0801814794540405}, {'accuracy': 0.51875, 'precision': 0.7556985294117646, 'recall': 0.5187499999999999, 'f1': 0.6005311264822135, 'loss': 1.0229500532150269}, {'accuracy': 0.98125, 'precision': 1.0, 'recall': 0.98125, 'f1': 0.9905362776025235, 'loss': 0.3381806015968323}, {'accuracy': 0.621875, 'precision': 0.5685687263556116, 'recall': 0.621875, 'f1': 0.5115573587433931, 'loss': 1.1546882390975952}, {'accuracy': 0.525, 'precision': 0.5294491525423728, 'recall': 0.525, 'f1': 0.5182853717026379, 'loss': 1.1325000524520874}, {'accuracy': 0.240625, 'precision': 1.0, 'recall': 0.240625, 'f1': 0.3879093198992443, 'loss': 1.2982043027877808}, {'accuracy': 0.865625, 'precision': 1.0, 'recall': 0.865625, 'f1': 0.9279731993299831, 'loss': 0.5592688322067261}, {'accuracy': 0.35625, 'precision': 0.3248653940283896, 'recall': 0.35625, 'f1': 0.32572609819121445, 'loss': 1.359895944595337}]
For accuracy: 61.59$\pm$6.22 %
For precision: 74.51$\pm$6.95 %
For recall: 61.59$\pm$6.22 %
For f1: 62.63$\pm$6.93 %
