###################### Fold 1 ######################
Training set data amount: 960
Use CUDA
Model dump location: models/model_state_dict_1.pt
Log dump location: logs/log_1
Optimizer configuration:
AdamW (
Parameter Group 0
    amsgrad: False
    betas: (0.9, 0.999)
    capturable: False
    differentiable: False
    eps: 1e-08
    foreach: None
    fused: None
    lr: 0
    maximize: False
    weight_decay: 0.0001

Parameter Group 1
    amsgrad: False
    betas: (0.9, 0.999)
    capturable: False
    differentiable: False
    eps: 1e-08
    foreach: None
    fused: None
    lr: 0.0001
    maximize: False
    weight_decay: 0.0001
)
Trainer Initialization Finished.
Early stopped on epoch 279
Training finished.
Training loss: 0.5365225076675415, training accuracy: 0.86328125
Highest validation F1: 0.5511921458625526
Fold 1 Network accuracy: 0.46875
###################### Fold 2 ######################
Training set data amount: 960
Use CUDA
Model dump location: models/model_state_dict_2.pt
Log dump location: logs/log_2
Optimizer configuration:
AdamW (
Parameter Group 0
    amsgrad: False
    betas: (0.9, 0.999)
    capturable: False
    differentiable: False
    eps: 1e-08
    foreach: None
    fused: None
    lr: 0
    maximize: False
    weight_decay: 0.0001

Parameter Group 1
    amsgrad: False
    betas: (0.9, 0.999)
    capturable: False
    differentiable: False
    eps: 1e-08
    foreach: None
    fused: None
    lr: 0.0001
    maximize: False
    weight_decay: 0.0001
)
Trainer Initialization Finished.
Early stopped on epoch 185
Training finished.
Training loss: 0.8100931644439697, training accuracy: 0.712890625
Highest validation F1: 0.58719646799117
Fold 2 Network accuracy: 0.3875
###################### Fold 3 ######################
Training set data amount: 960
Use CUDA
Model dump location: models/model_state_dict_3.pt
Log dump location: logs/log_3
Optimizer configuration:
AdamW (
Parameter Group 0
    amsgrad: False
    betas: (0.9, 0.999)
    capturable: False
    differentiable: False
    eps: 1e-08
    foreach: None
    fused: None
    lr: 0
    maximize: False
    weight_decay: 0.0001

Parameter Group 1
    amsgrad: False
    betas: (0.9, 0.999)
    capturable: False
    differentiable: False
    eps: 1e-08
    foreach: None
    fused: None
    lr: 0.0001
    maximize: False
    weight_decay: 0.0001
)
Trainer Initialization Finished.
Training finished.
Training loss: 0.5573856830596924, training accuracy: 0.861328125
Highest validation F1: 0.8256880733944956
Fold 3 Network accuracy: 0.66875
###################### Fold 4 ######################
Training set data amount: 960
Use CUDA
Model dump location: models/model_state_dict_4.pt
Log dump location: logs/log_4
Optimizer configuration:
AdamW (
Parameter Group 0
    amsgrad: False
    betas: (0.9, 0.999)
    capturable: False
    differentiable: False
    eps: 1e-08
    foreach: None
    fused: None
    lr: 0
    maximize: False
    weight_decay: 0.0001

Parameter Group 1
    amsgrad: False
    betas: (0.9, 0.999)
    capturable: False
    differentiable: False
    eps: 1e-08
    foreach: None
    fused: None
    lr: 0.0001
    maximize: False
    weight_decay: 0.0001
)
Trainer Initialization Finished.
Early stopped on epoch 101
Training finished.
Training loss: 0.9305165410041809, training accuracy: 0.669921875
Highest validation F1: 0.8258169934640522
Fold 4 Network accuracy: 0.509375
###################### Fold 5 ######################
Training set data amount: 960
Use CUDA
Model dump location: models/model_state_dict_5.pt
Log dump location: logs/log_5
Optimizer configuration:
AdamW (
Parameter Group 0
    amsgrad: False
    betas: (0.9, 0.999)
    capturable: False
    differentiable: False
    eps: 1e-08
    foreach: None
    fused: None
    lr: 0
    maximize: False
    weight_decay: 0.0001

Parameter Group 1
    amsgrad: False
    betas: (0.9, 0.999)
    capturable: False
    differentiable: False
    eps: 1e-08
    foreach: None
    fused: None
    lr: 0.0001
    maximize: False
    weight_decay: 0.0001
)
Trainer Initialization Finished.
Training finished.
Training loss: 0.6368141770362854, training accuracy: 0.80859375
Highest validation F1: 0.8256880733944956
Fold 5 Network accuracy: 0.5375
###################### Fold 6 ######################
Training set data amount: 960
Use CUDA
Model dump location: models/model_state_dict_6.pt
Log dump location: logs/log_6
Optimizer configuration:
AdamW (
Parameter Group 0
    amsgrad: False
    betas: (0.9, 0.999)
    capturable: False
    differentiable: False
    eps: 1e-08
    foreach: None
    fused: None
    lr: 0
    maximize: False
    weight_decay: 0.0001

Parameter Group 1
    amsgrad: False
    betas: (0.9, 0.999)
    capturable: False
    differentiable: False
    eps: 1e-08
    foreach: None
    fused: None
    lr: 0.0001
    maximize: False
    weight_decay: 0.0001
)
Trainer Initialization Finished.
Training finished.
Training loss: 0.6724995970726013, training accuracy: 0.826171875
Highest validation F1: 0.7715930902111324
Fold 6 Network accuracy: 0.6875
###################### Fold 7 ######################
Training set data amount: 960
Use CUDA
Model dump location: models/model_state_dict_7.pt
Log dump location: logs/log_7
Optimizer configuration:
AdamW (
Parameter Group 0
    amsgrad: False
    betas: (0.9, 0.999)
    capturable: False
    differentiable: False
    eps: 1e-08
    foreach: None
    fused: None
    lr: 0
    maximize: False
    weight_decay: 0.0001

Parameter Group 1
    amsgrad: False
    betas: (0.9, 0.999)
    capturable: False
    differentiable: False
    eps: 1e-08
    foreach: None
    fused: None
    lr: 0.0001
    maximize: False
    weight_decay: 0.0001
)
Trainer Initialization Finished.
Early stopped on epoch 191
Training finished.
Training loss: 0.7921858429908752, training accuracy: 0.736328125
Highest validation F1: 0.6382978723404256
Fold 7 Network accuracy: 0.5375
###################### Fold 8 ######################
Training set data amount: 960
Use CUDA
Model dump location: models/model_state_dict_8.pt
Log dump location: logs/log_8
Optimizer configuration:
AdamW (
Parameter Group 0
    amsgrad: False
    betas: (0.9, 0.999)
    capturable: False
    differentiable: False
    eps: 1e-08
    foreach: None
    fused: None
    lr: 0
    maximize: False
    weight_decay: 0.0001

Parameter Group 1
    amsgrad: False
    betas: (0.9, 0.999)
    capturable: False
    differentiable: False
    eps: 1e-08
    foreach: None
    fused: None
    lr: 0.0001
    maximize: False
    weight_decay: 0.0001
)
Trainer Initialization Finished.
Early stopped on epoch 171
Training finished.
Training loss: 0.8616494536399841, training accuracy: 0.693359375
Highest validation F1: 0.6991869918699187
Fold 8 Network accuracy: 0.4625
###################### Fold 9 ######################
Training set data amount: 960
Use CUDA
Model dump location: models/model_state_dict_9.pt
Log dump location: logs/log_9
Optimizer configuration:
AdamW (
Parameter Group 0
    amsgrad: False
    betas: (0.9, 0.999)
    capturable: False
    differentiable: False
    eps: 1e-08
    foreach: None
    fused: None
    lr: 0
    maximize: False
    weight_decay: 0.0001

Parameter Group 1
    amsgrad: False
    betas: (0.9, 0.999)
    capturable: False
    differentiable: False
    eps: 1e-08
    foreach: None
    fused: None
    lr: 0.0001
    maximize: False
    weight_decay: 0.0001
)
Trainer Initialization Finished.
Early stopped on epoch 285
Training finished.
Training loss: 0.6057605743408203, training accuracy: 0.826171875
Highest validation F1: 0.5696443228454171
Fold 9 Network accuracy: 0.665625
###################### Fold 10 ######################
Training set data amount: 960
Use CUDA
Model dump location: models/model_state_dict_10.pt
Log dump location: logs/log_10
Optimizer configuration:
AdamW (
Parameter Group 0
    amsgrad: False
    betas: (0.9, 0.999)
    capturable: False
    differentiable: False
    eps: 1e-08
    foreach: None
    fused: None
    lr: 0
    maximize: False
    weight_decay: 0.0001

Parameter Group 1
    amsgrad: False
    betas: (0.9, 0.999)
    capturable: False
    differentiable: False
    eps: 1e-08
    foreach: None
    fused: None
    lr: 0.0001
    maximize: False
    weight_decay: 0.0001
)
Trainer Initialization Finished.
Training finished.
Training loss: 0.48487505316734314, training accuracy: 0.90234375
Highest validation F1: 0.6411889596602972
Fold 10 Network accuracy: 0.646875
###################### Fold 11 ######################
Training set data amount: 960
Use CUDA
Model dump location: models/model_state_dict_11.pt
Log dump location: logs/log_11
Optimizer configuration:
AdamW (
Parameter Group 0
    amsgrad: False
    betas: (0.9, 0.999)
    capturable: False
    differentiable: False
    eps: 1e-08
    foreach: None
    fused: None
    lr: 0
    maximize: False
    weight_decay: 0.0001

Parameter Group 1
    amsgrad: False
    betas: (0.9, 0.999)
    capturable: False
    differentiable: False
    eps: 1e-08
    foreach: None
    fused: None
    lr: 0.0001
    maximize: False
    weight_decay: 0.0001
)
Trainer Initialization Finished.
Early stopped on epoch 296
Training finished.
Training loss: 0.7687061429023743, training accuracy: 0.740234375
Highest validation F1: 0.6554621848739496
Fold 11 Network accuracy: 0.496875
###################### Fold 12 ######################
Training set data amount: 960
Use CUDA
Model dump location: models/model_state_dict_12.pt
Log dump location: logs/log_12
Optimizer configuration:
AdamW (
Parameter Group 0
    amsgrad: False
    betas: (0.9, 0.999)
    capturable: False
    differentiable: False
    eps: 1e-08
    foreach: None
    fused: None
    lr: 0
    maximize: False
    weight_decay: 0.0001

Parameter Group 1
    amsgrad: False
    betas: (0.9, 0.999)
    capturable: False
    differentiable: False
    eps: 1e-08
    foreach: None
    fused: None
    lr: 0.0001
    maximize: False
    weight_decay: 0.0001
)
Trainer Initialization Finished.
Early stopped on epoch 129
Training finished.
Training loss: 0.8555102944374084, training accuracy: 0.6953125
Highest validation F1: 0.5397358786610879
Fold 12 Network accuracy: 0.521875
###################### Fold 13 ######################
Training set data amount: 960
Use CUDA
Model dump location: models/model_state_dict_13.pt
Log dump location: logs/log_13
Optimizer configuration:
AdamW (
Parameter Group 0
    amsgrad: False
    betas: (0.9, 0.999)
    capturable: False
    differentiable: False
    eps: 1e-08
    foreach: None
    fused: None
    lr: 0
    maximize: False
    weight_decay: 0.0001

Parameter Group 1
    amsgrad: False
    betas: (0.9, 0.999)
    capturable: False
    differentiable: False
    eps: 1e-08
    foreach: None
    fused: None
    lr: 0.0001
    maximize: False
    weight_decay: 0.0001
)
Trainer Initialization Finished.
Early stopped on epoch 101
Training finished.
Training loss: 0.8710504174232483, training accuracy: 0.693359375
Highest validation F1: 0.7118983957219251
Fold 13 Network accuracy: 0.434375
###################### Fold 14 ######################
Training set data amount: 960
Use CUDA
Model dump location: models/model_state_dict_14.pt
Log dump location: logs/log_14
Optimizer configuration:
AdamW (
Parameter Group 0
    amsgrad: False
    betas: (0.9, 0.999)
    capturable: False
    differentiable: False
    eps: 1e-08
    foreach: None
    fused: None
    lr: 0
    maximize: False
    weight_decay: 0.0001

Parameter Group 1
    amsgrad: False
    betas: (0.9, 0.999)
    capturable: False
    differentiable: False
    eps: 1e-08
    foreach: None
    fused: None
    lr: 0.0001
    maximize: False
    weight_decay: 0.0001
)
Trainer Initialization Finished.
Early stopped on epoch 132
Training finished.
Training loss: 0.8200178742408752, training accuracy: 0.7109375
Highest validation F1: 0.6550135501355013
Fold 14 Network accuracy: 0.61875
###################### Fold 15 ######################
Training set data amount: 960
Use CUDA
Model dump location: models/model_state_dict_15.pt
Log dump location: logs/log_15
Optimizer configuration:
AdamW (
Parameter Group 0
    amsgrad: False
    betas: (0.9, 0.999)
    capturable: False
    differentiable: False
    eps: 1e-08
    foreach: None
    fused: None
    lr: 0
    maximize: False
    weight_decay: 0.0001

Parameter Group 1
    amsgrad: False
    betas: (0.9, 0.999)
    capturable: False
    differentiable: False
    eps: 1e-08
    foreach: None
    fused: None
    lr: 0.0001
    maximize: False
    weight_decay: 0.0001
)
Trainer Initialization Finished.
Early stopped on epoch 203
Training finished.
Training loss: 0.5859673619270325, training accuracy: 0.83984375
Highest validation F1: 0.6356090475202324
Fold 15 Network accuracy: 0.540625
###################### Fold 16 ######################
Training set data amount: 960
Use CUDA
Model dump location: models/model_state_dict_16.pt
Log dump location: logs/log_16
Optimizer configuration:
AdamW (
Parameter Group 0
    amsgrad: False
    betas: (0.9, 0.999)
    capturable: False
    differentiable: False
    eps: 1e-08
    foreach: None
    fused: None
    lr: 0
    maximize: False
    weight_decay: 0.0001

Parameter Group 1
    amsgrad: False
    betas: (0.9, 0.999)
    capturable: False
    differentiable: False
    eps: 1e-08
    foreach: None
    fused: None
    lr: 0.0001
    maximize: False
    weight_decay: 0.0001
)
Trainer Initialization Finished.
Early stopped on epoch 101
Training finished.
Training loss: 0.9031082987785339, training accuracy: 0.669921875
Highest validation F1: 0.8166666666666667
Fold 16 Network accuracy: 0.5
###################### Fold 17 ######################
Training set data amount: 960
Use CUDA
Model dump location: models/model_state_dict_17.pt
Log dump location: logs/log_17
Optimizer configuration:
AdamW (
Parameter Group 0
    amsgrad: False
    betas: (0.9, 0.999)
    capturable: False
    differentiable: False
    eps: 1e-08
    foreach: None
    fused: None
    lr: 0
    maximize: False
    weight_decay: 0.0001

Parameter Group 1
    amsgrad: False
    betas: (0.9, 0.999)
    capturable: False
    differentiable: False
    eps: 1e-08
    foreach: None
    fused: None
    lr: 0.0001
    maximize: False
    weight_decay: 0.0001
)
Trainer Initialization Finished.
Early stopped on epoch 219
Training finished.
Training loss: 0.757361650466919, training accuracy: 0.767578125
Highest validation F1: 0.6858316221765913
Fold 17 Network accuracy: 0.428125
###################### Fold 18 ######################
Training set data amount: 960
Use CUDA
Model dump location: models/model_state_dict_18.pt
Log dump location: logs/log_18
Optimizer configuration:
AdamW (
Parameter Group 0
    amsgrad: False
    betas: (0.9, 0.999)
    capturable: False
    differentiable: False
    eps: 1e-08
    foreach: None
    fused: None
    lr: 0
    maximize: False
    weight_decay: 0.0001

Parameter Group 1
    amsgrad: False
    betas: (0.9, 0.999)
    capturable: False
    differentiable: False
    eps: 1e-08
    foreach: None
    fused: None
    lr: 0.0001
    maximize: False
    weight_decay: 0.0001
)
Trainer Initialization Finished.
Early stopped on epoch 289
Training finished.
Training loss: 0.6164637804031372, training accuracy: 0.828125
Highest validation F1: 0.7596899224806202
Fold 18 Network accuracy: 0.75625
###################### Fold 19 ######################
Training set data amount: 960
Use CUDA
Model dump location: models/model_state_dict_19.pt
Log dump location: logs/log_19
Optimizer configuration:
AdamW (
Parameter Group 0
    amsgrad: False
    betas: (0.9, 0.999)
    capturable: False
    differentiable: False
    eps: 1e-08
    foreach: None
    fused: None
    lr: 0
    maximize: False
    weight_decay: 0.0001

Parameter Group 1
    amsgrad: False
    betas: (0.9, 0.999)
    capturable: False
    differentiable: False
    eps: 1e-08
    foreach: None
    fused: None
    lr: 0.0001
    maximize: False
    weight_decay: 0.0001
)
Trainer Initialization Finished.
Training finished.
Training loss: 0.5761660933494568, training accuracy: 0.84765625
Highest validation F1: 0.6411889596602972
Fold 19 Network accuracy: 0.534375
###################### Fold 20 ######################
Training set data amount: 960
Use CUDA
Model dump location: models/model_state_dict_20.pt
Log dump location: logs/log_20
Optimizer configuration:
AdamW (
Parameter Group 0
    amsgrad: False
    betas: (0.9, 0.999)
    capturable: False
    differentiable: False
    eps: 1e-08
    foreach: None
    fused: None
    lr: 0
    maximize: False
    weight_decay: 0.0001

Parameter Group 1
    amsgrad: False
    betas: (0.9, 0.999)
    capturable: False
    differentiable: False
    eps: 1e-08
    foreach: None
    fused: None
    lr: 0.0001
    maximize: False
    weight_decay: 0.0001
)
Trainer Initialization Finished.
Training finished.
Training loss: 0.6180115938186646, training accuracy: 0.841796875
Highest validation F1: 0.6582809224318659
Fold 20 Network accuracy: 0.5625
###################### Fold 21 ######################
Training set data amount: 960
Use CUDA
Model dump location: models/model_state_dict_21.pt
Log dump location: logs/log_21
Optimizer configuration:
AdamW (
Parameter Group 0
    amsgrad: False
    betas: (0.9, 0.999)
    capturable: False
    differentiable: False
    eps: 1e-08
    foreach: None
    fused: None
    lr: 0
    maximize: False
    weight_decay: 0.0001

Parameter Group 1
    amsgrad: False
    betas: (0.9, 0.999)
    capturable: False
    differentiable: False
    eps: 1e-08
    foreach: None
    fused: None
    lr: 0.0001
    maximize: False
    weight_decay: 0.0001
)
Trainer Initialization Finished.
Training finished.
Training loss: 0.6396417021751404, training accuracy: 0.828125
Highest validation F1: 0.6526315789473685
Fold 21 Network accuracy: 0.559375
###################### Fold 22 ######################
Training set data amount: 960
Use CUDA
Model dump location: models/model_state_dict_22.pt
Log dump location: logs/log_22
Optimizer configuration:
AdamW (
Parameter Group 0
    amsgrad: False
    betas: (0.9, 0.999)
    capturable: False
    differentiable: False
    eps: 1e-08
    foreach: None
    fused: None
    lr: 0
    maximize: False
    weight_decay: 0.0001

Parameter Group 1
    amsgrad: False
    betas: (0.9, 0.999)
    capturable: False
    differentiable: False
    eps: 1e-08
    foreach: None
    fused: None
    lr: 0.0001
    maximize: False
    weight_decay: 0.0001
)
Trainer Initialization Finished.
Early stopped on epoch 165
Training finished.
Training loss: 0.8905190229415894, training accuracy: 0.662109375
Highest validation F1: 0.6958998217313797
Fold 22 Network accuracy: 0.628125
###################### Fold 23 ######################
Training set data amount: 960
Use CUDA
Model dump location: models/model_state_dict_23.pt
Log dump location: logs/log_23
Optimizer configuration:
AdamW (
Parameter Group 0
    amsgrad: False
    betas: (0.9, 0.999)
    capturable: False
    differentiable: False
    eps: 1e-08
    foreach: None
    fused: None
    lr: 0
    maximize: False
    weight_decay: 0.0001

Parameter Group 1
    amsgrad: False
    betas: (0.9, 0.999)
    capturable: False
    differentiable: False
    eps: 1e-08
    foreach: None
    fused: None
    lr: 0.0001
    maximize: False
    weight_decay: 0.0001
)
Trainer Initialization Finished.
Training finished.
Training loss: 0.4955333471298218, training accuracy: 0.896484375
Highest validation F1: 0.7901701323251418
Fold 23 Network accuracy: 0.753125
###################### Fold 24 ######################
Training set data amount: 960
Use CUDA
Model dump location: models/model_state_dict_24.pt
Log dump location: logs/log_24
Optimizer configuration:
AdamW (
Parameter Group 0
    amsgrad: False
    betas: (0.9, 0.999)
    capturable: False
    differentiable: False
    eps: 1e-08
    foreach: None
    fused: None
    lr: 0
    maximize: False
    weight_decay: 0.0001

Parameter Group 1
    amsgrad: False
    betas: (0.9, 0.999)
    capturable: False
    differentiable: False
    eps: 1e-08
    foreach: None
    fused: None
    lr: 0.0001
    maximize: False
    weight_decay: 0.0001
)
Trainer Initialization Finished.
Early stopped on epoch 161
Training finished.
Training loss: 0.8897579312324524, training accuracy: 0.6875
Highest validation F1: 0.5287347496399221
Fold 24 Network accuracy: 0.478125
###################### Fold 25 ######################
Training set data amount: 960
Use CUDA
Model dump location: models/model_state_dict_25.pt
Log dump location: logs/log_25
Optimizer configuration:
AdamW (
Parameter Group 0
    amsgrad: False
    betas: (0.9, 0.999)
    capturable: False
    differentiable: False
    eps: 1e-08
    foreach: None
    fused: None
    lr: 0
    maximize: False
    weight_decay: 0.0001

Parameter Group 1
    amsgrad: False
    betas: (0.9, 0.999)
    capturable: False
    differentiable: False
    eps: 1e-08
    foreach: None
    fused: None
    lr: 0.0001
    maximize: False
    weight_decay: 0.0001
)
Trainer Initialization Finished.
Training finished.
Training loss: 0.7211607694625854, training accuracy: 0.765625
Highest validation F1: 0.6721991701244814
Fold 25 Network accuracy: 0.5375
###################### Fold 26 ######################
Training set data amount: 960
Use CUDA
Model dump location: models/model_state_dict_26.pt
Log dump location: logs/log_26
Optimizer configuration:
AdamW (
Parameter Group 0
    amsgrad: False
    betas: (0.9, 0.999)
    capturable: False
    differentiable: False
    eps: 1e-08
    foreach: None
    fused: None
    lr: 0
    maximize: False
    weight_decay: 0.0001

Parameter Group 1
    amsgrad: False
    betas: (0.9, 0.999)
    capturable: False
    differentiable: False
    eps: 1e-08
    foreach: None
    fused: None
    lr: 0.0001
    maximize: False
    weight_decay: 0.0001
)
Trainer Initialization Finished.
Early stopped on epoch 239
Training finished.
Training loss: 0.7481673955917358, training accuracy: 0.76171875
Highest validation F1: 0.6206896551724138
Fold 26 Network accuracy: 0.5
###################### Fold 27 ######################
Training set data amount: 960
Use CUDA
Model dump location: models/model_state_dict_27.pt
Log dump location: logs/log_27
Optimizer configuration:
AdamW (
Parameter Group 0
    amsgrad: False
    betas: (0.9, 0.999)
    capturable: False
    differentiable: False
    eps: 1e-08
    foreach: None
    fused: None
    lr: 0
    maximize: False
    weight_decay: 0.0001

Parameter Group 1
    amsgrad: False
    betas: (0.9, 0.999)
    capturable: False
    differentiable: False
    eps: 1e-08
    foreach: None
    fused: None
    lr: 0.0001
    maximize: False
    weight_decay: 0.0001
)
Trainer Initialization Finished.
Training finished.
Training loss: 0.5818214416503906, training accuracy: 0.875
Highest validation F1: 0.8672566371681416
Fold 27 Network accuracy: 0.64375
###################### Fold 28 ######################
Training set data amount: 960
Use CUDA
Model dump location: models/model_state_dict_28.pt
Log dump location: logs/log_28
Optimizer configuration:
AdamW (
Parameter Group 0
    amsgrad: False
    betas: (0.9, 0.999)
    capturable: False
    differentiable: False
    eps: 1e-08
    foreach: None
    fused: None
    lr: 0
    maximize: False
    weight_decay: 0.0001

Parameter Group 1
    amsgrad: False
    betas: (0.9, 0.999)
    capturable: False
    differentiable: False
    eps: 1e-08
    foreach: None
    fused: None
    lr: 0.0001
    maximize: False
    weight_decay: 0.0001
)
Trainer Initialization Finished.
Training finished.
Training loss: 0.604780375957489, training accuracy: 0.826171875
Highest validation F1: 0.6638830897703549
Fold 28 Network accuracy: 0.646875
###################### Fold 29 ######################
Training set data amount: 960
Use CUDA
Model dump location: models/model_state_dict_29.pt
Log dump location: logs/log_29
Optimizer configuration:
AdamW (
Parameter Group 0
    amsgrad: False
    betas: (0.9, 0.999)
    capturable: False
    differentiable: False
    eps: 1e-08
    foreach: None
    fused: None
    lr: 0
    maximize: False
    weight_decay: 0.0001

Parameter Group 1
    amsgrad: False
    betas: (0.9, 0.999)
    capturable: False
    differentiable: False
    eps: 1e-08
    foreach: None
    fused: None
    lr: 0.0001
    maximize: False
    weight_decay: 0.0001
)
Trainer Initialization Finished.
Training finished.
Training loss: 0.5613732933998108, training accuracy: 0.845703125
Highest validation F1: 0.7078933831492311
Fold 29 Network accuracy: 0.509375
###################### Fold 30 ######################
Training set data amount: 960
Use CUDA
Model dump location: models/model_state_dict_30.pt
Log dump location: logs/log_30
Optimizer configuration:
AdamW (
Parameter Group 0
    amsgrad: False
    betas: (0.9, 0.999)
    capturable: False
    differentiable: False
    eps: 1e-08
    foreach: None
    fused: None
    lr: 0
    maximize: False
    weight_decay: 0.0001

Parameter Group 1
    amsgrad: False
    betas: (0.9, 0.999)
    capturable: False
    differentiable: False
    eps: 1e-08
    foreach: None
    fused: None
    lr: 0.0001
    maximize: False
    weight_decay: 0.0001
)
Trainer Initialization Finished.
Early stopped on epoch 284
Training finished.
Training loss: 0.6419950723648071, training accuracy: 0.830078125
Highest validation F1: 0.6353944562899787
Fold 30 Network accuracy: 0.490625
###################### Fold 31 ######################
Training set data amount: 960
Use CUDA
Model dump location: models/model_state_dict_31.pt
Log dump location: logs/log_31
Optimizer configuration:
AdamW (
Parameter Group 0
    amsgrad: False
    betas: (0.9, 0.999)
    capturable: False
    differentiable: False
    eps: 1e-08
    foreach: None
    fused: None
    lr: 0
    maximize: False
    weight_decay: 0.0001

Parameter Group 1
    amsgrad: False
    betas: (0.9, 0.999)
    capturable: False
    differentiable: False
    eps: 1e-08
    foreach: None
    fused: None
    lr: 0.0001
    maximize: False
    weight_decay: 0.0001
)
Trainer Initialization Finished.
Training finished.
Training loss: 0.5749558210372925, training accuracy: 0.8515625
Highest validation F1: 0.7351778656126482
Fold 31 Network accuracy: 0.51875
###################### Fold 32 ######################
Training set data amount: 960
Use CUDA
Model dump location: models/model_state_dict_32.pt
Log dump location: logs/log_32
Optimizer configuration:
AdamW (
Parameter Group 0
    amsgrad: False
    betas: (0.9, 0.999)
    capturable: False
    differentiable: False
    eps: 1e-08
    foreach: None
    fused: None
    lr: 0
    maximize: False
    weight_decay: 0.0001

Parameter Group 1
    amsgrad: False
    betas: (0.9, 0.999)
    capturable: False
    differentiable: False
    eps: 1e-08
    foreach: None
    fused: None
    lr: 0.0001
    maximize: False
    weight_decay: 0.0001
)
Trainer Initialization Finished.
Early stopped on epoch 213
Training finished.
Training loss: 0.6635440587997437, training accuracy: 0.802734375
Highest validation F1: 0.558752417794971
Fold 32 Network accuracy: 0.40625
Full Record:
[{'accuracy': 0.46875, 'precision': 0.4701298701298701, 'recall': 0.46875, 'f1': 0.46929936305732484, 'loss': 1.5493345260620117}, {'accuracy': 0.3875, 'precision': 1.0, 'recall': 0.3875, 'f1': 0.5585585585585585, 'loss': 1.224777102470398}, {'accuracy': 0.66875, 'precision': 1.0, 'recall': 0.66875, 'f1': 0.8014981273408239, 'loss': 0.9584892392158508}, {'accuracy': 0.509375, 'precision': 0.6523809523809524, 'recall': 0.509375, 'f1': 0.35897926634768745, 'loss': 1.0216513872146606}, {'accuracy': 0.5375, 'precision': 1.0, 'recall': 0.5375, 'f1': 0.6991869918699187, 'loss': 1.2925660610198975}, {'accuracy': 0.6875, 'precision': 1.0, 'recall': 0.6875, 'f1': 0.8148148148148147, 'loss': 0.9389140009880066}, {'accuracy': 0.5375, 'precision': 1.0, 'recall': 0.5375, 'f1': 0.6991869918699187, 'loss': 1.0488805770874023}, {'accuracy': 0.4625, 'precision': 0.5875, 'recall': 0.4625, 'f1': 0.49833333333333324, 'loss': 1.119131326675415}, {'accuracy': 0.665625, 'precision': 0.67641385537224, 'recall': 0.665625, 'f1': 0.6658621854081004, 'loss': 0.9355354309082031}, {'accuracy': 0.646875, 'precision': 0.6732323232323233, 'recall': 0.646875, 'f1': 0.6344848608006503, 'loss': 1.321339726448059}, {'accuracy': 0.496875, 'precision': 0.7667399804496579, 'recall': 0.496875, 'f1': 0.5802218380870067, 'loss': 1.082984209060669}, {'accuracy': 0.521875, 'precision': 0.5226180378852134, 'recall': 0.521875, 'f1': 0.5179156943254659, 'loss': 1.0208394527435303}, {'accuracy': 0.434375, 'precision': 0.36424242424242426, 'recall': 0.434375, 'f1': 0.3504906083543594, 'loss': 1.104251503944397}, {'accuracy': 0.61875, 'precision': 0.6233656854094811, 'recall': 0.61875, 'f1': 0.6179337231968811, 'loss': 0.9799726605415344}, {'accuracy': 0.540625, 'precision': 0.5425641025641026, 'recall': 0.540625, 'f1': 0.5411118737131092, 'loss': 1.1820794343948364}, {'accuracy': 0.5, 'precision': 0.75, 'recall': 0.5, 'f1': 0.3333333333333333, 'loss': 1.032155156135559}, {'accuracy': 0.428125, 'precision': 0.5796683703791751, 'recall': 0.428125, 'f1': 0.4631228528866324, 'loss': 1.326908826828003}, {'accuracy': 0.75625, 'precision': 1.0, 'recall': 0.75625, 'f1': 0.8612099644128113, 'loss': 0.7502561211585999}, {'accuracy': 0.534375, 'precision': 0.6610512129380054, 'recall': 0.534375, 'f1': 0.5653604966773781, 'loss': 1.3150596618652344}, {'accuracy': 0.5625, 'precision': 1.0, 'recall': 0.5625, 'f1': 0.72, 'loss': 1.1402372121810913}, {'accuracy': 0.559375, 'precision': 0.5969286916363352, 'recall': 0.559375, 'f1': 0.5661206581713734, 'loss': 1.050934910774231}, {'accuracy': 0.628125, 'precision': 0.6383105907573071, 'recall': 0.628125, 'f1': 0.62665157787109, 'loss': 0.9924194812774658}, {'accuracy': 0.753125, 'precision': 1.0, 'recall': 0.753125, 'f1': 0.8591800356506238, 'loss': 0.8519884943962097}, {'accuracy': 0.478125, 'precision': 0.4758610284926075, 'recall': 0.478125, 'f1': 0.46559465594655947, 'loss': 1.096524953842163}, {'accuracy': 0.5375, 'precision': 0.5375234521575984, 'recall': 0.5375, 'f1': 0.5374277230817315, 'loss': 1.2574211359024048}, {'accuracy': 0.5, 'precision': 0.7766057196436943, 'recall': 0.5, 'f1': 0.5822478175419351, 'loss': 1.1739075183868408}, {'accuracy': 0.64375, 'precision': 1.0, 'recall': 0.64375, 'f1': 0.7832699619771863, 'loss': 1.1868044137954712}, {'accuracy': 0.646875, 'precision': 0.6758021390374332, 'recall': 0.646875, 'f1': 0.6540343218425411, 'loss': 1.0137113332748413}, {'accuracy': 0.509375, 'precision': 0.512847446670976, 'recall': 0.509375, 'f1': 0.50841631104789, 'loss': 1.322335958480835}, {'accuracy': 0.490625, 'precision': 1.0, 'recall': 0.490625, 'f1': 0.6582809224318659, 'loss': 1.2132445573806763}, {'accuracy': 0.51875, 'precision': 1.0, 'recall': 0.51875, 'f1': 0.6831275720164609, 'loss': 1.3319714069366455}, {'accuracy': 0.40625, 'precision': 0.4018163966617575, 'recall': 0.40625, 'f1': 0.3994705859112639, 'loss': 1.381408452987671}]
For accuracy: 55.12$\pm$3.01 %
For precision: 73.39$\pm$6.82 %
For recall: 55.12$\pm$3.01 %
For f1: 59.61$\pm$4.52 %
