###################### Fold 1 ######################
Training set data amount: 960
Use CUDA
Model dump location: models/model_state_dict_1.pt
Log dump location: logs/log_1
Optimizer configuration:
AdamW (
Parameter Group 0
    amsgrad: False
    betas: (0.9, 0.999)
    capturable: False
    differentiable: False
    eps: 1e-08
    foreach: None
    fused: None
    lr: 0
    maximize: False
    weight_decay: 0.0001

Parameter Group 1
    amsgrad: False
    betas: (0.9, 0.999)
    capturable: False
    differentiable: False
    eps: 1e-08
    foreach: None
    fused: None
    lr: 0.0001
    maximize: False
    weight_decay: 0.0001
)
Trainer Initialization Finished.
Early stopped on epoch 225
Training finished.
Training loss: 0.8061344027519226, training accuracy: 0.728515625
Highest validation F1: 1.0
Fold 1 Network accuracy: 0.628125
###################### Fold 2 ######################
Training set data amount: 960
Use CUDA
Model dump location: models/model_state_dict_2.pt
Log dump location: logs/log_2
Optimizer configuration:
AdamW (
Parameter Group 0
    amsgrad: False
    betas: (0.9, 0.999)
    capturable: False
    differentiable: False
    eps: 1e-08
    foreach: None
    fused: None
    lr: 0
    maximize: False
    weight_decay: 0.0001

Parameter Group 1
    amsgrad: False
    betas: (0.9, 0.999)
    capturable: False
    differentiable: False
    eps: 1e-08
    foreach: None
    fused: None
    lr: 0.0001
    maximize: False
    weight_decay: 0.0001
)
Trainer Initialization Finished.
Early stopped on epoch 249
Training finished.
Training loss: 0.8020250201225281, training accuracy: 0.74609375
Highest validation F1: 0.754863813229572
Fold 2 Network accuracy: 0.528125
###################### Fold 3 ######################
Training set data amount: 960
Use CUDA
Model dump location: models/model_state_dict_3.pt
Log dump location: logs/log_3
Optimizer configuration:
AdamW (
Parameter Group 0
    amsgrad: False
    betas: (0.9, 0.999)
    capturable: False
    differentiable: False
    eps: 1e-08
    foreach: None
    fused: None
    lr: 0
    maximize: False
    weight_decay: 0.0001

Parameter Group 1
    amsgrad: False
    betas: (0.9, 0.999)
    capturable: False
    differentiable: False
    eps: 1e-08
    foreach: None
    fused: None
    lr: 0.0001
    maximize: False
    weight_decay: 0.0001
)
Trainer Initialization Finished.
Early stopped on epoch 101
Training finished.
Training loss: 0.9871593713760376, training accuracy: 0.662109375
Highest validation F1: 0.9937106918238994
Fold 3 Network accuracy: 1.0
###################### Fold 4 ######################
Training set data amount: 960
Use CUDA
Model dump location: models/model_state_dict_4.pt
Log dump location: logs/log_4
Optimizer configuration:
AdamW (
Parameter Group 0
    amsgrad: False
    betas: (0.9, 0.999)
    capturable: False
    differentiable: False
    eps: 1e-08
    foreach: None
    fused: None
    lr: 0
    maximize: False
    weight_decay: 0.0001

Parameter Group 1
    amsgrad: False
    betas: (0.9, 0.999)
    capturable: False
    differentiable: False
    eps: 1e-08
    foreach: None
    fused: None
    lr: 0.0001
    maximize: False
    weight_decay: 0.0001
)
Trainer Initialization Finished.
Early stopped on epoch 101
Training finished.
Training loss: 0.9642198085784912, training accuracy: 0.65625
Highest validation F1: 0.6354545454545455
Fold 4 Network accuracy: 0.471875
###################### Fold 5 ######################
Training set data amount: 960
Use CUDA
Model dump location: models/model_state_dict_5.pt
Log dump location: logs/log_5
Optimizer configuration:
AdamW (
Parameter Group 0
    amsgrad: False
    betas: (0.9, 0.999)
    capturable: False
    differentiable: False
    eps: 1e-08
    foreach: None
    fused: None
    lr: 0
    maximize: False
    weight_decay: 0.0001

Parameter Group 1
    amsgrad: False
    betas: (0.9, 0.999)
    capturable: False
    differentiable: False
    eps: 1e-08
    foreach: None
    fused: None
    lr: 0.0001
    maximize: False
    weight_decay: 0.0001
)
Trainer Initialization Finished.
Early stopped on epoch 281
Training finished.
Training loss: 0.8218241333961487, training accuracy: 0.720703125
Highest validation F1: 0.959349593495935
Fold 5 Network accuracy: 0.56875
###################### Fold 6 ######################
Training set data amount: 960
Use CUDA
Model dump location: models/model_state_dict_6.pt
Log dump location: logs/log_6
Optimizer configuration:
AdamW (
Parameter Group 0
    amsgrad: False
    betas: (0.9, 0.999)
    capturable: False
    differentiable: False
    eps: 1e-08
    foreach: None
    fused: None
    lr: 0
    maximize: False
    weight_decay: 0.0001

Parameter Group 1
    amsgrad: False
    betas: (0.9, 0.999)
    capturable: False
    differentiable: False
    eps: 1e-08
    foreach: None
    fused: None
    lr: 0.0001
    maximize: False
    weight_decay: 0.0001
)
Trainer Initialization Finished.
Early stopped on epoch 204
Training finished.
Training loss: 0.8991400003433228, training accuracy: 0.677734375
Highest validation F1: 0.5578018223234624
Fold 6 Network accuracy: 0.5125
###################### Fold 7 ######################
Training set data amount: 960
Use CUDA
Model dump location: models/model_state_dict_7.pt
Log dump location: logs/log_7
Optimizer configuration:
AdamW (
Parameter Group 0
    amsgrad: False
    betas: (0.9, 0.999)
    capturable: False
    differentiable: False
    eps: 1e-08
    foreach: None
    fused: None
    lr: 0
    maximize: False
    weight_decay: 0.0001

Parameter Group 1
    amsgrad: False
    betas: (0.9, 0.999)
    capturable: False
    differentiable: False
    eps: 1e-08
    foreach: None
    fused: None
    lr: 0.0001
    maximize: False
    weight_decay: 0.0001
)
Trainer Initialization Finished.
Early stopped on epoch 209
Training finished.
Training loss: 0.8609747886657715, training accuracy: 0.6953125
Highest validation F1: 0.9776357827476039
Fold 7 Network accuracy: 0.584375
###################### Fold 8 ######################
Training set data amount: 960
Use CUDA
Model dump location: models/model_state_dict_8.pt
Log dump location: logs/log_8
Optimizer configuration:
AdamW (
Parameter Group 0
    amsgrad: False
    betas: (0.9, 0.999)
    capturable: False
    differentiable: False
    eps: 1e-08
    foreach: None
    fused: None
    lr: 0
    maximize: False
    weight_decay: 0.0001

Parameter Group 1
    amsgrad: False
    betas: (0.9, 0.999)
    capturable: False
    differentiable: False
    eps: 1e-08
    foreach: None
    fused: None
    lr: 0.0001
    maximize: False
    weight_decay: 0.0001
)
Trainer Initialization Finished.
Early stopped on epoch 281
Training finished.
Training loss: 0.8533632159233093, training accuracy: 0.728515625
Highest validation F1: 0.888888888888889
Fold 8 Network accuracy: 0.784375
###################### Fold 9 ######################
Training set data amount: 960
Use CUDA
Model dump location: models/model_state_dict_9.pt
Log dump location: logs/log_9
Optimizer configuration:
AdamW (
Parameter Group 0
    amsgrad: False
    betas: (0.9, 0.999)
    capturable: False
    differentiable: False
    eps: 1e-08
    foreach: None
    fused: None
    lr: 0
    maximize: False
    weight_decay: 0.0001

Parameter Group 1
    amsgrad: False
    betas: (0.9, 0.999)
    capturable: False
    differentiable: False
    eps: 1e-08
    foreach: None
    fused: None
    lr: 0.0001
    maximize: False
    weight_decay: 0.0001
)
Trainer Initialization Finished.
Early stopped on epoch 245
Training finished.
Training loss: 0.8538984060287476, training accuracy: 0.6875
Highest validation F1: 0.9743589743589742
Fold 9 Network accuracy: 0.975
###################### Fold 10 ######################
Training set data amount: 960
Use CUDA
Model dump location: models/model_state_dict_10.pt
Log dump location: logs/log_10
Optimizer configuration:
AdamW (
Parameter Group 0
    amsgrad: False
    betas: (0.9, 0.999)
    capturable: False
    differentiable: False
    eps: 1e-08
    foreach: None
    fused: None
    lr: 0
    maximize: False
    weight_decay: 0.0001

Parameter Group 1
    amsgrad: False
    betas: (0.9, 0.999)
    capturable: False
    differentiable: False
    eps: 1e-08
    foreach: None
    fused: None
    lr: 0.0001
    maximize: False
    weight_decay: 0.0001
)
Trainer Initialization Finished.
Early stopped on epoch 199
Training finished.
Training loss: 0.8022786974906921, training accuracy: 0.755859375
Highest validation F1: 0.7927350427350428
Fold 10 Network accuracy: 0.515625
###################### Fold 11 ######################
Training set data amount: 960
Use CUDA
Model dump location: models/model_state_dict_11.pt
Log dump location: logs/log_11
Optimizer configuration:
AdamW (
Parameter Group 0
    amsgrad: False
    betas: (0.9, 0.999)
    capturable: False
    differentiable: False
    eps: 1e-08
    foreach: None
    fused: None
    lr: 0
    maximize: False
    weight_decay: 0.0001

Parameter Group 1
    amsgrad: False
    betas: (0.9, 0.999)
    capturable: False
    differentiable: False
    eps: 1e-08
    foreach: None
    fused: None
    lr: 0.0001
    maximize: False
    weight_decay: 0.0001
)
Trainer Initialization Finished.
Training finished.
Training loss: 0.8494097590446472, training accuracy: 0.71484375
Highest validation F1: 0.7541988304093568
Fold 11 Network accuracy: 0.534375
###################### Fold 12 ######################
Training set data amount: 960
Use CUDA
Model dump location: models/model_state_dict_12.pt
Log dump location: logs/log_12
Optimizer configuration:
AdamW (
Parameter Group 0
    amsgrad: False
    betas: (0.9, 0.999)
    capturable: False
    differentiable: False
    eps: 1e-08
    foreach: None
    fused: None
    lr: 0
    maximize: False
    weight_decay: 0.0001

Parameter Group 1
    amsgrad: False
    betas: (0.9, 0.999)
    capturable: False
    differentiable: False
    eps: 1e-08
    foreach: None
    fused: None
    lr: 0.0001
    maximize: False
    weight_decay: 0.0001
)
Trainer Initialization Finished.
Early stopped on epoch 262
Training finished.
Training loss: 0.8416114449501038, training accuracy: 0.76953125
Highest validation F1: 0.9627228525121556
Fold 12 Network accuracy: 0.878125
###################### Fold 13 ######################
Training set data amount: 960
Use CUDA
Model dump location: models/model_state_dict_13.pt
Log dump location: logs/log_13
Optimizer configuration:
AdamW (
Parameter Group 0
    amsgrad: False
    betas: (0.9, 0.999)
    capturable: False
    differentiable: False
    eps: 1e-08
    foreach: None
    fused: None
    lr: 0
    maximize: False
    weight_decay: 0.0001

Parameter Group 1
    amsgrad: False
    betas: (0.9, 0.999)
    capturable: False
    differentiable: False
    eps: 1e-08
    foreach: None
    fused: None
    lr: 0.0001
    maximize: False
    weight_decay: 0.0001
)
Trainer Initialization Finished.
Early stopped on epoch 181
Training finished.
Training loss: 1.0088146924972534, training accuracy: 0.583984375
Highest validation F1: 0.5185185185185185
Fold 13 Network accuracy: 0.3375
###################### Fold 14 ######################
Training set data amount: 960
Use CUDA
Model dump location: models/model_state_dict_14.pt
Log dump location: logs/log_14
Optimizer configuration:
AdamW (
Parameter Group 0
    amsgrad: False
    betas: (0.9, 0.999)
    capturable: False
    differentiable: False
    eps: 1e-08
    foreach: None
    fused: None
    lr: 0
    maximize: False
    weight_decay: 0.0001

Parameter Group 1
    amsgrad: False
    betas: (0.9, 0.999)
    capturable: False
    differentiable: False
    eps: 1e-08
    foreach: None
    fused: None
    lr: 0.0001
    maximize: False
    weight_decay: 0.0001
)
Trainer Initialization Finished.
Early stopped on epoch 153
Training finished.
Training loss: 0.9527934789657593, training accuracy: 0.65234375
Highest validation F1: 0.18181818181818182
Fold 14 Network accuracy: 0.215625
###################### Fold 15 ######################
Training set data amount: 960
Use CUDA
Model dump location: models/model_state_dict_15.pt
Log dump location: logs/log_15
Optimizer configuration:
AdamW (
Parameter Group 0
    amsgrad: False
    betas: (0.9, 0.999)
    capturable: False
    differentiable: False
    eps: 1e-08
    foreach: None
    fused: None
    lr: 0
    maximize: False
    weight_decay: 0.0001

Parameter Group 1
    amsgrad: False
    betas: (0.9, 0.999)
    capturable: False
    differentiable: False
    eps: 1e-08
    foreach: None
    fused: None
    lr: 0.0001
    maximize: False
    weight_decay: 0.0001
)
Trainer Initialization Finished.
Early stopped on epoch 197
Training finished.
Training loss: 0.8878633379936218, training accuracy: 0.67578125
Highest validation F1: 0.5309015575513036
Fold 15 Network accuracy: 0.5375
###################### Fold 16 ######################
Training set data amount: 960
Use CUDA
Model dump location: models/model_state_dict_16.pt
Log dump location: logs/log_16
Optimizer configuration:
AdamW (
Parameter Group 0
    amsgrad: False
    betas: (0.9, 0.999)
    capturable: False
    differentiable: False
    eps: 1e-08
    foreach: None
    fused: None
    lr: 0
    maximize: False
    weight_decay: 0.0001

Parameter Group 1
    amsgrad: False
    betas: (0.9, 0.999)
    capturable: False
    differentiable: False
    eps: 1e-08
    foreach: None
    fused: None
    lr: 0.0001
    maximize: False
    weight_decay: 0.0001
)
Trainer Initialization Finished.
Early stopped on epoch 269
Training finished.
Training loss: 0.5548555850982666, training accuracy: 0.865234375
Highest validation F1: 0.6174291057979072
Fold 16 Network accuracy: 0.55625
###################### Fold 17 ######################
Training set data amount: 960
Use CUDA
Model dump location: models/model_state_dict_17.pt
Log dump location: logs/log_17
Optimizer configuration:
AdamW (
Parameter Group 0
    amsgrad: False
    betas: (0.9, 0.999)
    capturable: False
    differentiable: False
    eps: 1e-08
    foreach: None
    fused: None
    lr: 0
    maximize: False
    weight_decay: 0.0001

Parameter Group 1
    amsgrad: False
    betas: (0.9, 0.999)
    capturable: False
    differentiable: False
    eps: 1e-08
    foreach: None
    fused: None
    lr: 0.0001
    maximize: False
    weight_decay: 0.0001
)
Trainer Initialization Finished.
Early stopped on epoch 217
Training finished.
Training loss: 0.8304600715637207, training accuracy: 0.74609375
Highest validation F1: 0.9297658862876255
Fold 17 Network accuracy: 0.56875
###################### Fold 18 ######################
Training set data amount: 960
Use CUDA
Model dump location: models/model_state_dict_18.pt
Log dump location: logs/log_18
Optimizer configuration:
AdamW (
Parameter Group 0
    amsgrad: False
    betas: (0.9, 0.999)
    capturable: False
    differentiable: False
    eps: 1e-08
    foreach: None
    fused: None
    lr: 0
    maximize: False
    weight_decay: 0.0001

Parameter Group 1
    amsgrad: False
    betas: (0.9, 0.999)
    capturable: False
    differentiable: False
    eps: 1e-08
    foreach: None
    fused: None
    lr: 0.0001
    maximize: False
    weight_decay: 0.0001
)
Trainer Initialization Finished.
Early stopped on epoch 211
Training finished.
Training loss: 0.863101601600647, training accuracy: 0.70703125
Highest validation F1: 0.9315525876460768
Fold 18 Network accuracy: 0.834375
###################### Fold 19 ######################
Training set data amount: 960
Use CUDA
Model dump location: models/model_state_dict_19.pt
Log dump location: logs/log_19
Optimizer configuration:
AdamW (
Parameter Group 0
    amsgrad: False
    betas: (0.9, 0.999)
    capturable: False
    differentiable: False
    eps: 1e-08
    foreach: None
    fused: None
    lr: 0
    maximize: False
    weight_decay: 0.0001

Parameter Group 1
    amsgrad: False
    betas: (0.9, 0.999)
    capturable: False
    differentiable: False
    eps: 1e-08
    foreach: None
    fused: None
    lr: 0.0001
    maximize: False
    weight_decay: 0.0001
)
Trainer Initialization Finished.
Training finished.
Training loss: 0.7574010491371155, training accuracy: 0.76171875
Highest validation F1: 0.7326732673267327
Fold 19 Network accuracy: 0.7375
###################### Fold 20 ######################
Training set data amount: 960
Use CUDA
Model dump location: models/model_state_dict_20.pt
Log dump location: logs/log_20
Optimizer configuration:
AdamW (
Parameter Group 0
    amsgrad: False
    betas: (0.9, 0.999)
    capturable: False
    differentiable: False
    eps: 1e-08
    foreach: None
    fused: None
    lr: 0
    maximize: False
    weight_decay: 0.0001

Parameter Group 1
    amsgrad: False
    betas: (0.9, 0.999)
    capturable: False
    differentiable: False
    eps: 1e-08
    foreach: None
    fused: None
    lr: 0.0001
    maximize: False
    weight_decay: 0.0001
)
Trainer Initialization Finished.
Training finished.
Training loss: 0.785399317741394, training accuracy: 0.779296875
Highest validation F1: 0.93687707641196
Fold 20 Network accuracy: 0.878125
###################### Fold 21 ######################
Training set data amount: 960
Use CUDA
Model dump location: models/model_state_dict_21.pt
Log dump location: logs/log_21
Optimizer configuration:
AdamW (
Parameter Group 0
    amsgrad: False
    betas: (0.9, 0.999)
    capturable: False
    differentiable: False
    eps: 1e-08
    foreach: None
    fused: None
    lr: 0
    maximize: False
    weight_decay: 0.0001

Parameter Group 1
    amsgrad: False
    betas: (0.9, 0.999)
    capturable: False
    differentiable: False
    eps: 1e-08
    foreach: None
    fused: None
    lr: 0.0001
    maximize: False
    weight_decay: 0.0001
)
Trainer Initialization Finished.
Early stopped on epoch 292
Training finished.
Training loss: 0.8400263786315918, training accuracy: 0.75390625
Highest validation F1: 0.888888888888889
Fold 21 Network accuracy: 0.73125
###################### Fold 22 ######################
Training set data amount: 960
Use CUDA
Model dump location: models/model_state_dict_22.pt
Log dump location: logs/log_22
Optimizer configuration:
AdamW (
Parameter Group 0
    amsgrad: False
    betas: (0.9, 0.999)
    capturable: False
    differentiable: False
    eps: 1e-08
    foreach: None
    fused: None
    lr: 0
    maximize: False
    weight_decay: 0.0001

Parameter Group 1
    amsgrad: False
    betas: (0.9, 0.999)
    capturable: False
    differentiable: False
    eps: 1e-08
    foreach: None
    fused: None
    lr: 0.0001
    maximize: False
    weight_decay: 0.0001
)
Trainer Initialization Finished.
Training finished.
Training loss: 0.8851653933525085, training accuracy: 0.6953125
Highest validation F1: 0.5150812064965197
Fold 22 Network accuracy: 0.396875
###################### Fold 23 ######################
Training set data amount: 960
Use CUDA
Model dump location: models/model_state_dict_23.pt
Log dump location: logs/log_23
Optimizer configuration:
AdamW (
Parameter Group 0
    amsgrad: False
    betas: (0.9, 0.999)
    capturable: False
    differentiable: False
    eps: 1e-08
    foreach: None
    fused: None
    lr: 0
    maximize: False
    weight_decay: 0.0001

Parameter Group 1
    amsgrad: False
    betas: (0.9, 0.999)
    capturable: False
    differentiable: False
    eps: 1e-08
    foreach: None
    fused: None
    lr: 0.0001
    maximize: False
    weight_decay: 0.0001
)
Trainer Initialization Finished.
Early stopped on epoch 101
Training finished.
Training loss: 1.0404224395751953, training accuracy: 0.54296875
Highest validation F1: 0.9857369255150555
Fold 23 Network accuracy: 0.490625
###################### Fold 24 ######################
Training set data amount: 960
Use CUDA
Model dump location: models/model_state_dict_24.pt
Log dump location: logs/log_24
Optimizer configuration:
AdamW (
Parameter Group 0
    amsgrad: False
    betas: (0.9, 0.999)
    capturable: False
    differentiable: False
    eps: 1e-08
    foreach: None
    fused: None
    lr: 0
    maximize: False
    weight_decay: 0.0001

Parameter Group 1
    amsgrad: False
    betas: (0.9, 0.999)
    capturable: False
    differentiable: False
    eps: 1e-08
    foreach: None
    fused: None
    lr: 0.0001
    maximize: False
    weight_decay: 0.0001
)
Trainer Initialization Finished.
Training finished.
Training loss: 0.8649793267250061, training accuracy: 0.771484375
Highest validation F1: 0.8612099644128113
Fold 24 Network accuracy: 0.828125
###################### Fold 25 ######################
Training set data amount: 960
Use CUDA
Model dump location: models/model_state_dict_25.pt
Log dump location: logs/log_25
Optimizer configuration:
AdamW (
Parameter Group 0
    amsgrad: False
    betas: (0.9, 0.999)
    capturable: False
    differentiable: False
    eps: 1e-08
    foreach: None
    fused: None
    lr: 0
    maximize: False
    weight_decay: 0.0001

Parameter Group 1
    amsgrad: False
    betas: (0.9, 0.999)
    capturable: False
    differentiable: False
    eps: 1e-08
    foreach: None
    fused: None
    lr: 0.0001
    maximize: False
    weight_decay: 0.0001
)
Trainer Initialization Finished.
Training finished.
Training loss: 0.9213854074478149, training accuracy: 0.642578125
Highest validation F1: 0.7250996015936255
Fold 25 Network accuracy: 0.58125
###################### Fold 26 ######################
Training set data amount: 960
Use CUDA
Model dump location: models/model_state_dict_26.pt
Log dump location: logs/log_26
Optimizer configuration:
AdamW (
Parameter Group 0
    amsgrad: False
    betas: (0.9, 0.999)
    capturable: False
    differentiable: False
    eps: 1e-08
    foreach: None
    fused: None
    lr: 0
    maximize: False
    weight_decay: 0.0001

Parameter Group 1
    amsgrad: False
    betas: (0.9, 0.999)
    capturable: False
    differentiable: False
    eps: 1e-08
    foreach: None
    fused: None
    lr: 0.0001
    maximize: False
    weight_decay: 0.0001
)
Trainer Initialization Finished.
Early stopped on epoch 160
Training finished.
Training loss: 1.0023826360702515, training accuracy: 0.591796875
Highest validation F1: 0.5361083024379283
Fold 26 Network accuracy: 0.51875
###################### Fold 27 ######################
Training set data amount: 960
Use CUDA
Model dump location: models/model_state_dict_27.pt
Log dump location: logs/log_27
Optimizer configuration:
AdamW (
Parameter Group 0
    amsgrad: False
    betas: (0.9, 0.999)
    capturable: False
    differentiable: False
    eps: 1e-08
    foreach: None
    fused: None
    lr: 0
    maximize: False
    weight_decay: 0.0001

Parameter Group 1
    amsgrad: False
    betas: (0.9, 0.999)
    capturable: False
    differentiable: False
    eps: 1e-08
    foreach: None
    fused: None
    lr: 0.0001
    maximize: False
    weight_decay: 0.0001
)
Trainer Initialization Finished.
Early stopped on epoch 237
Training finished.
Training loss: 0.7424466013908386, training accuracy: 0.79296875
Highest validation F1: 0.9776357827476039
Fold 27 Network accuracy: 0.96875
###################### Fold 28 ######################
Training set data amount: 960
Use CUDA
Model dump location: models/model_state_dict_28.pt
Log dump location: logs/log_28
Optimizer configuration:
AdamW (
Parameter Group 0
    amsgrad: False
    betas: (0.9, 0.999)
    capturable: False
    differentiable: False
    eps: 1e-08
    foreach: None
    fused: None
    lr: 0
    maximize: False
    weight_decay: 0.0001

Parameter Group 1
    amsgrad: False
    betas: (0.9, 0.999)
    capturable: False
    differentiable: False
    eps: 1e-08
    foreach: None
    fused: None
    lr: 0.0001
    maximize: False
    weight_decay: 0.0001
)
Trainer Initialization Finished.
Early stopped on epoch 247
Training finished.
Training loss: 0.9153230786323547, training accuracy: 0.6484375
Highest validation F1: 0.5627208218283306
Fold 28 Network accuracy: 0.534375
###################### Fold 29 ######################
Training set data amount: 960
Use CUDA
Model dump location: models/model_state_dict_29.pt
Log dump location: logs/log_29
Optimizer configuration:
AdamW (
Parameter Group 0
    amsgrad: False
    betas: (0.9, 0.999)
    capturable: False
    differentiable: False
    eps: 1e-08
    foreach: None
    fused: None
    lr: 0
    maximize: False
    weight_decay: 0.0001

Parameter Group 1
    amsgrad: False
    betas: (0.9, 0.999)
    capturable: False
    differentiable: False
    eps: 1e-08
    foreach: None
    fused: None
    lr: 0.0001
    maximize: False
    weight_decay: 0.0001
)
Trainer Initialization Finished.
Early stopped on epoch 231
Training finished.
Training loss: 0.785495400428772, training accuracy: 0.7578125
Highest validation F1: 0.6694386694386695
Fold 29 Network accuracy: 0.590625
###################### Fold 30 ######################
Training set data amount: 960
Use CUDA
Model dump location: models/model_state_dict_30.pt
Log dump location: logs/log_30
Optimizer configuration:
AdamW (
Parameter Group 0
    amsgrad: False
    betas: (0.9, 0.999)
    capturable: False
    differentiable: False
    eps: 1e-08
    foreach: None
    fused: None
    lr: 0
    maximize: False
    weight_decay: 0.0001

Parameter Group 1
    amsgrad: False
    betas: (0.9, 0.999)
    capturable: False
    differentiable: False
    eps: 1e-08
    foreach: None
    fused: None
    lr: 0.0001
    maximize: False
    weight_decay: 0.0001
)
Trainer Initialization Finished.
Early stopped on epoch 150
Training finished.
Training loss: 0.9873014092445374, training accuracy: 0.61328125
Highest validation F1: 0.358974358974359
Fold 30 Network accuracy: 0.390625
###################### Fold 31 ######################
Training set data amount: 960
Use CUDA
Model dump location: models/model_state_dict_31.pt
Log dump location: logs/log_31
Optimizer configuration:
AdamW (
Parameter Group 0
    amsgrad: False
    betas: (0.9, 0.999)
    capturable: False
    differentiable: False
    eps: 1e-08
    foreach: None
    fused: None
    lr: 0
    maximize: False
    weight_decay: 0.0001

Parameter Group 1
    amsgrad: False
    betas: (0.9, 0.999)
    capturable: False
    differentiable: False
    eps: 1e-08
    foreach: None
    fused: None
    lr: 0.0001
    maximize: False
    weight_decay: 0.0001
)
Trainer Initialization Finished.
Early stopped on epoch 211
Training finished.
Training loss: 0.8946039080619812, training accuracy: 0.6953125
Highest validation F1: 0.48487706913339823
Fold 31 Network accuracy: 0.465625
###################### Fold 32 ######################
Training set data amount: 960
Use CUDA
Model dump location: models/model_state_dict_32.pt
Log dump location: logs/log_32
Optimizer configuration:
AdamW (
Parameter Group 0
    amsgrad: False
    betas: (0.9, 0.999)
    capturable: False
    differentiable: False
    eps: 1e-08
    foreach: None
    fused: None
    lr: 0
    maximize: False
    weight_decay: 0.0001

Parameter Group 1
    amsgrad: False
    betas: (0.9, 0.999)
    capturable: False
    differentiable: False
    eps: 1e-08
    foreach: None
    fused: None
    lr: 0.0001
    maximize: False
    weight_decay: 0.0001
)
Trainer Initialization Finished.
Early stopped on epoch 221
Training finished.
Training loss: 0.7745050191879272, training accuracy: 0.779296875
Highest validation F1: 0.6353944562899787
Fold 32 Network accuracy: 0.553125
Full Record:
[{'accuracy': 0.628125, 'precision': 0.6423501577287066, 'recall': 0.628125, 'f1': 0.49333632117752513, 'loss': 1.132717251777649}, {'accuracy': 0.528125, 'precision': 0.7497214795008913, 'recall': 0.528125, 'f1': 0.6080654598874558, 'loss': 1.1428802013397217}, {'accuracy': 1.0, 'precision': 1.0, 'recall': 1.0, 'f1': 1.0, 'loss': 0.9730713367462158}, {'accuracy': 0.471875, 'precision': 0.7475409836065573, 'recall': 0.471875, 'f1': 0.3247311827956989, 'loss': 1.1166746616363525}, {'accuracy': 0.56875, 'precision': 0.4861895161290322, 'recall': 0.56875, 'f1': 0.49780467118997906, 'loss': 1.151427984237671}, {'accuracy': 0.5125, 'precision': 0.5349883291188485, 'recall': 0.5125, 'f1': 0.5046127777080457, 'loss': 1.1289288997650146}, {'accuracy': 0.584375, 'precision': 0.5415773299028016, 'recall': 0.584375, 'f1': 0.5382387382898146, 'loss': 1.0788815021514893}, {'accuracy': 0.784375, 'precision': 1.0, 'recall': 0.784375, 'f1': 0.8791593695271454, 'loss': 0.8944884538650513}, {'accuracy': 0.975, 'precision': 1.0, 'recall': 0.975, 'f1': 0.9873417721518989, 'loss': 0.3869081735610962}, {'accuracy': 0.515625, 'precision': 0.6042087542087542, 'recall': 0.515625, 'f1': 0.4081935327011913, 'loss': 1.3752437829971313}, {'accuracy': 0.534375, 'precision': 0.6288244766505635, 'recall': 0.534375, 'f1': 0.42987648120912103, 'loss': 1.614647388458252}, {'accuracy': 0.878125, 'precision': 1.0, 'recall': 0.878125, 'f1': 0.9351081530782028, 'loss': 0.6586729884147644}, {'accuracy': 0.3375, 'precision': 1.0, 'recall': 0.3375, 'f1': 0.5046728971962616, 'loss': 1.1985692977905273}, {'accuracy': 0.215625, 'precision': 0.7815426029962547, 'recall': 0.215625, 'f1': 0.21909354641693812, 'loss': 1.291338324546814}, {'accuracy': 0.5375, 'precision': 0.5704869518428841, 'recall': 0.5375, 'f1': 0.549542445684879, 'loss': 1.1043107509613037}, {'accuracy': 0.55625, 'precision': 0.5582785652070631, 'recall': 0.55625, 'f1': 0.5562621444974386, 'loss': 1.2473769187927246}, {'accuracy': 0.56875, 'precision': 0.551076923076923, 'recall': 0.56875, 'f1': 0.5594651653764954, 'loss': 1.1097180843353271}, {'accuracy': 0.834375, 'precision': 0.7871787025703794, 'recall': 0.834375, 'f1': 0.807892587298346, 'loss': 0.6637100577354431}, {'accuracy': 0.7375, 'precision': 1.0, 'recall': 0.7375, 'f1': 0.8489208633093526, 'loss': 0.8187958598136902}, {'accuracy': 0.878125, 'precision': 1.0, 'recall': 0.878125, 'f1': 0.9351081530782028, 'loss': 0.6263648867607117}, {'accuracy': 0.73125, 'precision': 1.0, 'recall': 0.73125, 'f1': 0.8447653429602887, 'loss': 0.8775678873062134}, {'accuracy': 0.396875, 'precision': 1.0, 'recall': 0.396875, 'f1': 0.5682326621923938, 'loss': 1.2228137254714966}, {'accuracy': 0.490625, 'precision': 0.7516025641025641, 'recall': 0.490625, 'f1': 0.3326271186440678, 'loss': 1.1147873401641846}, {'accuracy': 0.828125, 'precision': 1.0, 'recall': 0.828125, 'f1': 0.905982905982906, 'loss': 0.8126352429389954}, {'accuracy': 0.58125, 'precision': 1.0, 'recall': 0.58125, 'f1': 0.7351778656126482, 'loss': 1.061133623123169}, {'accuracy': 0.51875, 'precision': 0.5434460887949261, 'recall': 0.51875, 'f1': 0.46715255368866143, 'loss': 1.1067259311676025}, {'accuracy': 0.96875, 'precision': 1.0, 'recall': 0.96875, 'f1': 0.984126984126984, 'loss': 0.33190345764160156}, {'accuracy': 0.534375, 'precision': 0.5367916999201915, 'recall': 0.534375, 'f1': 0.5335693215339233, 'loss': 1.072216510772705}, {'accuracy': 0.590625, 'precision': 0.8062885643767996, 'recall': 0.590625, 'f1': 0.6604326741403199, 'loss': 1.0252652168273926}, {'accuracy': 0.390625, 'precision': 0.488548801369863, 'recall': 0.390625, 'f1': 0.377884007585335, 'loss': 1.1799756288528442}, {'accuracy': 0.465625, 'precision': 0.4819940476190476, 'recall': 0.465625, 'f1': 0.45686233108108104, 'loss': 1.1447749137878418}, {'accuracy': 0.553125, 'precision': 1.0, 'recall': 0.553125, 'f1': 0.7122736418511066, 'loss': 1.258105754852295}]
For accuracy: 61.55$\pm$6.11 %
For precision: 77.48$\pm$6.58 %
For recall: 61.55$\pm$6.11 %
For f1: 63.02$\pm$7.01 %
