###################### Fold 1 ######################
Use CUDA
log location: logs
Optimizer configuration:
AdamW (
Parameter Group 0
    amsgrad: False
    betas: (0.9, 0.999)
    capturable: False
    differentiable: False
    eps: 1e-08
    foreach: None
    fused: None
    lr: 0.001
    maximize: False
    weight_decay: 0.01
)
Trainer Initialization Finished.
Epoch 1
Train loss: 0.7278529405593872, train accuracy: 0.4296875
Validating:
Validate loss: 0.6848810315132141, validate accuracy: 0.5642857142857143, ensemble accuracy: 0.7333333333333333, F1: 0.6666666666666666.
Epoch 2
Train loss: 0.6670628190040588, train accuracy: 0.6796875
Validating:
Validate loss: 0.6486721038818359, validate accuracy: 0.6833333333333333, ensemble accuracy: 0.6, F1: 0.625.
Epoch 3
Train loss: 0.6871470808982849, train accuracy: 0.5859375
Validating:
Validate loss: 0.6341445446014404, validate accuracy: 0.6642857142857143, ensemble accuracy: 0.6, F1: 0.625.
Epoch 4
Train loss: 0.6655316948890686, train accuracy: 0.6875
Validating:
Validate loss: 0.622710108757019, validate accuracy: 0.6785714285714286, ensemble accuracy: 0.7333333333333333, F1: 0.75.
Epoch 5
Train loss: 0.6406969428062439, train accuracy: 0.6640625
Validating:
Validate loss: 0.6210072040557861, validate accuracy: 0.6738095238095239, ensemble accuracy: 0.7333333333333333, F1: 0.75.
Epoch 6
Train loss: 0.6476346254348755, train accuracy: 0.6328125
Validating:
Validate loss: 0.6255390048027039, validate accuracy: 0.6714285714285714, ensemble accuracy: 0.7333333333333333, F1: 0.75.
Epoch 7
Train loss: 0.704070508480072, train accuracy: 0.5703125
Validating:
Validate loss: 0.6204869151115417, validate accuracy: 0.6880952380952381, ensemble accuracy: 0.7333333333333333, F1: 0.75.
Epoch 8
Train loss: 0.6778743267059326, train accuracy: 0.6328125
Validating:
Validate loss: 0.6201162934303284, validate accuracy: 0.6928571428571428, ensemble accuracy: 0.7333333333333333, F1: 0.75.
Epoch 9
Train loss: 0.7066812515258789, train accuracy: 0.5703125
Validating:
Validate loss: 0.6225547790527344, validate accuracy: 0.6952380952380952, ensemble accuracy: 0.7333333333333333, F1: 0.75.
Epoch 10
Train loss: 0.6235923767089844, train accuracy: 0.671875
Validating:
Validate loss: 0.6166524887084961, validate accuracy: 0.7119047619047619, ensemble accuracy: 0.7333333333333333, F1: 0.75.
Epoch 11
Train loss: 0.6729638576507568, train accuracy: 0.6171875
Validating:
Validate loss: 0.6176509857177734, validate accuracy: 0.7119047619047619, ensemble accuracy: 0.7333333333333333, F1: 0.75.
Epoch 12
Train loss: 0.6365418434143066, train accuracy: 0.671875
Validating:
Validate loss: 0.6186951398849487, validate accuracy: 0.7119047619047619, ensemble accuracy: 0.7333333333333333, F1: 0.75.
Epoch 13
Train loss: 0.6380589008331299, train accuracy: 0.65625
Validating:
Validate loss: 0.6186589598655701, validate accuracy: 0.7142857142857143, ensemble accuracy: 0.7333333333333333, F1: 0.75.
Epoch 14
Train loss: 0.6457674503326416, train accuracy: 0.6171875
Validating:
Validate loss: 0.6180769205093384, validate accuracy: 0.7166666666666667, ensemble accuracy: 0.7333333333333333, F1: 0.75.
Epoch 15
Train loss: 0.641434371471405, train accuracy: 0.6953125
Validating:
Validate loss: 0.6172523498535156, validate accuracy: 0.719047619047619, ensemble accuracy: 0.7333333333333333, F1: 0.75.
Epoch 16
Train loss: 0.7216718196868896, train accuracy: 0.5859375
Validating:
Validate loss: 0.6182042956352234, validate accuracy: 0.7071428571428572, ensemble accuracy: 0.7333333333333333, F1: 0.75.
Epoch 17
Train loss: 0.6604093313217163, train accuracy: 0.6171875
Validating:
Validate loss: 0.6137571930885315, validate accuracy: 0.7238095238095238, ensemble accuracy: 0.7333333333333333, F1: 0.75.
Epoch 18
Train loss: 0.6475594639778137, train accuracy: 0.6484375
Validating:
Validate loss: 0.6171800494194031, validate accuracy: 0.7166666666666667, ensemble accuracy: 0.7333333333333333, F1: 0.75.
Epoch 19
Train loss: 0.6561990976333618, train accuracy: 0.6328125
Validating:
Validate loss: 0.6148540377616882, validate accuracy: 0.7142857142857143, ensemble accuracy: 0.7333333333333333, F1: 0.75.
Epoch 20
Train loss: 0.6177394390106201, train accuracy: 0.7265625
Validating:
Validate loss: 0.6141897439956665, validate accuracy: 0.7142857142857143, ensemble accuracy: 0.7333333333333333, F1: 0.75.
Training Finished.
############ Fold 1 Network accuracy: 0.7333333333333333
###################### Fold 2 ######################
Use CUDA
log location: logs
Optimizer configuration:
AdamW (
Parameter Group 0
    amsgrad: False
    betas: (0.9, 0.999)
    capturable: False
    differentiable: False
    eps: 1e-08
    foreach: None
    fused: None
    lr: 0.001
    maximize: False
    weight_decay: 0.01
)
Trainer Initialization Finished.
Epoch 1
Train loss: 0.6823009848594666, train accuracy: 0.6484375
Validating:
Validate loss: 0.6303065419197083, validate accuracy: 0.6595238095238095, ensemble accuracy: 0.6, F1: 0.6666666666666666.
Epoch 2
Train loss: 0.68399977684021, train accuracy: 0.609375
Validating:
Validate loss: 0.6169793009757996, validate accuracy: 0.6785714285714286, ensemble accuracy: 0.8, F1: 0.8.
Epoch 3
Train loss: 0.6171873807907104, train accuracy: 0.75
Validating:
Validate loss: 0.6230955123901367, validate accuracy: 0.6928571428571428, ensemble accuracy: 0.8666666666666667, F1: 0.8571428571428571.
Epoch 4
Train loss: 0.6387478113174438, train accuracy: 0.625
Validating:
Validate loss: 0.6200175881385803, validate accuracy: 0.6976190476190476, ensemble accuracy: 0.8, F1: 0.8.
Epoch 5
Train loss: 0.6292358040809631, train accuracy: 0.6875
Validating:
Validate loss: 0.6226969957351685, validate accuracy: 0.6857142857142857, ensemble accuracy: 0.8666666666666667, F1: 0.8571428571428571.
Epoch 6
Train loss: 0.6187930703163147, train accuracy: 0.7109375
Validating:
Validate loss: 0.6289182305335999, validate accuracy: 0.669047619047619, ensemble accuracy: 0.7333333333333333, F1: 0.75.
Epoch 7
Train loss: 0.6401128768920898, train accuracy: 0.6640625
Validating:
Validate loss: 0.6276785135269165, validate accuracy: 0.6642857142857143, ensemble accuracy: 0.8, F1: 0.8.
Epoch 8
Train loss: 0.6475670337677002, train accuracy: 0.6171875
Validating:
Validate loss: 0.6316381692886353, validate accuracy: 0.6476190476190476, ensemble accuracy: 0.7333333333333333, F1: 0.75.
Epoch 9
Train loss: 0.6287797689437866, train accuracy: 0.671875
Validating:
Validate loss: 0.6359347701072693, validate accuracy: 0.6452380952380953, ensemble accuracy: 0.8, F1: 0.8.
Epoch 10
Train loss: 0.6569188833236694, train accuracy: 0.6484375
Validating:
Validate loss: 0.6339592933654785, validate accuracy: 0.6428571428571429, ensemble accuracy: 0.8, F1: 0.8.
Epoch 11
Train loss: 0.6552915573120117, train accuracy: 0.59375
Validating:
Validate loss: 0.6320948004722595, validate accuracy: 0.65, ensemble accuracy: 0.7333333333333333, F1: 0.75.
Epoch 12
Train loss: 0.6493099927902222, train accuracy: 0.6640625
Validating:
Validate loss: 0.6382386088371277, validate accuracy: 0.65, ensemble accuracy: 0.7333333333333333, F1: 0.75.
Epoch 13
Train loss: 0.7157821655273438, train accuracy: 0.53125
Validating:
Validate loss: 0.6356197595596313, validate accuracy: 0.6476190476190476, ensemble accuracy: 0.7333333333333333, F1: 0.75.
Epoch 14
Train loss: 0.6771299242973328, train accuracy: 0.59375
Validating:
Validate loss: 0.6402186751365662, validate accuracy: 0.6595238095238095, ensemble accuracy: 0.7333333333333333, F1: 0.75.
Epoch 15
Train loss: 0.6731717586517334, train accuracy: 0.625
Validating:
Validate loss: 0.6439085602760315, validate accuracy: 0.6595238095238095, ensemble accuracy: 0.8, F1: 0.8.
Epoch 16
Train loss: 0.6538189649581909, train accuracy: 0.59375
Validating:
Validate loss: 0.6447370052337646, validate accuracy: 0.65, ensemble accuracy: 0.7333333333333333, F1: 0.75.
Epoch 17
Train loss: 0.6372582316398621, train accuracy: 0.6484375
Validating:
Validate loss: 0.6443023681640625, validate accuracy: 0.6619047619047619, ensemble accuracy: 0.8, F1: 0.8.
Epoch 18
Train loss: 0.6095566749572754, train accuracy: 0.6953125
Validating:
Validate loss: 0.6535155177116394, validate accuracy: 0.6523809523809524, ensemble accuracy: 0.8666666666666667, F1: 0.8571428571428571.
Epoch 19
Train loss: 0.6384677290916443, train accuracy: 0.6484375
Validating:
Validate loss: 0.6562835574150085, validate accuracy: 0.6547619047619048, ensemble accuracy: 0.8, F1: 0.8.
Epoch 20
Train loss: 0.6477788090705872, train accuracy: 0.625
Validating:
Validate loss: 0.6490112543106079, validate accuracy: 0.65, ensemble accuracy: 0.8666666666666667, F1: 0.8571428571428571.
Training Finished.
############ Fold 2 Network accuracy: 0.8666666666666667
###################### Fold 3 ######################
Use CUDA
log location: logs
Optimizer configuration:
AdamW (
Parameter Group 0
    amsgrad: False
    betas: (0.9, 0.999)
    capturable: False
    differentiable: False
    eps: 1e-08
    foreach: None
    fused: None
    lr: 0.001
    maximize: False
    weight_decay: 0.01
)
Trainer Initialization Finished.
Epoch 1
Train loss: 0.6865232586860657, train accuracy: 0.5546875
Validating:
Validate loss: 0.7245621085166931, validate accuracy: 0.43333333333333335, ensemble accuracy: 0.4666666666666667, F1: 0.5.
Epoch 2
Train loss: 0.7233017086982727, train accuracy: 0.609375
Validating:
Validate loss: 0.775257408618927, validate accuracy: 0.46190476190476193, ensemble accuracy: 0.6, F1: 0.5714285714285714.
Epoch 3
Train loss: 0.7360365390777588, train accuracy: 0.5546875
Validating:
Validate loss: 0.7928987145423889, validate accuracy: 0.45714285714285713, ensemble accuracy: 0.5333333333333333, F1: 0.46153846153846156.
Epoch 4
Train loss: 0.7347960472106934, train accuracy: 0.5078125
Validating:
Validate loss: 0.7982072234153748, validate accuracy: 0.45476190476190476, ensemble accuracy: 0.5333333333333333, F1: 0.46153846153846156.
Epoch 5
Train loss: 0.6982016563415527, train accuracy: 0.5234375
Validating:
Validate loss: 0.8010830879211426, validate accuracy: 0.45714285714285713, ensemble accuracy: 0.5333333333333333, F1: 0.46153846153846156.
Epoch 6
Train loss: 0.6445654630661011, train accuracy: 0.65625
Validating:
Validate loss: 0.7983927726745605, validate accuracy: 0.44761904761904764, ensemble accuracy: 0.5333333333333333, F1: 0.46153846153846156.
Epoch 7
Train loss: 0.6548828482627869, train accuracy: 0.59375
Validating:
Validate loss: 0.7988722920417786, validate accuracy: 0.4523809523809524, ensemble accuracy: 0.5333333333333333, F1: 0.46153846153846156.
Epoch 8
Train loss: 0.6839311122894287, train accuracy: 0.578125
Validating:
Validate loss: 0.794670581817627, validate accuracy: 0.4523809523809524, ensemble accuracy: 0.5333333333333333, F1: 0.46153846153846156.
Epoch 9
Train loss: 0.6934511661529541, train accuracy: 0.6328125
Validating:
Validate loss: 0.7871671319007874, validate accuracy: 0.45476190476190476, ensemble accuracy: 0.5333333333333333, F1: 0.46153846153846156.
Epoch 10
Train loss: 0.6352655291557312, train accuracy: 0.640625
Validating:
Validate loss: 0.7839784622192383, validate accuracy: 0.46190476190476193, ensemble accuracy: 0.5333333333333333, F1: 0.46153846153846156.
Epoch 11
Train loss: 0.6359483003616333, train accuracy: 0.6640625
Validating:
Validate loss: 0.7810156941413879, validate accuracy: 0.4642857142857143, ensemble accuracy: 0.5333333333333333, F1: 0.46153846153846156.
Epoch 12
Train loss: 0.6142822504043579, train accuracy: 0.6953125
Validating:
Validate loss: 0.7791641354560852, validate accuracy: 0.45714285714285713, ensemble accuracy: 0.5333333333333333, F1: 0.46153846153846156.
Epoch 13
Train loss: 0.6621384620666504, train accuracy: 0.65625
Validating:
Validate loss: 0.7818363308906555, validate accuracy: 0.46190476190476193, ensemble accuracy: 0.5333333333333333, F1: 0.46153846153846156.
Epoch 14
Train loss: 0.678899347782135, train accuracy: 0.6171875
Validating:
Validate loss: 0.7758416533470154, validate accuracy: 0.4595238095238095, ensemble accuracy: 0.4666666666666667, F1: 0.3333333333333333.
Epoch 15
Train loss: 0.6606704592704773, train accuracy: 0.6015625
Validating:
Validate loss: 0.778668224811554, validate accuracy: 0.45476190476190476, ensemble accuracy: 0.4666666666666667, F1: 0.42857142857142855.
Epoch 16
Train loss: 0.6169255375862122, train accuracy: 0.671875
Validating:
Validate loss: 0.7698157429695129, validate accuracy: 0.45476190476190476, ensemble accuracy: 0.4666666666666667, F1: 0.3333333333333333.
Epoch 17
Train loss: 0.6681471467018127, train accuracy: 0.6171875
Validating:
Validate loss: 0.7700965404510498, validate accuracy: 0.44761904761904764, ensemble accuracy: 0.4, F1: 0.3076923076923077.
Epoch 18
Train loss: 0.6625196933746338, train accuracy: 0.6328125
Validating:
Validate loss: 0.7748168110847473, validate accuracy: 0.44761904761904764, ensemble accuracy: 0.4, F1: 0.3076923076923077.
Epoch 19
Train loss: 0.5903839468955994, train accuracy: 0.7421875
Validating:
Validate loss: 0.7743342518806458, validate accuracy: 0.4523809523809524, ensemble accuracy: 0.4666666666666667, F1: 0.3333333333333333.
Epoch 20
Train loss: 0.6513460278511047, train accuracy: 0.6484375
Validating:
Validate loss: 0.7777284979820251, validate accuracy: 0.4595238095238095, ensemble accuracy: 0.4, F1: 0.3076923076923077.
Training Finished.
############ Fold 3 Network accuracy: 0.4
###################### Fold 4 ######################
Use CUDA
log location: logs
Optimizer configuration:
AdamW (
Parameter Group 0
    amsgrad: False
    betas: (0.9, 0.999)
    capturable: False
    differentiable: False
    eps: 1e-08
    foreach: None
    fused: None
    lr: 0.001
    maximize: False
    weight_decay: 0.01
)
Trainer Initialization Finished.
Epoch 1
Train loss: 0.6975129246711731, train accuracy: 0.6328125
Validating:
Validate loss: 0.6805468797683716, validate accuracy: 0.5761904761904761, ensemble accuracy: 0.6, F1: 0.6666666666666666.
Epoch 2
Train loss: 0.6942498087882996, train accuracy: 0.640625
Validating:
Validate loss: 0.7249648571014404, validate accuracy: 0.5761904761904761, ensemble accuracy: 0.6, F1: 0.625.
Epoch 3
Train loss: 0.6411423087120056, train accuracy: 0.6640625
Validating:
Validate loss: 0.7254800796508789, validate accuracy: 0.5785714285714286, ensemble accuracy: 0.6, F1: 0.625.
Epoch 4
Train loss: 0.6458557844161987, train accuracy: 0.671875
Validating:
Validate loss: 0.724177360534668, validate accuracy: 0.5857142857142857, ensemble accuracy: 0.6, F1: 0.625.
Epoch 5
Train loss: 0.578908383846283, train accuracy: 0.75
Validating:
Validate loss: 0.7236728072166443, validate accuracy: 0.5928571428571429, ensemble accuracy: 0.6, F1: 0.625.
Epoch 6
Train loss: 0.6473104357719421, train accuracy: 0.6953125
Validating:
Validate loss: 0.719961404800415, validate accuracy: 0.5976190476190476, ensemble accuracy: 0.6, F1: 0.625.
Epoch 7
Train loss: 0.6641512513160706, train accuracy: 0.5546875
Validating:
Validate loss: 0.7182602286338806, validate accuracy: 0.6, ensemble accuracy: 0.6, F1: 0.625.
Epoch 8
Train loss: 0.640755832195282, train accuracy: 0.640625
Validating:
Validate loss: 0.7172409296035767, validate accuracy: 0.6095238095238096, ensemble accuracy: 0.6, F1: 0.625.
Epoch 9
Train loss: 0.6909356713294983, train accuracy: 0.671875
Validating:
Validate loss: 0.7165507674217224, validate accuracy: 0.6047619047619047, ensemble accuracy: 0.6, F1: 0.625.
Epoch 10
Train loss: 0.6586389541625977, train accuracy: 0.6328125
Validating:
Validate loss: 0.7155762910842896, validate accuracy: 0.6095238095238096, ensemble accuracy: 0.6, F1: 0.625.
Epoch 11
Train loss: 0.6120873093605042, train accuracy: 0.640625
Validating:
Validate loss: 0.7134423851966858, validate accuracy: 0.6023809523809524, ensemble accuracy: 0.6, F1: 0.625.
Epoch 12
Train loss: 0.6678029894828796, train accuracy: 0.609375
Validating:
Validate loss: 0.7135912179946899, validate accuracy: 0.6, ensemble accuracy: 0.6, F1: 0.625.
Epoch 13
Train loss: 0.6278620958328247, train accuracy: 0.671875
Validating:
Validate loss: 0.7125498652458191, validate accuracy: 0.6047619047619047, ensemble accuracy: 0.6, F1: 0.625.
Epoch 14
Train loss: 0.670622706413269, train accuracy: 0.6015625
Validating:
Validate loss: 0.71365886926651, validate accuracy: 0.6, ensemble accuracy: 0.6, F1: 0.625.
Epoch 15
Train loss: 0.6426887512207031, train accuracy: 0.671875
Validating:
Validate loss: 0.7166388034820557, validate accuracy: 0.6023809523809524, ensemble accuracy: 0.6, F1: 0.625.
Epoch 16
Train loss: 0.6160353422164917, train accuracy: 0.6328125
Validating:
Validate loss: 0.7154531478881836, validate accuracy: 0.5976190476190476, ensemble accuracy: 0.6, F1: 0.625.
Epoch 17
Train loss: 0.7086394429206848, train accuracy: 0.609375
Validating:
Validate loss: 0.7134113311767578, validate accuracy: 0.6, ensemble accuracy: 0.6, F1: 0.625.
Epoch 18
Train loss: 0.6359066367149353, train accuracy: 0.65625
Validating:
Validate loss: 0.7133573293685913, validate accuracy: 0.6023809523809524, ensemble accuracy: 0.6, F1: 0.625.
Epoch 19
Train loss: 0.6148167848587036, train accuracy: 0.671875
Validating:
Validate loss: 0.7154080867767334, validate accuracy: 0.6071428571428571, ensemble accuracy: 0.6, F1: 0.625.
Epoch 20
Train loss: 0.6142897605895996, train accuracy: 0.6796875
Validating:
Validate loss: 0.7125638723373413, validate accuracy: 0.6, ensemble accuracy: 0.6, F1: 0.625.
Training Finished.
############ Fold 4 Network accuracy: 0.6
###################### Fold 5 ######################
Use CUDA
log location: logs
Optimizer configuration:
AdamW (
Parameter Group 0
    amsgrad: False
    betas: (0.9, 0.999)
    capturable: False
    differentiable: False
    eps: 1e-08
    foreach: None
    fused: None
    lr: 0.001
    maximize: False
    weight_decay: 0.01
)
Trainer Initialization Finished.
Epoch 1
Train loss: 0.6521172523498535, train accuracy: 0.6796875
Validating:
Validate loss: 0.6302114725112915, validate accuracy: 0.6023809523809524, ensemble accuracy: 0.6, F1: 0.7.
Epoch 2
Train loss: 0.7013021111488342, train accuracy: 0.6171875
Validating:
Validate loss: 0.6284171342849731, validate accuracy: 0.638095238095238, ensemble accuracy: 0.6, F1: 0.625.
Epoch 3
Train loss: 0.6906733512878418, train accuracy: 0.625
Validating:
Validate loss: 0.6284083724021912, validate accuracy: 0.6452380952380953, ensemble accuracy: 0.8, F1: 0.8.
Epoch 4
Train loss: 0.6547672748565674, train accuracy: 0.6328125
Validating:
Validate loss: 0.6324033141136169, validate accuracy: 0.6523809523809524, ensemble accuracy: 0.8, F1: 0.8.
Epoch 5
Train loss: 0.6443853378295898, train accuracy: 0.6796875
Validating:
Validate loss: 0.6322318911552429, validate accuracy: 0.65, ensemble accuracy: 0.8, F1: 0.8.
Epoch 6
Train loss: 0.6972159147262573, train accuracy: 0.6015625
Validating:
Validate loss: 0.6302738785743713, validate accuracy: 0.6571428571428571, ensemble accuracy: 0.8, F1: 0.8.
Epoch 7
Train loss: 0.6660871505737305, train accuracy: 0.625
Validating:
Validate loss: 0.6301459074020386, validate accuracy: 0.6738095238095239, ensemble accuracy: 0.7333333333333333, F1: 0.7142857142857143.
Epoch 8
Train loss: 0.6833367347717285, train accuracy: 0.6171875
Validating:
Validate loss: 0.6278690695762634, validate accuracy: 0.680952380952381, ensemble accuracy: 0.7333333333333333, F1: 0.7142857142857143.
Epoch 9
Train loss: 0.6592391729354858, train accuracy: 0.609375
Validating:
Validate loss: 0.6271339058876038, validate accuracy: 0.6976190476190476, ensemble accuracy: 0.8, F1: 0.8.
Epoch 10
Train loss: 0.6491299271583557, train accuracy: 0.6328125
Validating:
Validate loss: 0.6247878670692444, validate accuracy: 0.7047619047619048, ensemble accuracy: 0.8, F1: 0.8.
Epoch 11
Train loss: 0.6594834923744202, train accuracy: 0.6484375
Validating:
Validate loss: 0.621728777885437, validate accuracy: 0.7095238095238096, ensemble accuracy: 0.8, F1: 0.8.
Epoch 12
Train loss: 0.6532279253005981, train accuracy: 0.625
Validating:
Validate loss: 0.6212659478187561, validate accuracy: 0.7166666666666667, ensemble accuracy: 0.8, F1: 0.8.
Epoch 13
Train loss: 0.6444299221038818, train accuracy: 0.671875
Validating:
Validate loss: 0.620358943939209, validate accuracy: 0.7261904761904762, ensemble accuracy: 0.8, F1: 0.8.
Epoch 14
Train loss: 0.6388139128684998, train accuracy: 0.6640625
Validating:
Validate loss: 0.6206651329994202, validate accuracy: 0.719047619047619, ensemble accuracy: 0.8, F1: 0.8.
Epoch 15
Train loss: 0.6562636494636536, train accuracy: 0.6328125
Validating:
Validate loss: 0.6163985133171082, validate accuracy: 0.7285714285714285, ensemble accuracy: 0.8, F1: 0.8.
Epoch 16
Train loss: 0.646153450012207, train accuracy: 0.609375
Validating:
Validate loss: 0.6152380108833313, validate accuracy: 0.7309523809523809, ensemble accuracy: 0.8, F1: 0.8.
Epoch 17
Train loss: 0.6695758104324341, train accuracy: 0.6015625
Validating:
Validate loss: 0.6150595545768738, validate accuracy: 0.7309523809523809, ensemble accuracy: 0.8, F1: 0.8.
Epoch 18
Train loss: 0.6657505035400391, train accuracy: 0.640625
Validating:
Validate loss: 0.6155778765678406, validate accuracy: 0.7333333333333333, ensemble accuracy: 0.8, F1: 0.8.
Epoch 19
Train loss: 0.6558188796043396, train accuracy: 0.609375
Validating:
Validate loss: 0.6132897734642029, validate accuracy: 0.7333333333333333, ensemble accuracy: 0.7333333333333333, F1: 0.7142857142857143.
Epoch 20
Train loss: 0.6809632778167725, train accuracy: 0.578125
Validating:
Validate loss: 0.6117691397666931, validate accuracy: 0.7333333333333333, ensemble accuracy: 0.7333333333333333, F1: 0.7142857142857143.
Training Finished.
############ Fold 5 Network accuracy: 0.7333333333333333
###################### Fold 6 ######################
Use CUDA
log location: logs
Optimizer configuration:
AdamW (
Parameter Group 0
    amsgrad: False
    betas: (0.9, 0.999)
    capturable: False
    differentiable: False
    eps: 1e-08
    foreach: None
    fused: None
    lr: 0.001
    maximize: False
    weight_decay: 0.01
)
Trainer Initialization Finished.
Epoch 1
Train loss: 0.8012157678604126, train accuracy: 0.4296875
Validating:
Validate loss: 0.7690654993057251, validate accuracy: 0.3904761904761905, ensemble accuracy: 0.3333333333333333, F1: 0.16666666666666666.
Epoch 2
Train loss: 0.7335323691368103, train accuracy: 0.453125
Validating:
Validate loss: 0.808387041091919, validate accuracy: 0.25952380952380955, ensemble accuracy: 0.13333333333333333, F1: 0.13333333333333333.
Epoch 3
Train loss: 0.7435992956161499, train accuracy: 0.4296875
Validating:
Validate loss: 0.8032236099243164, validate accuracy: 0.15476190476190477, ensemble accuracy: 0.13333333333333333, F1: 0.13333333333333333.
Epoch 4
Train loss: 0.6623427271842957, train accuracy: 0.578125
Validating:
Validate loss: 0.7901722192764282, validate accuracy: 0.2642857142857143, ensemble accuracy: 0.2, F1: 0.25.
Epoch 5
Train loss: 0.7124627828598022, train accuracy: 0.4921875
Validating:
Validate loss: 0.7877988815307617, validate accuracy: 0.3142857142857143, ensemble accuracy: 0.3333333333333333, F1: 0.4444444444444444.
Epoch 6
Train loss: 0.669876217842102, train accuracy: 0.6015625
Validating:
Validate loss: 0.7802478075027466, validate accuracy: 0.3404761904761905, ensemble accuracy: 0.3333333333333333, F1: 0.4444444444444444.
Epoch 7
Train loss: 0.6855737566947937, train accuracy: 0.640625
Validating:
Validate loss: 0.7850474715232849, validate accuracy: 0.3380952380952381, ensemble accuracy: 0.3333333333333333, F1: 0.4444444444444444.
Epoch 8
Train loss: 0.6526284217834473, train accuracy: 0.6171875
Validating:
Validate loss: 0.7824704647064209, validate accuracy: 0.3404761904761905, ensemble accuracy: 0.3333333333333333, F1: 0.4444444444444444.
Epoch 9
Train loss: 0.6459450125694275, train accuracy: 0.6796875
Validating:
Validate loss: 0.7882071733474731, validate accuracy: 0.3380952380952381, ensemble accuracy: 0.3333333333333333, F1: 0.4444444444444444.
Epoch 10
Train loss: 0.6423279047012329, train accuracy: 0.65625
Validating:
Validate loss: 0.7893540263175964, validate accuracy: 0.32857142857142857, ensemble accuracy: 0.3333333333333333, F1: 0.4444444444444444.
Epoch 11
Train loss: 0.6890741586685181, train accuracy: 0.671875
Validating:
Validate loss: 0.7904060482978821, validate accuracy: 0.33095238095238094, ensemble accuracy: 0.3333333333333333, F1: 0.4444444444444444.
Epoch 12
Train loss: 0.6744011640548706, train accuracy: 0.640625
Validating:
Validate loss: 0.7839450836181641, validate accuracy: 0.34523809523809523, ensemble accuracy: 0.3333333333333333, F1: 0.4444444444444444.
Epoch 13
Train loss: 0.6777829527854919, train accuracy: 0.6796875
Validating:
Validate loss: 0.7773464322090149, validate accuracy: 0.36428571428571427, ensemble accuracy: 0.3333333333333333, F1: 0.4444444444444444.
Epoch 14
Train loss: 0.6770913004875183, train accuracy: 0.5625
Validating:
Validate loss: 0.773340106010437, validate accuracy: 0.3738095238095238, ensemble accuracy: 0.3333333333333333, F1: 0.4444444444444444.
Epoch 15
Train loss: 0.6368980407714844, train accuracy: 0.6484375
Validating:
Validate loss: 0.7760741710662842, validate accuracy: 0.3880952380952381, ensemble accuracy: 0.3333333333333333, F1: 0.4444444444444444.
Epoch 16
Train loss: 0.6788654327392578, train accuracy: 0.6015625
Validating:
Validate loss: 0.7686964869499207, validate accuracy: 0.3904761904761905, ensemble accuracy: 0.3333333333333333, F1: 0.4444444444444444.
Epoch 17
Train loss: 0.7226244211196899, train accuracy: 0.5625
Validating:
Validate loss: 0.7641885280609131, validate accuracy: 0.3952380952380952, ensemble accuracy: 0.3333333333333333, F1: 0.4444444444444444.
Epoch 18
Train loss: 0.6342678666114807, train accuracy: 0.6171875
Validating:
Validate loss: 0.769111692905426, validate accuracy: 0.4095238095238095, ensemble accuracy: 0.4, F1: 0.47058823529411764.
Epoch 19
Train loss: 0.6575693488121033, train accuracy: 0.5859375
Validating:
Validate loss: 0.7617045044898987, validate accuracy: 0.4261904761904762, ensemble accuracy: 0.4, F1: 0.47058823529411764.
Epoch 20
Train loss: 0.683624267578125, train accuracy: 0.640625
Validating:
Validate loss: 0.7579138875007629, validate accuracy: 0.42857142857142855, ensemble accuracy: 0.4, F1: 0.47058823529411764.
Training Finished.
############ Fold 6 Network accuracy: 0.4
###################### Fold 7 ######################
Use CUDA
log location: logs
Optimizer configuration:
AdamW (
Parameter Group 0
    amsgrad: False
    betas: (0.9, 0.999)
    capturable: False
    differentiable: False
    eps: 1e-08
    foreach: None
    fused: None
    lr: 0.001
    maximize: False
    weight_decay: 0.01
)
Trainer Initialization Finished.
Epoch 1
Train loss: 0.6763949394226074, train accuracy: 0.5859375
Validating:
Validate loss: 0.6642184257507324, validate accuracy: 0.6142857142857143, ensemble accuracy: 0.6, F1: 0.7272727272727273.
Epoch 2
Train loss: 0.6595873832702637, train accuracy: 0.578125
Validating:
Validate loss: 0.6494503021240234, validate accuracy: 0.6595238095238095, ensemble accuracy: 0.6666666666666666, F1: 0.7368421052631579.
Epoch 3
Train loss: 0.710706889629364, train accuracy: 0.59375
Validating:
Validate loss: 0.6456568241119385, validate accuracy: 0.6333333333333333, ensemble accuracy: 0.6666666666666666, F1: 0.7368421052631579.
Epoch 4
Train loss: 0.6640528440475464, train accuracy: 0.609375
Validating:
Validate loss: 0.6455140709877014, validate accuracy: 0.6238095238095238, ensemble accuracy: 0.6, F1: 0.6666666666666666.
Epoch 5
Train loss: 0.6801705956459045, train accuracy: 0.6015625
Validating:
Validate loss: 0.6422285437583923, validate accuracy: 0.6309523809523809, ensemble accuracy: 0.6, F1: 0.6666666666666666.
Epoch 6
Train loss: 0.6702941656112671, train accuracy: 0.6328125
Validating:
Validate loss: 0.6405119895935059, validate accuracy: 0.6357142857142857, ensemble accuracy: 0.6, F1: 0.6666666666666666.
Epoch 7
Train loss: 0.71107417345047, train accuracy: 0.546875
Validating:
Validate loss: 0.6378514766693115, validate accuracy: 0.6261904761904762, ensemble accuracy: 0.6, F1: 0.6666666666666666.
Epoch 8
Train loss: 0.6781469583511353, train accuracy: 0.6171875
Validating:
Validate loss: 0.6351485848426819, validate accuracy: 0.6190476190476191, ensemble accuracy: 0.6, F1: 0.6666666666666666.
Epoch 9
Train loss: 0.6437863111495972, train accuracy: 0.703125
Validating:
Validate loss: 0.6354286670684814, validate accuracy: 0.6071428571428571, ensemble accuracy: 0.6, F1: 0.6666666666666666.
Epoch 10
Train loss: 0.6641095876693726, train accuracy: 0.625
Validating:
Validate loss: 0.635871946811676, validate accuracy: 0.6142857142857143, ensemble accuracy: 0.6666666666666666, F1: 0.7368421052631579.
Epoch 11
Train loss: 0.6516123414039612, train accuracy: 0.6484375
Validating:
Validate loss: 0.6350604891777039, validate accuracy: 0.6261904761904762, ensemble accuracy: 0.6, F1: 0.6666666666666666.
Epoch 12
Train loss: 0.6452268362045288, train accuracy: 0.671875
Validating:
Validate loss: 0.6355488300323486, validate accuracy: 0.6333333333333333, ensemble accuracy: 0.6666666666666666, F1: 0.7368421052631579.
Epoch 13
Train loss: 0.6560304164886475, train accuracy: 0.6484375
Validating:
Validate loss: 0.6381981372833252, validate accuracy: 0.6238095238095238, ensemble accuracy: 0.6666666666666666, F1: 0.7368421052631579.
Epoch 14
Train loss: 0.6596285104751587, train accuracy: 0.625
Validating:
Validate loss: 0.6390023231506348, validate accuracy: 0.6333333333333333, ensemble accuracy: 0.6666666666666666, F1: 0.7368421052631579.
Epoch 15
Train loss: 0.6511455774307251, train accuracy: 0.640625
Validating:
Validate loss: 0.6413672566413879, validate accuracy: 0.6285714285714286, ensemble accuracy: 0.6666666666666666, F1: 0.7368421052631579.
Epoch 16
Train loss: 0.6294530630111694, train accuracy: 0.703125
Validating:
Validate loss: 0.642819344997406, validate accuracy: 0.638095238095238, ensemble accuracy: 0.6666666666666666, F1: 0.7368421052631579.
Epoch 17
Train loss: 0.6250201463699341, train accuracy: 0.6640625
Validating:
Validate loss: 0.6451190710067749, validate accuracy: 0.6285714285714286, ensemble accuracy: 0.6666666666666666, F1: 0.7368421052631579.
Epoch 18
Train loss: 0.6475186944007874, train accuracy: 0.6640625
Validating:
Validate loss: 0.6433588266372681, validate accuracy: 0.6404761904761904, ensemble accuracy: 0.6666666666666666, F1: 0.7368421052631579.
Epoch 19
Train loss: 0.610746443271637, train accuracy: 0.7109375
Validating:
Validate loss: 0.6432312726974487, validate accuracy: 0.6357142857142857, ensemble accuracy: 0.6666666666666666, F1: 0.7368421052631579.
Epoch 20
Train loss: 0.6733351945877075, train accuracy: 0.59375
Validating:
Validate loss: 0.6427058577537537, validate accuracy: 0.6357142857142857, ensemble accuracy: 0.6666666666666666, F1: 0.7368421052631579.
Training Finished.
############ Fold 7 Network accuracy: 0.6666666666666666
###################### Fold 8 ######################
Use CUDA
log location: logs
Optimizer configuration:
AdamW (
Parameter Group 0
    amsgrad: False
    betas: (0.9, 0.999)
    capturable: False
    differentiable: False
    eps: 1e-08
    foreach: None
    fused: None
    lr: 0.001
    maximize: False
    weight_decay: 0.01
)
Trainer Initialization Finished.
Epoch 1
Train loss: 0.682195782661438, train accuracy: 0.6015625
Validating:
Validate loss: 0.6753702163696289, validate accuracy: 0.6738095238095239, ensemble accuracy: 0.6666666666666666, F1: 0.7368421052631579.
Epoch 2
Train loss: 0.6828922629356384, train accuracy: 0.5859375
Validating:
Validate loss: 0.6429137587547302, validate accuracy: 0.6857142857142857, ensemble accuracy: 0.6666666666666666, F1: 0.6666666666666666.
Epoch 3
Train loss: 0.6288984417915344, train accuracy: 0.7109375
Validating:
Validate loss: 0.6409868001937866, validate accuracy: 0.6619047619047619, ensemble accuracy: 0.6666666666666666, F1: 0.6666666666666666.
Epoch 4
Train loss: 0.6854721903800964, train accuracy: 0.5390625
Validating:
Validate loss: 0.6419669389724731, validate accuracy: 0.6642857142857143, ensemble accuracy: 0.6666666666666666, F1: 0.6666666666666666.
Epoch 5
Train loss: 0.6538794040679932, train accuracy: 0.7265625
Validating:
Validate loss: 0.6473160982131958, validate accuracy: 0.6619047619047619, ensemble accuracy: 0.6666666666666666, F1: 0.6666666666666666.
Epoch 6
Train loss: 0.6405401229858398, train accuracy: 0.65625
Validating:
Validate loss: 0.6470397114753723, validate accuracy: 0.6738095238095239, ensemble accuracy: 0.6666666666666666, F1: 0.6666666666666666.
Epoch 7
Train loss: 0.6956824064254761, train accuracy: 0.5859375
Validating:
Validate loss: 0.6519222259521484, validate accuracy: 0.6833333333333333, ensemble accuracy: 0.6666666666666666, F1: 0.6666666666666666.
Epoch 8
Train loss: 0.6487656235694885, train accuracy: 0.5859375
Validating:
Validate loss: 0.6518877148628235, validate accuracy: 0.6857142857142857, ensemble accuracy: 0.6666666666666666, F1: 0.6666666666666666.
Epoch 9
Train loss: 0.6947001814842224, train accuracy: 0.578125
Validating:
Validate loss: 0.6511605381965637, validate accuracy: 0.6833333333333333, ensemble accuracy: 0.6666666666666666, F1: 0.6666666666666666.
Epoch 10
Train loss: 0.6501715183258057, train accuracy: 0.65625
Validating:
Validate loss: 0.650863766670227, validate accuracy: 0.6928571428571428, ensemble accuracy: 0.6666666666666666, F1: 0.6666666666666666.
Epoch 11
Train loss: 0.6544156074523926, train accuracy: 0.609375
Validating:
Validate loss: 0.6502292156219482, validate accuracy: 0.7071428571428572, ensemble accuracy: 0.6666666666666666, F1: 0.6666666666666666.
Epoch 12
Train loss: 0.6782159805297852, train accuracy: 0.65625
Validating:
Validate loss: 0.6545448303222656, validate accuracy: 0.6904761904761905, ensemble accuracy: 0.6666666666666666, F1: 0.6666666666666666.
Epoch 13
Train loss: 0.6400930285453796, train accuracy: 0.703125
Validating:
Validate loss: 0.656904935836792, validate accuracy: 0.6928571428571428, ensemble accuracy: 0.6666666666666666, F1: 0.6666666666666666.
Epoch 14
Train loss: 0.6696580052375793, train accuracy: 0.6171875
Validating:
Validate loss: 0.6570721864700317, validate accuracy: 0.6928571428571428, ensemble accuracy: 0.6666666666666666, F1: 0.6666666666666666.
Epoch 15
Train loss: 0.6532742977142334, train accuracy: 0.65625
Validating:
Validate loss: 0.6582907438278198, validate accuracy: 0.6928571428571428, ensemble accuracy: 0.6666666666666666, F1: 0.6666666666666666.
Epoch 16
Train loss: 0.6397621035575867, train accuracy: 0.6875
Validating:
Validate loss: 0.6598904132843018, validate accuracy: 0.6880952380952381, ensemble accuracy: 0.6666666666666666, F1: 0.6666666666666666.
Epoch 17
Train loss: 0.6381021738052368, train accuracy: 0.6484375
Validating:
Validate loss: 0.6612723469734192, validate accuracy: 0.6976190476190476, ensemble accuracy: 0.6666666666666666, F1: 0.6666666666666666.
Epoch 18
Train loss: 0.6626467704772949, train accuracy: 0.609375
Validating:
Validate loss: 0.6548535823822021, validate accuracy: 0.7071428571428572, ensemble accuracy: 0.6666666666666666, F1: 0.6666666666666666.
Epoch 19
Train loss: 0.6529950499534607, train accuracy: 0.6328125
Validating:
Validate loss: 0.6566613912582397, validate accuracy: 0.7095238095238096, ensemble accuracy: 0.6666666666666666, F1: 0.6666666666666666.
Epoch 20
Train loss: 0.6489683985710144, train accuracy: 0.6171875
Validating:
Validate loss: 0.6554431915283203, validate accuracy: 0.7071428571428572, ensemble accuracy: 0.6666666666666666, F1: 0.6666666666666666.
Training Finished.
############ Fold 8 Network accuracy: 0.6666666666666666
###################### Fold 9 ######################
Use CUDA
log location: logs
Optimizer configuration:
AdamW (
Parameter Group 0
    amsgrad: False
    betas: (0.9, 0.999)
    capturable: False
    differentiable: False
    eps: 1e-08
    foreach: None
    fused: None
    lr: 0.001
    maximize: False
    weight_decay: 0.01
)
Trainer Initialization Finished.
Epoch 1
Train loss: 0.9338380098342896, train accuracy: 0.3515625
Validating:
Validate loss: 0.8226248025894165, validate accuracy: 0.3547619047619048, ensemble accuracy: 0.4, F1: 0.0.
Epoch 2
Train loss: 0.8277798891067505, train accuracy: 0.421875
Validating:
Validate loss: 0.8269649147987366, validate accuracy: 0.30952380952380953, ensemble accuracy: 0.13333333333333333, F1: 0.0.
Epoch 3
Train loss: 0.759383499622345, train accuracy: 0.390625
Validating:
Validate loss: 0.7703954577445984, validate accuracy: 0.3119047619047619, ensemble accuracy: 0.13333333333333333, F1: 0.0.
Epoch 4
Train loss: 0.7294535040855408, train accuracy: 0.3359375
Validating:
Validate loss: 0.7250390648841858, validate accuracy: 0.32857142857142857, ensemble accuracy: 0.2, F1: 0.14285714285714285.
Epoch 5
Train loss: 0.6957831382751465, train accuracy: 0.53125
Validating:
Validate loss: 0.6899940967559814, validate accuracy: 0.5595238095238095, ensemble accuracy: 0.5333333333333333, F1: 0.631578947368421.
Epoch 6
Train loss: 0.6892181038856506, train accuracy: 0.546875
Validating:
Validate loss: 0.6686997413635254, validate accuracy: 0.6595238095238095, ensemble accuracy: 0.7333333333333333, F1: 0.8.
Epoch 7
Train loss: 0.6714363694190979, train accuracy: 0.671875
Validating:
Validate loss: 0.6543111801147461, validate accuracy: 0.6857142857142857, ensemble accuracy: 0.7333333333333333, F1: 0.8.
Epoch 8
Train loss: 0.6847110986709595, train accuracy: 0.5546875
Validating:
Validate loss: 0.6431018710136414, validate accuracy: 0.6904761904761905, ensemble accuracy: 0.6666666666666666, F1: 0.7619047619047619.
Epoch 9
Train loss: 0.6464197039604187, train accuracy: 0.7421875
Validating:
Validate loss: 0.6375028491020203, validate accuracy: 0.6880952380952381, ensemble accuracy: 0.7333333333333333, F1: 0.8.
Epoch 10
Train loss: 0.664290189743042, train accuracy: 0.6171875
Validating:
Validate loss: 0.6318759322166443, validate accuracy: 0.7047619047619048, ensemble accuracy: 0.7333333333333333, F1: 0.8.
Epoch 11
Train loss: 0.6318680047988892, train accuracy: 0.6640625
Validating:
Validate loss: 0.6291883587837219, validate accuracy: 0.7142857142857143, ensemble accuracy: 0.7333333333333333, F1: 0.8.
Epoch 12
Train loss: 0.6835755109786987, train accuracy: 0.6171875
Validating:
Validate loss: 0.6269732713699341, validate accuracy: 0.7119047619047619, ensemble accuracy: 0.7333333333333333, F1: 0.8.
Epoch 13
Train loss: 0.6682111620903015, train accuracy: 0.6171875
Validating:
Validate loss: 0.6267372369766235, validate accuracy: 0.7119047619047619, ensemble accuracy: 0.8, F1: 0.8421052631578947.
Epoch 14
Train loss: 0.6446965336799622, train accuracy: 0.703125
Validating:
Validate loss: 0.6244836449623108, validate accuracy: 0.7119047619047619, ensemble accuracy: 0.8, F1: 0.8421052631578947.
Epoch 15
Train loss: 0.6559175848960876, train accuracy: 0.640625
Validating:
Validate loss: 0.6244415640830994, validate accuracy: 0.7071428571428572, ensemble accuracy: 0.8, F1: 0.8421052631578947.
Epoch 16
Train loss: 0.6490105390548706, train accuracy: 0.6328125
Validating:
Validate loss: 0.6235238313674927, validate accuracy: 0.7, ensemble accuracy: 0.8, F1: 0.8421052631578947.
Epoch 17
Train loss: 0.6642800569534302, train accuracy: 0.6015625
Validating:
Validate loss: 0.6220519542694092, validate accuracy: 0.6976190476190476, ensemble accuracy: 0.8, F1: 0.8421052631578947.
Epoch 18
Train loss: 0.6456657648086548, train accuracy: 0.6875
Validating:
Validate loss: 0.6218218207359314, validate accuracy: 0.7071428571428572, ensemble accuracy: 0.8, F1: 0.8421052631578947.
Epoch 19
Train loss: 0.6587870121002197, train accuracy: 0.6640625
Validating:
Validate loss: 0.6209704875946045, validate accuracy: 0.6976190476190476, ensemble accuracy: 0.8, F1: 0.8421052631578947.
Epoch 20
Train loss: 0.6582306027412415, train accuracy: 0.625
Validating:
Validate loss: 0.6228704452514648, validate accuracy: 0.7, ensemble accuracy: 0.8, F1: 0.8421052631578947.
Training Finished.
############ Fold 9 Network accuracy: 0.8
###################### Fold 10 ######################
Use CUDA
log location: logs
Optimizer configuration:
AdamW (
Parameter Group 0
    amsgrad: False
    betas: (0.9, 0.999)
    capturable: False
    differentiable: False
    eps: 1e-08
    foreach: None
    fused: None
    lr: 0.001
    maximize: False
    weight_decay: 0.01
)
Trainer Initialization Finished.
Epoch 1
Train loss: 0.6900430917739868, train accuracy: 0.5625
Validating:
Validate loss: 0.6817367565557824, validate accuracy: 0.5434782608695652, ensemble accuracy: 0.5652173913043478, F1: 0.5454545454545454.
Epoch 2
Train loss: 0.6566488742828369, train accuracy: 0.609375
Validating:
Validate loss: 0.670212137402955, validate accuracy: 0.6583850931677019, ensemble accuracy: 0.7391304347826086, F1: 0.6666666666666666.
Epoch 3
Train loss: 0.713161826133728, train accuracy: 0.5625
Validating:
Validate loss: 0.674087511456531, validate accuracy: 0.6925465838509317, ensemble accuracy: 0.6956521739130435, F1: 0.5882352941176471.
Epoch 4
Train loss: 0.6727175712585449, train accuracy: 0.5703125
Validating:
Validate loss: 0.6754978573100167, validate accuracy: 0.672360248447205, ensemble accuracy: 0.6956521739130435, F1: 0.5882352941176471.
Epoch 5
Train loss: 0.6208857297897339, train accuracy: 0.7109375
Validating:
Validate loss: 0.6795167911867177, validate accuracy: 0.7003105590062112, ensemble accuracy: 0.7391304347826086, F1: 0.625.
Epoch 6
Train loss: 0.6829665303230286, train accuracy: 0.578125
Validating:
Validate loss: 0.6820747781984554, validate accuracy: 0.7018633540372671, ensemble accuracy: 0.7391304347826086, F1: 0.625.
Epoch 7
Train loss: 0.6608365178108215, train accuracy: 0.6640625
Validating:
Validate loss: 0.6851558307683245, validate accuracy: 0.6847826086956522, ensemble accuracy: 0.7391304347826086, F1: 0.625.
Epoch 8
Train loss: 0.6372926235198975, train accuracy: 0.640625
Validating:
Validate loss: 0.6878427526225215, validate accuracy: 0.6956521739130435, ensemble accuracy: 0.7391304347826086, F1: 0.625.
Epoch 9
Train loss: 0.658892810344696, train accuracy: 0.65625
Validating:
Validate loss: 0.6943512296084291, validate accuracy: 0.6972049689440993, ensemble accuracy: 0.7391304347826086, F1: 0.625.
Epoch 10
Train loss: 0.611727237701416, train accuracy: 0.7734375
Validating:
Validate loss: 0.6939649792931835, validate accuracy: 0.687888198757764, ensemble accuracy: 0.6956521739130435, F1: 0.5882352941176471.
Epoch 11
Train loss: 0.6782761812210083, train accuracy: 0.5625
Validating:
Validate loss: 0.6975633476091467, validate accuracy: 0.6909937888198758, ensemble accuracy: 0.6956521739130435, F1: 0.5882352941176471.
Epoch 12
Train loss: 0.6369191408157349, train accuracy: 0.6171875
Validating:
Validate loss: 0.6957939633671542, validate accuracy: 0.6847826086956522, ensemble accuracy: 0.6956521739130435, F1: 0.5882352941176471.
Epoch 13
Train loss: 0.6890208721160889, train accuracy: 0.5625
Validating:
Validate loss: 0.6968387668917638, validate accuracy: 0.6925465838509317, ensemble accuracy: 0.6956521739130435, F1: 0.5882352941176471.
Epoch 14
Train loss: 0.6677948236465454, train accuracy: 0.609375
Validating:
Validate loss: 0.6981356528975209, validate accuracy: 0.6816770186335404, ensemble accuracy: 0.6956521739130435, F1: 0.5882352941176471.
Epoch 15
Train loss: 0.6472441554069519, train accuracy: 0.59375
Validating:
Validate loss: 0.7053566830498832, validate accuracy: 0.6863354037267081, ensemble accuracy: 0.6956521739130435, F1: 0.5882352941176471.
Epoch 16
Train loss: 0.6382044553756714, train accuracy: 0.6796875
Validating:
Validate loss: 0.7019343998121179, validate accuracy: 0.6801242236024845, ensemble accuracy: 0.6956521739130435, F1: 0.5882352941176471.
Epoch 17
Train loss: 0.6338505148887634, train accuracy: 0.6953125
Validating:
Validate loss: 0.7042139368768064, validate accuracy: 0.6909937888198758, ensemble accuracy: 0.6956521739130435, F1: 0.5882352941176471.
Epoch 18
Train loss: 0.6479175090789795, train accuracy: 0.6640625
Validating:
Validate loss: 0.7044132733196946, validate accuracy: 0.6708074534161491, ensemble accuracy: 0.6956521739130435, F1: 0.5882352941176471.
Epoch 19
Train loss: 0.6572446823120117, train accuracy: 0.6328125
Validating:
Validate loss: 0.7046772097208485, validate accuracy: 0.6677018633540373, ensemble accuracy: 0.6956521739130435, F1: 0.5882352941176471.
Epoch 20
Train loss: 0.6435585618019104, train accuracy: 0.671875
Validating:
Validate loss: 0.7069570440683306, validate accuracy: 0.6661490683229814, ensemble accuracy: 0.6956521739130435, F1: 0.5882352941176471.
Training Finished.
############ Fold 10 Network accuracy: 0.6956521739130435
[0.73333333 0.86666667 0.4        0.6        0.73333333 0.4
 0.66666667 0.66666667 0.8        0.69565217]
Average accuracy: 0.6562318840579711
Full record:
[{'accuracy': 0.7333333333333333, 'precision': 0.6666666666666666, 'recall': 0.8571428571428571, 'f1': 0.75}, {'accuracy': 0.8666666666666667, 'precision': 0.8571428571428571, 'recall': 0.8571428571428571, 'f1': 0.8571428571428571}, {'accuracy': 0.4, 'precision': 0.25, 'recall': 0.4, 'f1': 0.3076923076923077}, {'accuracy': 0.6, 'precision': 0.625, 'recall': 0.625, 'f1': 0.625}, {'accuracy': 0.7333333333333333, 'precision': 0.8333333333333334, 'recall': 0.625, 'f1': 0.7142857142857143}, {'accuracy': 0.4, 'precision': 0.36363636363636365, 'recall': 0.6666666666666666, 'f1': 0.47058823529411764}, {'accuracy': 0.6666666666666666, 'precision': 0.6363636363636364, 'recall': 0.875, 'f1': 0.7368421052631579}, {'accuracy': 0.6666666666666666, 'precision': 0.625, 'recall': 0.7142857142857143, 'f1': 0.6666666666666666}, {'accuracy': 0.8, 'precision': 0.7272727272727273, 'recall': 1.0, 'f1': 0.8421052631578947}, {'accuracy': 0.6956521739130435, 'precision': 0.5555555555555556, 'recall': 0.625, 'f1': 0.5882352941176471}]
Confusion Matrices:
[array([[5, 3],
       [1, 6]]), array([[7, 1],
       [1, 6]]), array([[4, 6],
       [3, 2]]), array([[4, 3],
       [3, 5]]), array([[6, 1],
       [3, 5]]), array([[2, 7],
       [2, 4]]), array([[3, 4],
       [1, 7]]), array([[5, 3],
       [2, 5]]), array([[4, 3],
       [0, 8]]), array([[11,  4],
       [ 3,  5]])]
